2025-05-22 15:57:16,507 [INFO] Activator:176 - 


2025-05-22 15:57:16,515 [INFO] Activator:177 - !SESSION log4j initialized
2025-05-22 15:57:21,494 [INFO] LogOutputStream:77 - [STDOUT_REDIRECT] 
2025-05-22 15:57:24,358 [ERROR] LogOutputStream:75 - [STDERR_REDIRECT] 
2025-05-22 15:57:27,819 [INFO] LogOutputStream:77 - [STDOUT_REDIRECT] 
2025-05-22 15:57:29,161 [INFO] ApplicationProperties:184 - Using Application install path: /Applications/STM32CubeIDE.app/Contents/Eclipse/plugins/com.st.stm32cube.common.mx_6.11.1.202404110753
2025-05-22 15:57:29,175 [INFO] DbMcusXml:78 - Set database path to: /Applications/STM32CubeIDE.app/Contents/Eclipse/plugins/com.st.stm32cube.common.mx_6.11.1.202404110753//db//mcu/
2025-05-22 15:57:29,176 [INFO] ApiDb:274 - Set plugin database path to: /Applications/STM32CubeIDE.app/Contents/Eclipse/plugins/com.st.stm32cube.common.mx_6.11.1.202404110753//db//plugins/boardmanager/
2025-05-22 15:57:29,177 [WARN] ApiDb:259 - Overriding images path with different value:  => /Applications/STM32CubeIDE.app/Contents/Eclipse/plugins/com.st.stm32cube.common.mx_6.11.1.202404110753//db//plugins/mcufinder/images/
2025-05-22 15:57:29,189 [INFO] ApiDb:250 - Set database path to: /Users/seungjunyoon/.stmcufinder/plugins/mcufinder//mcu/
2025-05-22 15:57:29,191 [INFO] DbMcusAds:125 - Set database path to: /Users/seungjunyoon/.stmcufinder/plugins/mcufinder//mcu/
2025-05-22 15:57:29,194 [INFO] CrossReferenceDbSqlite:203 - Set database path to: /Users/seungjunyoon/.stmcufinder/plugins/mcufinder//mcu/cs/
2025-05-22 15:57:29,483 [INFO] RulesReader:64 - Compatibility file has been processed (297 Rules)
2025-05-22 15:57:29,635 [INFO] DbMcusXml:78 - Set database path to: /Applications/STM32CubeIDE.app/Contents/Eclipse/plugins/com.st.stm32cube.common.mx_6.11.1.202404110753//db//mcu/
2025-05-22 15:57:29,636 [INFO] ApiDb:274 - Set plugin database path to: /Applications/STM32CubeIDE.app/Contents/Eclipse/plugins/com.st.stm32cube.common.mx_6.11.1.202404110753//db//plugins/boardmanager/
2025-05-22 15:57:29,637 [INFO] ApiDb:261 - Set plugin images path to: /Applications/STM32CubeIDE.app/Contents/Eclipse/plugins/com.st.stm32cube.common.mx_6.11.1.202404110753//db//plugins/mcufinder/images/
2025-05-22 15:57:29,637 [WARN] DbFile:41 - Overriding database path with different value: /Users/seungjunyoon/.stmcufinder/plugins/mcufinder/ => /Users/seungjunyoon/.stmcufinder/plugins/mcufinder
2025-05-22 15:57:29,637 [INFO] ApiDb:250 - Set database path to: /Users/seungjunyoon/.stmcufinder/plugins/mcufinder//mcu/
2025-05-22 15:57:29,637 [WARN] DbFile:41 - Overriding database path with different value: /Users/seungjunyoon/.stmcufinder/plugins/mcufinder/ => /Users/seungjunyoon/.stmcufinder/plugins/mcufinder
2025-05-22 15:57:29,637 [INFO] DbMcusAds:125 - Set database path to: /Users/seungjunyoon/.stmcufinder/plugins/mcufinder//mcu/
2025-05-22 15:57:29,637 [WARN] DbFile:41 - Overriding database path with different value: /Users/seungjunyoon/.stmcufinder/plugins/mcufinder/ => /Users/seungjunyoon/.stmcufinder/plugins/mcufinder
2025-05-22 15:57:29,637 [WARN] DbFile:41 - Overriding database path with different value: /Users/seungjunyoon/.stmcufinder/plugins/mcufinder/ => /Users/seungjunyoon/.stmcufinder/plugins/mcufinder
2025-05-22 15:57:29,638 [INFO] CrossReferenceDbSqlite:203 - Set database path to: /Users/seungjunyoon/.stmcufinder/plugins/mcufinder//mcu/cs/
2025-05-22 15:57:29,745 [INFO] MainPanel:264 - HeapMemory: 281018368
2025-05-22 15:57:29,872 [ERROR] LogOutputStream:75 - [STDERR_REDIRECT] [Fatal Error] :2:10: DOCTYPE is disallowed when the feature "http://apache.org/xml/features/disallow-doctype-decl" set to true.
2025-05-22 15:57:29,890 [ERROR] LogOutputStream:75 - [STDERR_REDIRECT] 
2025-05-22 15:57:29,961 [INFO] DbMcusXml:78 - Set database path to: /Applications/STM32CubeIDE.app/Contents/Eclipse/plugins/com.st.stm32cube.common.mx_6.11.1.202404110753//db//mcu/
2025-05-22 15:57:29,961 [INFO] ApiDb:274 - Set plugin database path to: /Applications/STM32CubeIDE.app/Contents/Eclipse/plugins/com.st.stm32cube.common.mx_6.11.1.202404110753//db//plugins/boardmanager/
2025-05-22 15:57:29,961 [INFO] ApiDb:261 - Set plugin images path to: /Applications/STM32CubeIDE.app/Contents/Eclipse/plugins/com.st.stm32cube.common.mx_6.11.1.202404110753//db//plugins/mcufinder/images/
2025-05-22 15:57:29,962 [WARN] DbFile:41 - Overriding database path with different value: /Users/seungjunyoon/.stmcufinder/plugins/mcufinder/ => /Users/seungjunyoon/.stmcufinder/plugins/mcufinder
2025-05-22 15:57:29,962 [INFO] ApiDb:250 - Set database path to: /Users/seungjunyoon/.stmcufinder/plugins/mcufinder//mcu/
2025-05-22 15:57:29,962 [WARN] DbFile:41 - Overriding database path with different value: /Users/seungjunyoon/.stmcufinder/plugins/mcufinder/ => /Users/seungjunyoon/.stmcufinder/plugins/mcufinder
2025-05-22 15:57:29,962 [INFO] DbMcusAds:125 - Set database path to: /Users/seungjunyoon/.stmcufinder/plugins/mcufinder//mcu/
2025-05-22 15:57:29,962 [WARN] DbFile:41 - Overriding database path with different value: /Users/seungjunyoon/.stmcufinder/plugins/mcufinder/ => /Users/seungjunyoon/.stmcufinder/plugins/mcufinder
2025-05-22 15:57:29,962 [WARN] DbFile:41 - Overriding database path with different value: /Users/seungjunyoon/.stmcufinder/plugins/mcufinder/ => /Users/seungjunyoon/.stmcufinder/plugins/mcufinder
2025-05-22 15:57:29,962 [INFO] CrossReferenceDbSqlite:203 - Set database path to: /Users/seungjunyoon/.stmcufinder/plugins/mcufinder//mcu/cs/
2025-05-22 15:57:29,986 [INFO] ApplicationProperties:184 - Using Application install path: /Applications/STM32CubeIDE.app/Contents/Eclipse/plugins/com.st.stm32cube.common.mx_6.11.1.202404110753
2025-05-22 15:57:29,988 [INFO] PluginManage:196 - Search for loadable plugins [exclusion list=, ]
2025-05-22 15:57:29,990 [INFO] PluginManage:310 - Check plugin analytics
2025-05-22 15:57:30,257 [INFO] AnalyticsPlugin:253 - Accepted Software Licenses: 
2025-05-22 15:57:30,257 [INFO] AnalyticsPlugin:255 - Accepted CMSIS Pack Licenses: 
2025-05-22 15:57:30,257 [INFO] AnalyticsPlugin:257 - Accepted Firmware Licenses: 
2025-05-22 15:57:30,272 [INFO] PluginManage:359 - Loaded plugin analytics (category:tool,tabindex:-1)
2025-05-22 15:57:30,273 [INFO] PluginManage:310 - Check plugin cadmodel
2025-05-22 15:57:30,861 [INFO] CADModel:105 - Init CAD model plugin
2025-05-22 15:57:30,862 [INFO] PluginManage:359 - Loaded plugin cadmodel (category:power,tabindex:5)
2025-05-22 15:57:30,864 [INFO] PluginManage:310 - Check plugin clock
2025-05-22 15:57:30,884 [INFO] PluginManage:359 - Loaded plugin clock (category:base,tabindex:2)
2025-05-22 15:57:30,884 [INFO] PluginManage:310 - Check plugin ddr
2025-05-22 15:57:30,887 [INFO] PluginManage:359 - Loaded plugin ddr (category:tool,tabindex:6)
2025-05-22 15:57:30,887 [INFO] PluginManage:310 - Check plugin filemanager
2025-05-22 15:57:31,089 [INFO] PluginManage:359 - Loaded plugin filemanager (category:base,tabindex:10)
2025-05-22 15:57:31,090 [INFO] PluginManage:310 - Check plugin ipmanager
2025-05-22 15:57:31,097 [INFO] PluginManage:359 - Loaded plugin ipmanager (category:base,tabindex:5)
2025-05-22 15:57:31,098 [INFO] PluginManage:310 - Check plugin lpbam
2025-05-22 15:57:31,110 [INFO] PluginManage:359 - Loaded plugin lpbam (category:base,tabindex:0)
2025-05-22 15:57:31,111 [INFO] PluginManage:310 - Check plugin memorymap
2025-05-22 15:57:31,121 [INFO] PluginManage:359 - Loaded plugin memorymap (category:base,tabindex:4)
2025-05-22 15:57:31,121 [INFO] PluginManage:310 - Check plugin pinoutandconfiguration
2025-05-22 15:57:31,127 [INFO] PluginManage:359 - Loaded plugin pinoutandconfiguration (category:base,tabindex:1)
2025-05-22 15:57:31,127 [INFO] PluginManage:310 - Check plugin pinoutconfig
2025-05-22 15:57:31,227 [WARN] SupportedApi:132 - Cannot load RTOS API schema: s4s-elt-must-match.1: The content of 'definitions' must match (annotation?, (simpleType | complexType)?, (unique | key | keyref)*)). A problem was found starting at: attribute.
2025-05-22 15:57:31,398 [INFO] PluginManage:359 - Loaded plugin pinoutconfig (category:base,tabindex:0)
2025-05-22 15:57:31,399 [INFO] PluginManage:310 - Check plugin power
2025-05-22 15:57:31,416 [INFO] PluginManage:359 - Loaded plugin power (category:power,tabindex:4)
2025-05-22 15:57:31,416 [INFO] PluginManage:310 - Check plugin projectmanager
2025-05-22 15:57:31,459 [INFO] PluginManage:359 - Loaded plugin projectmanager (category:projectmanager,tabindex:3)
2025-05-22 15:57:31,459 [INFO] PluginManage:310 - Check plugin thirdparty
2025-05-22 15:57:31,654 [INFO] PluginManage:359 - Loaded plugin thirdparty (category:base,tabindex:-1)
2025-05-22 15:57:31,654 [WARN] IntegrityCheckThread:84 - waiting for thirdparty lock release [integrity check]
2025-05-22 15:57:31,655 [INFO] IntegrityCheckThread:86 - entering critical section [integrity check]
2025-05-22 15:57:31,655 [INFO] PluginManage:310 - Check plugin tools
2025-05-22 15:57:31,656 [INFO] ThirdPartyUpdaterWithRetryManager:70 - Updater plugin not ready yet. [1/15]
2025-05-22 15:57:31,658 [INFO] PluginManage:359 - Loaded plugin tools (category:base,tabindex:7)
2025-05-22 15:57:31,658 [INFO] PluginManage:310 - Check plugin tutovideos
2025-05-22 15:57:31,836 [INFO] PluginManage:359 - Loaded plugin tutovideos (category:base,tabindex:-1)
2025-05-22 15:57:31,837 [INFO] PluginManage:310 - Check plugin updater
2025-05-22 15:57:31,851 [INFO] PluginManage:359 - Loaded plugin updater (category:base,tabindex:12)
2025-05-22 15:57:31,851 [INFO] PluginManage:310 - Check plugin userauth
2025-05-22 15:57:31,857 [INFO] UserAuth:114 - Init User Auth plugin
2025-05-22 15:57:31,857 [INFO] PluginManage:359 - Loaded plugin userauth (category:base,tabindex:14)
2025-05-22 15:57:31,858 [INFO] PluginManage:283 - PluginManage : Loaded plugins [17]
2025-05-22 15:57:32,170 [INFO] PinOutPanel:1561 - setPackage(No Configuration,No Configuration)
2025-05-22 15:57:32,241 [INFO] CADModel:165 - CPN selected for project level
2025-05-22 15:57:32,241 [INFO] CADModel:114 - Register for checkConnection events
2025-05-22 15:57:32,252 [INFO] IPUIPlugin:80 - create IPUIPlugin
2025-05-22 15:57:32,252 [INFO] PluginManager:220 - loadIPPluginJar : add mdma
2025-05-22 15:57:32,258 [INFO] IPUIPlugin:80 - create IPUIPlugin
2025-05-22 15:57:32,258 [INFO] PluginManager:220 - loadIPPluginJar : add freertos
2025-05-22 15:57:32,261 [INFO] IPUIPlugin:80 - create IPUIPlugin
2025-05-22 15:57:32,261 [INFO] PluginManager:220 - loadIPPluginJar : add gic
2025-05-22 15:57:32,268 [INFO] IPUIPlugin:80 - create IPUIPlugin
2025-05-22 15:57:32,269 [INFO] PluginManager:220 - loadIPPluginJar : add adc
2025-05-22 15:57:32,271 [INFO] IPUIPlugin:80 - create IPUIPlugin
2025-05-22 15:57:32,271 [INFO] PluginManager:220 - loadIPPluginJar : add gtzc
2025-05-22 15:57:32,272 [INFO] IPUIPlugin:80 - create IPUIPlugin
2025-05-22 15:57:32,272 [INFO] PluginManager:220 - loadIPPluginJar : add quadspi
2025-05-22 15:57:32,274 [INFO] IPUIPlugin:80 - create IPUIPlugin
2025-05-22 15:57:32,274 [INFO] PluginManager:220 - loadIPPluginJar : add aes
2025-05-22 15:57:32,276 [INFO] IPUIPlugin:80 - create IPUIPlugin
2025-05-22 15:57:32,276 [INFO] PluginManager:220 - loadIPPluginJar : add pdm2pcm
2025-05-22 15:57:32,277 [INFO] IPUIPlugin:80 - create IPUIPlugin
2025-05-22 15:57:32,277 [INFO] PluginManager:220 - loadIPPluginJar : add hash
2025-05-22 15:57:32,279 [INFO] IPUIPlugin:80 - create IPUIPlugin
2025-05-22 15:57:32,279 [INFO] PluginManager:220 - loadIPPluginJar : add tim
2025-05-22 15:57:32,280 [INFO] IPUIPlugin:80 - create IPUIPlugin
2025-05-22 15:57:32,280 [INFO] PluginManager:220 - loadIPPluginJar : add tsc
2025-05-22 15:57:32,283 [INFO] IPUIPlugin:80 - create IPUIPlugin
2025-05-22 15:57:32,283 [INFO] PluginManager:220 - loadIPPluginJar : add extmemmanager
2025-05-22 15:57:32,286 [INFO] IPUIPlugin:80 - create IPUIPlugin
2025-05-22 15:57:32,286 [INFO] PluginManager:220 - loadIPPluginJar : add ts
2025-05-22 15:57:32,288 [INFO] IPUIPlugin:80 - create IPUIPlugin
2025-05-22 15:57:32,288 [INFO] PluginManager:220 - loadIPPluginJar : add can
2025-05-22 15:57:32,290 [INFO] IPUIPlugin:80 - create IPUIPlugin
2025-05-22 15:57:32,290 [INFO] PluginManager:220 - loadIPPluginJar : add dma3
2025-05-22 15:57:32,292 [INFO] IPUIPlugin:80 - create IPUIPlugin
2025-05-22 15:57:32,292 [INFO] PluginManager:220 - loadIPPluginJar : add dfsdm
2025-05-22 15:57:32,295 [INFO] IPUIPlugin:80 - create IPUIPlugin
2025-05-22 15:57:32,295 [INFO] PluginManager:220 - loadIPPluginJar : add spi
2025-05-22 15:57:32,296 [INFO] IPUIPlugin:80 - create IPUIPlugin
2025-05-22 15:57:32,296 [INFO] PluginManager:220 - loadIPPluginJar : add gfxmmu
2025-05-22 15:57:32,297 [INFO] IPUIPlugin:80 - create IPUIPlugin
2025-05-22 15:57:32,298 [INFO] PluginManager:220 - loadIPPluginJar : add genericplugin
2025-05-22 15:57:32,299 [INFO] IPUIPlugin:80 - create IPUIPlugin
2025-05-22 15:57:32,299 [INFO] PluginManager:220 - loadIPPluginJar : add cryp
2025-05-22 15:57:32,303 [INFO] IPUIPlugin:80 - create IPUIPlugin
2025-05-22 15:57:32,303 [INFO] PluginManager:220 - loadIPPluginJar : add gpio
2025-05-22 15:57:32,304 [INFO] IPUIPlugin:80 - create IPUIPlugin
2025-05-22 15:57:32,305 [INFO] PluginManager:220 - loadIPPluginJar : add comp
2025-05-22 15:57:32,306 [INFO] IPUIPlugin:80 - create IPUIPlugin
2025-05-22 15:57:32,306 [INFO] PluginManager:220 - loadIPPluginJar : add tracer_emb
2025-05-22 15:57:32,308 [INFO] IPUIPlugin:80 - create IPUIPlugin
2025-05-22 15:57:32,308 [INFO] PluginManager:220 - loadIPPluginJar : add openamp
2025-05-22 15:57:32,314 [INFO] IPUIPlugin:80 - create IPUIPlugin
2025-05-22 15:57:32,314 [INFO] PluginManager:220 - loadIPPluginJar : add stm32_wpan
2025-05-22 15:57:32,319 [INFO] IPUIPlugin:80 - create IPUIPlugin
2025-05-22 15:57:32,322 [INFO] PluginManager:220 - loadIPPluginJar : add plateformsettings
2025-05-22 15:57:32,324 [INFO] IPUIPlugin:80 - create IPUIPlugin
2025-05-22 15:57:32,325 [INFO] PluginManager:220 - loadIPPluginJar : add ipddr
2025-05-22 15:57:32,326 [INFO] IPUIPlugin:80 - create IPUIPlugin
2025-05-22 15:57:32,326 [INFO] PluginManager:220 - loadIPPluginJar : add usart
2025-05-22 15:57:32,327 [INFO] IPUIPlugin:80 - create IPUIPlugin
2025-05-22 15:57:32,328 [INFO] PluginManager:220 - loadIPPluginJar : add ltdc
2025-05-22 15:57:32,330 [INFO] IPUIPlugin:80 - create IPUIPlugin
2025-05-22 15:57:32,331 [INFO] PluginManager:220 - loadIPPluginJar : add nvic
2025-05-22 15:57:32,332 [INFO] IPUIPlugin:80 - create IPUIPlugin
2025-05-22 15:57:32,332 [INFO] PluginManager:220 - loadIPPluginJar : add fatfs
2025-05-22 15:57:32,338 [INFO] IPUIPlugin:80 - create IPUIPlugin
2025-05-22 15:57:32,339 [INFO] PluginManager:220 - loadIPPluginJar : add linkedlist
2025-05-22 15:57:32,343 [INFO] IPUIPlugin:80 - create IPUIPlugin
2025-05-22 15:57:32,343 [INFO] PluginManager:220 - loadIPPluginJar : add dma
2025-05-22 15:57:32,345 [INFO] IPUIPlugin:80 - create IPUIPlugin
2025-05-22 15:57:32,346 [INFO] PluginManager:220 - loadIPPluginJar : add fmc
2025-05-22 15:57:32,347 [INFO] IPUIPlugin:80 - create IPUIPlugin
2025-05-22 15:57:32,347 [INFO] PluginManager:220 - loadIPPluginJar : add i2s
2025-05-22 15:57:32,348 [INFO] IPUIPlugin:80 - create IPUIPlugin
2025-05-22 15:57:32,348 [INFO] PluginManager:220 - loadIPPluginJar : add ucpd
2025-05-22 15:57:32,350 [INFO] IPUIPlugin:80 - create IPUIPlugin
2025-05-22 15:57:32,350 [INFO] PluginManager:220 - loadIPPluginJar : add lorawan
2025-05-22 15:57:32,351 [INFO] IPUIPlugin:80 - create IPUIPlugin
2025-05-22 15:57:32,351 [INFO] PluginManager:220 - loadIPPluginJar : add opamp
2025-05-22 15:57:32,353 [INFO] IPUIPlugin:80 - create IPUIPlugin
2025-05-22 15:57:32,353 [INFO] PluginManager:220 - loadIPPluginJar : add i3c
2025-05-22 15:57:32,355 [INFO] IPUIPlugin:80 - create IPUIPlugin
2025-05-22 15:57:32,356 [INFO] PluginManager:220 - loadIPPluginJar : add touchsensing
2025-05-22 15:57:32,358 [INFO] IPUIPlugin:80 - create IPUIPlugin
2025-05-22 15:57:32,358 [INFO] PluginManager:220 - loadIPPluginJar : add i2c
2025-05-22 15:57:32,360 [INFO] IPUIPlugin:80 - create IPUIPlugin
2025-05-22 15:57:32,360 [INFO] PluginManager:220 - loadIPPluginJar : add resmgrutility
2025-05-22 15:57:32,361 [INFO] IPUIPlugin:80 - create IPUIPlugin
2025-05-22 15:57:32,361 [INFO] PluginManager:220 - loadIPPluginJar : add sai
2025-05-22 15:57:32,364 [INFO] IPUIPlugin:80 - create IPUIPlugin
2025-05-22 15:57:32,366 [INFO] PluginManager:220 - loadIPPluginJar : add usbx
2025-05-22 15:57:32,502 [INFO] CADModel:165 - CPN selected for project level
2025-05-22 15:57:32,502 [INFO] CADModel:114 - Register for checkConnection events
2025-05-22 15:57:32,502 [FATAL] Updater:308 - Updater called before beeing initialized
2025-05-22 15:57:32,502 [ERROR] CADModel:125 - Updater not yet initialized, retry later 
2025-05-22 15:57:32,800 [INFO] CADModel:165 - CPN selected for project level
2025-05-22 15:57:32,801 [INFO] CADModel:114 - Register for checkConnection events
2025-05-22 15:57:32,801 [FATAL] Updater:308 - Updater called before beeing initialized
2025-05-22 15:57:32,801 [ERROR] CADModel:125 - Updater not yet initialized, retry later 
2025-05-22 15:57:32,804 [FATAL] Updater:308 - Updater called before beeing initialized
2025-05-22 15:57:33,095 [FATAL] Updater:308 - Updater called before beeing initialized
2025-05-22 15:57:33,106 [INFO] DbMcusAds:53 - JSON generation date=Wed May 07 18:07:55 KST 2025 (1746608875679)
2025-05-22 15:57:33,106 [FATAL] Updater:308 - Updater called before beeing initialized
2025-05-22 15:57:33,899 [WARN] DetailPanel:346 - Failed to get advertising image, set to default
2025-05-22 15:57:33,997 [FATAL] Updater:308 - Updater called before beeing initialized
2025-05-22 15:57:33,999 [FATAL] Updater:308 - Updater called before beeing initialized
2025-05-22 15:57:33,999 [FATAL] Updater:308 - Updater called before beeing initialized
2025-05-22 15:57:33,999 [WARN] DetailPanel:346 - Failed to get advertising image, set to default
2025-05-22 15:57:34,000 [FATAL] Updater:308 - Updater called before beeing initialized
2025-05-22 15:57:34,103 [ERROR] Updater:1120 - MainUpdater not yet initialized. External WinMGr cannot be set.
2025-05-22 15:57:34,115 [INFO] Updater:1056 - Updater Version found : 6.11.1
2025-05-22 15:57:34,137 [INFO] ApplicationProperties:184 - Using Application install path: /Applications/STM32CubeIDE.app/Contents/Eclipse/plugins/com.st.stm32cube.common.mx_6.11.1.202404110753
2025-05-22 15:57:34,663 [INFO] ThirdPartyUpdaterWithRetryManager:70 - Updater plugin not ready yet. [2/15]
2025-05-22 15:57:34,784 [INFO] MainUpdater:2873 - connection check result : 10
2025-05-22 15:57:34,786 [INFO] MainUpdater:290 - Updater Check For Update Now.
2025-05-22 15:57:34,786 [INFO] MicroXplorer:498 - Change Database Version : DB.6.0.111
2025-05-22 15:57:34,797 [INFO] McuFinderGlobals:63 - Set McuFinder mode to 2 (CubeIDE integrated)
2025-05-22 15:57:34,905 [INFO] UserAuth:415 - Internet connection configuration mode: 1
2025-05-22 15:57:34,927 [INFO] JxBrowserEngine:152 - Initiate JxBrowser Engine with user profile folder
2025-05-22 15:57:35,264 [INFO] CheckServerUpdateThread:120 - End of CheckServer Thread
2025-05-22 15:57:37,968 [WARN] PackLoader:240 - Cannot read IP mode file for STMicroelectronics.FP-SNS-MOTENVWB1.1.4.0
2025-05-22 15:57:38,006 [WARN] PackLoader:240 - Cannot read IP mode file for STMicroelectronics.FP-ATR-ASTRA1.2.0.2
2025-05-22 15:57:38,041 [WARN] PackLoader:240 - Cannot read IP mode file for STMicroelectronics.X-CUBE-SMBUS.2.1.0
2025-05-22 15:57:38,119 [WARN] PackLoader:240 - Cannot read IP mode file for STMicroelectronics.X-CUBE-AZRTOS-F7.1.1.0
2025-05-22 15:57:38,195 [WARN] PackLoader:240 - Cannot read IP mode file for Infineon.AIROC-Wi-Fi-Bluetooth-STM32.1.7.0
2025-05-22 15:57:38,274 [WARN] PackLoader:240 - Cannot read IP mode file for STMicroelectronics.X-CUBE-DISPLAY.3.0.0
2025-05-22 15:57:38,314 [WARN] PackLoader:240 - Cannot read IP mode file for STMicroelectronics.X-CUBE-NFC10.1.0.0
2025-05-22 15:57:38,388 [WARN] PackLoader:240 - Cannot read IP mode file for STMicroelectronics.X-CUBE-BLEMGR.4.0.0
2025-05-22 15:57:38,419 [WARN] PackLoader:240 - Cannot read IP mode file for emotas.I-CUBE-CANOPEN.1.3.0
2025-05-22 15:57:38,435 [WARN] ConditionMgr:438 - getConditionDescription Invalid condition id : Cortex-A Device cause : null
2025-05-22 15:57:38,458 [WARN] ConditionMgr:1039 - genDependencies : Invalid condition id : Cortex-A Device cause : null
2025-05-22 15:57:38,458 [WARN] ConditionMgr:1039 - genDependencies : Invalid condition id : Cortex-A Device cause : null
2025-05-22 15:57:38,459 [WARN] ConditionMgr:1039 - genDependencies : Invalid condition id : Cortex-A Device cause : null
2025-05-22 15:57:38,472 [WARN] PackLoader:240 - Cannot read IP mode file for STMicroelectronics.X-CUBE-AI.10.0.0
2025-05-22 15:57:38,485 [WARN] PackLoader:240 - Cannot read IP mode file for STMicroelectronics.FP-SNS-SMARTAG2.1.2.0
2025-05-22 15:57:38,493 [ERROR] Engine:466 - /Users/seungjunyoon/.stm32cubemx/thirdparties/pdsc/STMicroelectronics.FP-SNS-FLIGHT1.5.1.0.pdsc: PDSC version is not supported
2025-05-22 15:57:38,529 [INFO] LogOutputStream:77 - [STDOUT_REDIRECT] 1 : Invalid condition id : UX_CORESTACK_Condition cause : null
2025-05-22 15:57:38,532 [INFO] LogOutputStream:77 - [STDOUT_REDIRECT] 1 : Invalid condition id : UX_CORESTACK_Condition cause : null
2025-05-22 15:57:38,533 [INFO] LogOutputStream:77 - [STDOUT_REDIRECT] 1 : Invalid condition id : UX_CORESTACK_Condition cause : null
2025-05-22 15:57:38,534 [INFO] LogOutputStream:77 - [STDOUT_REDIRECT] 1 : Invalid condition id : UX_CORESTACK_Condition cause : null
2025-05-22 15:57:38,534 [INFO] LogOutputStream:77 - [STDOUT_REDIRECT] 1 : Invalid condition id : UX_CORESTACK_Condition cause : null
2025-05-22 15:57:38,554 [WARN] PackLoader:240 - Cannot read IP mode file for STMicroelectronics.X-CUBE-AZRTOS-WL.2.0.0
2025-05-22 15:57:38,581 [WARN] PackLoader:240 - Cannot read IP mode file for STMicroelectronics.FP-SNS-MOTENV1.5.0.0
2025-05-22 15:57:38,615 [WARN] PackLoader:240 - Cannot read IP mode file for WES.I-CUBE-Cesium.1.3.0
2025-05-22 15:57:38,634 [WARN] PackLoader:240 - Cannot read IP mode file for STMicroelectronics.X-CUBE-BLE2.3.3.0
2025-05-22 15:57:38,651 [WARN] PackLoader:240 - Cannot read IP mode file for STMicroelectronics.X-CUBE-NFC9.1.0.0
2025-05-22 15:57:38,665 [WARN] PackLoader:240 - Cannot read IP mode file for STMicroelectronics.X-CUBE-BLE1.7.1.0
2025-05-22 15:57:38,670 [WARN] PackLoader:240 - Cannot read IP mode file for wolfSSL.I-CUBE-wolfMQTT.1.19.2
2025-05-22 15:57:38,864 [WARN] PackLoader:240 - Cannot read IP mode file for STMicroelectronics.X-CUBE-MEMS1.11.2.0
2025-05-22 15:57:39,093 [WARN] PackLoader:240 - Cannot read IP mode file for STMicroelectronics.X-CUBE-AZRTOS-G0.1.1.0
2025-05-22 15:57:39,127 [WARN] PackLoader:240 - Cannot read IP mode file for STMicroelectronics.X-CUBE-SAFEA1.1.2.2
2025-05-22 15:57:39,148 [WARN] PackLoader:240 - Cannot read IP mode file for STMicroelectronics.X-CUBE-NFC4.3.0.0
2025-05-22 15:57:39,171 [WARN] PackLoader:240 - Cannot read IP mode file for EmbeddedOffice.I-CUBE-FS-RTOS.1.0.1
2025-05-22 15:57:39,171 [ERROR] ConditionMgr:805 - Attr not supported : Dmpu
2025-05-22 15:57:39,172 [ERROR] ConditionMgr:805 - Attr not supported : Dmpu
2025-05-22 15:57:39,172 [ERROR] ConditionMgr:805 - Attr not supported : Dmpu
2025-05-22 15:57:39,172 [ERROR] ConditionMgr:805 - Attr not supported : Dmpu
2025-05-22 15:57:39,172 [ERROR] ConditionMgr:805 - Attr not supported : Dmpu
2025-05-22 15:57:39,172 [ERROR] ConditionMgr:805 - Attr not supported : Dmpu
2025-05-22 15:57:39,172 [ERROR] ConditionMgr:805 - Attr not supported : Dmpu
2025-05-22 15:57:39,172 [ERROR] ConditionMgr:805 - Attr not supported : Dmpu
2025-05-22 15:57:39,172 [ERROR] ConditionMgr:805 - Attr not supported : Dmpu
2025-05-22 15:57:39,172 [ERROR] ConditionMgr:805 - Attr not supported : Dmpu
2025-05-22 15:57:39,172 [ERROR] ConditionMgr:805 - Attr not supported : Dmpu
2025-05-22 15:57:39,172 [ERROR] ConditionMgr:805 - Attr not supported : Dmpu
2025-05-22 15:57:39,173 [ERROR] ConditionMgr:805 - Attr not supported : Dmpu
2025-05-22 15:57:39,173 [ERROR] ConditionMgr:805 - Attr not supported : Dmpu
2025-05-22 15:57:39,173 [ERROR] ConditionMgr:805 - Attr not supported : Dmpu
2025-05-22 15:57:39,173 [ERROR] ConditionMgr:805 - Attr not supported : Dmpu
2025-05-22 15:57:39,173 [ERROR] ConditionMgr:805 - Attr not supported : Dmpu
2025-05-22 15:57:39,173 [ERROR] ConditionMgr:805 - Attr not supported : Dmpu
2025-05-22 15:57:39,173 [ERROR] ConditionMgr:805 - Attr not supported : Dmpu
2025-05-22 15:57:39,173 [ERROR] ConditionMgr:805 - Attr not supported : Dmpu
2025-05-22 15:57:39,173 [ERROR] ConditionMgr:805 - Attr not supported : Dmpu
2025-05-22 15:57:39,173 [ERROR] ConditionMgr:805 - Attr not supported : Dmpu
2025-05-22 15:57:39,173 [ERROR] ConditionMgr:805 - Attr not supported : Dmpu
2025-05-22 15:57:39,173 [ERROR] ConditionMgr:805 - Attr not supported : Dmpu
2025-05-22 15:57:39,173 [ERROR] ConditionMgr:805 - Attr not supported : Dmpu
2025-05-22 15:57:39,173 [ERROR] ConditionMgr:805 - Attr not supported : Dmpu
2025-05-22 15:57:39,173 [ERROR] ConditionMgr:805 - Attr not supported : Dmpu
2025-05-22 15:57:39,173 [ERROR] ConditionMgr:805 - Attr not supported : Dmpu
2025-05-22 15:57:39,174 [ERROR] ConditionMgr:805 - Attr not supported : Dmpu
2025-05-22 15:57:39,174 [ERROR] ConditionMgr:805 - Attr not supported : Dmpu
2025-05-22 15:57:39,174 [ERROR] ConditionMgr:805 - Attr not supported : Dmpu
2025-05-22 15:57:39,174 [ERROR] ConditionMgr:805 - Attr not supported : Dmpu
2025-05-22 15:57:39,174 [ERROR] ConditionMgr:805 - Attr not supported : Dmpu
2025-05-22 15:57:39,174 [ERROR] ConditionMgr:805 - Attr not supported : Dmpu
2025-05-22 15:57:39,174 [ERROR] ConditionMgr:805 - Attr not supported : Dmpu
2025-05-22 15:57:39,174 [ERROR] ConditionMgr:805 - Attr not supported : Dmpu
2025-05-22 15:57:39,175 [ERROR] ConditionMgr:805 - Attr not supported : Dmpu
2025-05-22 15:57:39,176 [ERROR] ConditionMgr:805 - Attr not supported : Dmpu
2025-05-22 15:57:39,176 [ERROR] ConditionMgr:805 - Attr not supported : Dmpu
2025-05-22 15:57:39,176 [ERROR] ConditionMgr:805 - Attr not supported : Dmpu
2025-05-22 15:57:39,176 [ERROR] ConditionMgr:805 - Attr not supported : Dmpu
2025-05-22 15:57:39,176 [ERROR] ConditionMgr:805 - Attr not supported : Dmpu
2025-05-22 15:57:39,176 [ERROR] ConditionMgr:805 - Attr not supported : Dmpu
2025-05-22 15:57:39,176 [ERROR] ConditionMgr:805 - Attr not supported : Dmpu
2025-05-22 15:57:39,176 [ERROR] ConditionMgr:805 - Attr not supported : Dmpu
2025-05-22 15:57:39,176 [ERROR] ConditionMgr:805 - Attr not supported : Dmpu
2025-05-22 15:57:39,176 [ERROR] ConditionMgr:805 - Attr not supported : Dmpu
2025-05-22 15:57:39,176 [ERROR] ConditionMgr:805 - Attr not supported : Dmpu
2025-05-22 15:57:39,176 [ERROR] ConditionMgr:805 - Attr not supported : Dmpu
2025-05-22 15:57:39,177 [ERROR] ConditionMgr:805 - Attr not supported : Dmpu
2025-05-22 15:57:39,177 [ERROR] ConditionMgr:805 - Attr not supported : Dmpu
2025-05-22 15:57:39,177 [ERROR] ConditionMgr:805 - Attr not supported : Dmpu
2025-05-22 15:57:39,177 [ERROR] ConditionMgr:805 - Attr not supported : Dmpu
2025-05-22 15:57:39,177 [ERROR] ConditionMgr:805 - Attr not supported : Dmpu
2025-05-22 15:57:39,177 [ERROR] ConditionMgr:805 - Attr not supported : Dmpu
2025-05-22 15:57:39,177 [ERROR] ConditionMgr:805 - Attr not supported : Dmpu
2025-05-22 15:57:39,177 [ERROR] ConditionMgr:805 - Attr not supported : Dmpu
2025-05-22 15:57:39,177 [ERROR] ConditionMgr:805 - Attr not supported : Dmpu
2025-05-22 15:57:39,177 [ERROR] ConditionMgr:805 - Attr not supported : Dmpu
2025-05-22 15:57:39,177 [ERROR] ConditionMgr:805 - Attr not supported : Dmpu
2025-05-22 15:57:39,177 [ERROR] ConditionMgr:805 - Attr not supported : Dmpu
2025-05-22 15:57:39,177 [ERROR] ConditionMgr:805 - Attr not supported : Dmpu
2025-05-22 15:57:39,177 [ERROR] ConditionMgr:805 - Attr not supported : Dmpu
2025-05-22 15:57:39,177 [ERROR] ConditionMgr:805 - Attr not supported : Dmpu
2025-05-22 15:57:39,194 [WARN] PackLoader:240 - Cannot read IP mode file for STMicroelectronics.X-CUBE-WB05N.2.0.0
2025-05-22 15:57:39,212 [WARN] PackLoader:240 - Cannot read IP mode file for wolfSSL.I-CUBE-wolfTPM.3.8.0
2025-05-22 15:57:39,216 [ERROR] Engine:466 - /Users/seungjunyoon/.stm32cubemx/thirdparties/pdsc/STMicroelectronics.X-CUBE-TCPP.4.2.0.pdsc: PDSC version is not supported
2025-05-22 15:57:39,221 [WARN] PackLoader:240 - Cannot read IP mode file for RealThread.X-CUBE-RT-Thread_Nano.4.1.1
2025-05-22 15:57:39,228 [WARN] PackLoader:240 - Cannot read IP mode file for STMicroelectronics.FP-ATR-SIGFOX1.3.2.0
2025-05-22 15:57:39,236 [WARN] PackLoader:240 - Cannot read IP mode file for STMicroelectronics.X-CUBE-EEPRMA1.5.1.0
2025-05-22 15:57:39,243 [WARN] PackLoader:240 - Cannot read IP mode file for wolfSSL.I-CUBE-wolfSSL.5.7.6
2025-05-22 15:57:39,250 [WARN] PackLoader:240 - Cannot read IP mode file for ITTIA_DB.I-CUBE-ITTIADB.8.9.0
2025-05-22 15:57:39,304 [WARN] PackLoader:240 - Cannot read IP mode file for SEGGER.I-CUBE-embOS.1.3.1
2025-05-22 15:57:39,380 [WARN] PackLoader:240 - Cannot read IP mode file for STMicroelectronics.X-CUBE-ALGOBUILD.1.4.0
2025-05-22 15:57:39,416 [WARN] PackLoader:240 - Cannot read IP mode file for STMicroelectronics.X-CUBE-AZRTOS-F4.1.1.0
2025-05-22 15:57:39,429 [ERROR] Engine:466 - /Users/seungjunyoon/.stm32cubemx/thirdparties/pdsc/Avnet-IotConnect.X-CUBE-IoTC-DA16k-PMOD.1.0.0.pdsc: PDSC version is not supported
2025-05-22 15:57:39,435 [WARN] PackLoader:240 - Cannot read IP mode file for STMicroelectronics.X-CUBE-ISPU.2.1.0
2025-05-22 15:57:39,477 [WARN] PackLoader:240 - Cannot read IP mode file for STMicroelectronics.X-CUBE-AZRTOS-L5.2.0.0
2025-05-22 15:57:39,510 [WARN] PackLoader:240 - Cannot read IP mode file for STMicroelectronics.X-CUBE-NFC6.3.1.0
2025-05-22 15:57:39,524 [WARN] PackLoader:240 - Cannot read IP mode file for STMicroelectronics.X-CUBE-FREERTOS.1.3.1
2025-05-22 15:57:39,531 [WARN] PackLoader:240 - Cannot read IP mode file for STMicroelectronics.X-CUBE-FREERTOS.1.3.0
2025-05-22 15:57:39,540 [WARN] PackLoader:240 - Cannot read IP mode file for STMicroelectronics.X-CUBE-DPower.1.3.0
2025-05-22 15:57:39,571 [WARN] ConditionMgr:438 - getConditionDescription Invalid condition id : LAN8742 Phy interface Condition cause : null
2025-05-22 15:57:39,573 [WARN] PackLoader:240 - Cannot read IP mode file for STMicroelectronics.X-CUBE-AZRTOS-L4.2.0.0
2025-05-22 15:57:39,579 [WARN] ConditionMgr:1039 - genDependencies : Invalid condition id : LAN8742 Phy interface Condition cause : null
2025-05-22 15:57:39,580 [WARN] ConditionMgr:1039 - genDependencies : Invalid condition id : LAN8742 Phy interface Condition cause : null
2025-05-22 15:57:39,582 [WARN] ConditionMgr:1039 - genDependencies : Invalid condition id : LAN8742 Phy interface Condition cause : null
2025-05-22 15:57:39,596 [WARN] PackLoader:240 - Cannot read IP mode file for STMicroelectronics.X-CUBE-SFXS2LP1.4.0.0
2025-05-22 15:57:39,634 [WARN] PackLoader:240 - Cannot read IP mode file for STMicroelectronics.X-CUBE-AZRTOS-H7.3.3.0
2025-05-22 15:57:39,660 [WARN] ConditionMgr:438 - getConditionDescription Invalid condition id : UX DEVICE CLASS RTOS Condition cause : null
2025-05-22 15:57:39,661 [WARN] ConditionMgr:438 - getConditionDescription Invalid condition id : UX DEVICE CLASS RTOS Condition cause : null
2025-05-22 15:57:39,665 [WARN] PackLoader:240 - Cannot read IP mode file for STMicroelectronics.X-CUBE-AZRTOS-WB.2.0.0
2025-05-22 15:57:39,667 [WARN] ConditionMgr:1039 - genDependencies : Invalid condition id : UX DEVICE CLASS RTOS Condition cause : null
2025-05-22 15:57:39,667 [WARN] ConditionMgr:1039 - genDependencies : Invalid condition id : UX DEVICE CLASS RTOS Condition cause : null
2025-05-22 15:57:39,668 [WARN] ConditionMgr:1039 - genDependencies : Invalid condition id : UX DEVICE CLASS RTOS Condition cause : null
2025-05-22 15:57:39,668 [WARN] ConditionMgr:1039 - genDependencies : Invalid condition id : UX DEVICE CLASS RTOS Condition cause : null
2025-05-22 15:57:39,668 [WARN] ConditionMgr:1039 - genDependencies : Invalid condition id : UX DEVICE CLASS RTOS Condition cause : null
2025-05-22 15:57:39,678 [WARN] PackLoader:240 - Cannot read IP mode file for STMicroelectronics.X-CUBE-GNSS1.7.0.1
2025-05-22 15:57:39,685 [WARN] PackLoader:240 - Cannot read IP mode file for STMicroelectronics.X-CUBE-TOUCHGFX.4.25.0
2025-05-22 15:57:39,697 [WARN] PackLoader:240 - Cannot read IP mode file for STMicroelectronics.FP-SNS-STBOX1.2.0.0
2025-05-22 15:57:39,722 [WARN] PackLoader:240 - Cannot read IP mode file for STMicroelectronics.X-CUBE-SUBG2.5.0.0
2025-05-22 15:57:39,769 [WARN] PackLoader:240 - Cannot read IP mode file for STMicroelectronics.X-CUBE-AZRTOS-H7RS.1.1.0
2025-05-22 15:57:39,777 [WARN] PackLoader:240 - Cannot read IP mode file for Cesanta.I-CUBE-Mongoose.7.13.0
2025-05-22 15:57:39,798 [WARN] PackLoader:240 - Cannot read IP mode file for STMicroelectronics.X-CUBE-AZRTOS-G4.2.0.0
2025-05-22 15:57:39,816 [WARN] PackLoader:240 - Cannot read IP mode file for wolfSSL.I-CUBE-wolfSSH.1.4.20
2025-05-22 15:57:39,828 [WARN] PackLoader:240 - Cannot read IP mode file for STMicroelectronics.X-CUBE-NFC7.2.0.0
2025-05-22 15:57:39,835 [ERROR] Engine:466 - /Users/seungjunyoon/.stm32cubemx/thirdparties/pdsc/STMicroelectronics.X-CUBE-IPS.3.1.0.pdsc: PDSC version is not supported
2025-05-22 15:57:39,840 [WARN] PackLoader:240 - Cannot read IP mode file for STMicroelectronics.X-CUBE-ALS.1.0.2
2025-05-22 15:57:39,846 [WARN] PackLoader:240 - Cannot read IP mode file for portGmbH.I-Cube-SoM-uGOAL.1.1.0
2025-05-22 15:57:39,854 [ERROR] Engine:466 - /Users/seungjunyoon/.stm32cubemx/thirdparties/pdsc/STMicroelectronics.X-CUBE-TOF1.3.4.3.pdsc: PDSC version is not supported
2025-05-22 15:57:39,855 [INFO] ThirdParty:978 - Integrity check success = true
2025-05-22 15:57:39,855 [INFO] IntegrityCheckThread:100 - exiting critical section [integrity check]
2025-05-22 15:57:39,855 [INFO] IntegrityCheckThread:103 - End integrity checks thread
2025-05-22 15:57:42,505 [INFO] WebApp:161 - Instantiating new browser for Auth
2025-05-22 15:57:43,872 [INFO] WebApp:779 - Register for checkConnection events
2025-05-22 15:57:43,875 [INFO] WebApp:414 - Apply proxy settings
2025-05-22 15:57:43,899 [INFO] WebApp:459 - Chromium authenticates against Manually configured proxy
2025-05-22 15:57:43,976 [INFO] WebApp:467 - Username used for proxy authentication: 
2025-05-22 15:57:44,204 [INFO] WebApp:192 - Starting web application
2025-05-22 15:57:44,204 [INFO] WebApp:544 - Web application path used /Applications/STM32CubeIDE.app/Contents/Eclipse/plugins/com.st.stm32cube.common.mx_6.11.1.202404110753/db/plugins/mcufinder/reactClient1/index.html
2025-05-22 17:03:31,630 [INFO] McuFinderGlobals:63 - Set McuFinder mode to 2 (CubeIDE integrated)
2025-05-22 17:03:31,642 [INFO] MainUpdater:2873 - connection check result : 10
2025-05-22 17:03:31,643 [INFO] MainUpdater:2873 - connection check result : 10
2025-05-22 17:03:33,305 [INFO] MicroXplorer:468 - Change Database Path : 
2025-05-22 17:03:33,306 [INFO] MicroXplorer:498 - Change Database Version : DB.6.0.111
2025-05-22 17:03:33,311 [WARN] ThirdParty:871 - waiting for thirdparty lock release [close project]
2025-05-22 17:03:33,311 [INFO] ThirdParty:873 - entering critical section [close project]
2025-05-22 17:03:33,319 [INFO] ThirdParty:883 - exiting critical section [close project]
2025-05-22 17:03:33,326 [INFO] PinOutPanel:1561 - setPackage(No Configuration,No Configuration)
2025-05-22 17:03:33,342 [INFO] UtilMem:75 - Begin LoadConfig() Used Memory: 643998472 Bytes (1073741824)
2025-05-22 17:03:33,345 [INFO] MicroXplorer:468 - Change Database Path : 
2025-05-22 17:03:33,346 [INFO] MicroXplorer:498 - Change Database Version : DB.6.0.111
2025-05-22 17:03:33,346 [INFO] OpenFileManager:312 - Change cursor
2025-05-22 17:03:33,477 [INFO] Mcu:2021 - Initializing MCU STM32F103C(8-B)Tx STM32F103C8Tx STM32F103C8T6
2025-05-22 17:03:34,734 [INFO] Context:663 - Trying to add GPIOservice into a context  which must be forbidden
2025-05-22 17:03:35,690 [INFO] RtosManager:555 - Registered RTOS mode: class=CMSIS, group=RTOS, mode=CMSIS_V1, owner=FREERTOS
2025-05-22 17:03:35,694 [INFO] RtosManager:555 - Registered RTOS mode: class=CMSIS, group=RTOS2, mode=CMSIS_V2, owner=FREERTOS
2025-05-22 17:03:35,694 [INFO] RtosManager:555 - Registered RTOS mode: class=RTOS, group=Core, mode=CMSIS_V1, owner=FREERTOS
2025-05-22 17:03:35,694 [INFO] RtosManager:555 - Registered RTOS mode: class=RTOS, group=Core, mode=CMSIS_V2, owner=FREERTOS
2025-05-22 17:03:35,701 [WARN] ModelIntegratedComponent:184 - Missing modes for component STMicroelectronics:FreeRTOS:0.0.1:STMicroelectronics:RTOS:FreeRTOS:Core:::10.2.0:
2025-05-22 17:03:35,755 [WARN] ModelIntegratedComponent:63 - No mode defined for component null
2025-05-22 17:03:35,756 [WARN] ModelIntegratedComponent:63 - No mode defined for component null
2025-05-22 17:03:35,756 [WARN] ModelIntegratedComponent:63 - No mode defined for component null
2025-05-22 17:03:35,756 [WARN] ModelIntegratedComponent:63 - No mode defined for component null
2025-05-22 17:03:35,756 [WARN] ModelIntegratedComponent:63 - No mode defined for component null
2025-05-22 17:03:35,756 [WARN] ModelIntegratedComponent:63 - No mode defined for component null
2025-05-22 17:03:35,756 [WARN] ModelIntegratedComponent:63 - No mode defined for component null
2025-05-22 17:03:35,756 [WARN] ModelIntegratedComponent:63 - No mode defined for component null
2025-05-22 17:03:35,756 [WARN] ModelIntegratedComponent:63 - No mode defined for component null
2025-05-22 17:03:35,757 [WARN] ModelIntegratedComponent:63 - No mode defined for component null
2025-05-22 17:03:35,757 [WARN] ModelIntegratedComponent:63 - No mode defined for component null
2025-05-22 17:03:35,757 [WARN] ModelIntegratedComponent:63 - No mode defined for component null
2025-05-22 17:03:35,757 [WARN] ModelIntegratedComponent:63 - No mode defined for component null
2025-05-22 17:03:35,757 [WARN] ModelIntegratedComponent:63 - No mode defined for component null
2025-05-22 17:03:35,757 [WARN] ModelIntegratedComponent:63 - No mode defined for component null
2025-05-22 17:03:35,757 [WARN] ModelIntegratedComponent:63 - No mode defined for component null
2025-05-22 17:03:35,758 [WARN] ModelIntegratedComponent:63 - No mode defined for component null
2025-05-22 17:03:35,758 [WARN] ModelIntegratedComponent:63 - No mode defined for component null
2025-05-22 17:03:35,758 [WARN] ModelIntegratedComponent:63 - No mode defined for component null
2025-05-22 17:03:35,758 [WARN] ModelIntegratedComponent:63 - No mode defined for component null
2025-05-22 17:03:35,758 [WARN] ModelIntegratedComponent:63 - No mode defined for component null
2025-05-22 17:03:35,758 [WARN] ModelIntegratedComponent:63 - No mode defined for component null
2025-05-22 17:03:35,759 [WARN] ModelIntegratedComponent:63 - No mode defined for component null
2025-05-22 17:03:35,759 [WARN] ModelIntegratedComponent:63 - No mode defined for component null
2025-05-22 17:03:35,759 [WARN] ModelIntegratedComponent:63 - No mode defined for component null
2025-05-22 17:03:35,759 [WARN] ModelIntegratedComponent:63 - No mode defined for component null
2025-05-22 17:03:35,759 [WARN] ModelIntegratedComponent:63 - No mode defined for component null
2025-05-22 17:03:35,761 [WARN] ModelIntegratedComponent:63 - No mode defined for component null
2025-05-22 17:03:35,761 [WARN] ModelIntegratedComponent:63 - No mode defined for component null
2025-05-22 17:03:35,762 [WARN] ModelIntegratedComponent:63 - No mode defined for component null
2025-05-22 17:03:35,762 [WARN] ModelIntegratedComponent:63 - No mode defined for component null
2025-05-22 17:03:35,762 [WARN] ModelIntegratedComponent:63 - No mode defined for component null
2025-05-22 17:03:35,762 [WARN] ModelIntegratedComponent:63 - No mode defined for component null
2025-05-22 17:03:35,762 [WARN] ModelIntegratedComponent:63 - No mode defined for component null
2025-05-22 17:03:35,797 [INFO] ThirdPartyModel:298 - Start build external matchings
2025-05-22 17:03:36,170 [INFO] ThirdPartyModel:316 - End build external matchings
2025-05-22 17:03:36,225 [INFO] ImportTextPane:194 - (OptionalMessage_ERROR) IP (RCC) : Parameter (ADCFreqValue) has invalid value (36000000)
2025-05-22 17:03:36,229 [INFO] ImportTextPane:194 - (OptionalMessage_ERROR) IP (RCC) : Invalid parameter (FamilyName)
2025-05-22 17:03:36,229 [INFO] ImportTextPane:194 - (OptionalMessage_ERROR) IP (RCC) : Parameter (MCOFreq_Value) has invalid value (72000000)
2025-05-22 17:03:36,239 [INFO] ImportTextPane:194 - (OptionalMessage_ERROR) IP (RCC) : Parameter (USBFreq_Value) has invalid value (72000000)
2025-05-22 17:03:37,256 [INFO] ApiDb:581 - Connected to CubeFinder SQLite database (/Users/seungjunyoon/.stmcufinder/plugins/mcufinder/mcu/cube-finder-db.db)
2025-05-22 17:03:37,356 [INFO] ApiDb:668 - CubeFinder database Data Model version=2.1
2025-05-22 17:03:37,356 [INFO] ApiDb:669 - CubeFinder database Configuration version=3.0.39
2025-05-22 17:03:37,371 [INFO] ApiDb:670 - CubeFinder database generation date=2025-04-23 (1745419778)
2025-05-22 17:03:37,371 [INFO] ApiDb:671 - CubeFinder database FW Pack versions=[FP-ATR-ASTRA1_V2.0.0, FP-SNS-FLIGHT1_V5.1.0, FP-SNS-MOTENV1_V5.0.0, FP-SNS-MOTENVWB1_V1.4.0, FP-SNS-SMARTAG2_V1.2.0, FP-SNS-STBOX1_V2.0.0, STM32Cube_FW_C0_V1.4.0, STM32Cube_FW_F4_V1.28.1, STM32Cube_FW_F7_V1.17.2, STM32Cube_FW_G0_V1.6.2, STM32Cube_FW_G4_V1.6.1, STM32Cube_FW_H5_V1.5.0, STM32Cube_FW_H7RS_V1.2.0, STM32Cube_FW_H7_V1.12.1, STM32Cube_FW_L0_V1.12.2, STM32Cube_FW_L4_V1.18.1, STM32Cube_FW_L5_V1.5.1, STM32Cube_FW_N6_V1.1.1, STM32Cube_FW_U0_V1.2.0, STM32Cube_FW_U3_V1.1.0, STM32Cube_FW_U5_V1.7.0, STM32Cube_FW_WB0_V1.2.0, STM32Cube_FW_WBA_V1.6.0, STM32Cube_FW_WB_V1.22.0, STM32Cube_FW_WL3_V1.1.0, STM32Cube_FW_WL_V1.3.1, X-CUBE-ALGOBUILD_V1.4.0, X-CUBE-ALS_V1.0.2, X-CUBE-AZRTOS-F4_V1.1.0, X-CUBE-AZRTOS-F7_V1.1.0, X-CUBE-AZRTOS-G0_V1.1.0, X-CUBE-AZRTOS-G4_V2.0.0, X-CUBE-AZRTOS-H7RS_V1.1.0, X-CUBE-AZRTOS-H7_V3.3.0, X-CUBE-AZRTOS-L4_V2.0.0, X-CUBE-AZRTOS-L5_V2.0.0, X-CUBE-AZRTOS-WB_V2.0.0, X-CUBE-AZRTOS-WL_V2.0.0, X-CUBE-BLE1_V7.1.0, X-CUBE-BLE2_V3.3.0, X-CUBE-BLEMGR_V4.0.0, X-CUBE-EEPRMA1_V5.1.0, X-CUBE-FREERTOS_V1.3.0, X-CUBE-GNSS1_V6.0.0, X-CUBE-MEMS1_V11.2.0, X-CUBE-NFC4_V3.0.0, X-CUBE-NFC7_V1.0.1, X-CUBE-SFXS2LP1_V4.0.0, X-CUBE-SUBG2_V5.0.0, X-CUBE-TOF1_V3.4.3]
2025-05-22 17:03:37,472 [INFO] DbBoardsSqlite:226 - include board P-NUCLEO-WB55-NUCLEO as a kit item of type 'Nucleo-64'
2025-05-22 17:03:37,473 [INFO] DbBoardsSqlite:226 - include board P-NUCLEO-WB55-USBDONGLE as a kit item of type 'Nucleo USB Dongle'
2025-05-22 17:03:37,475 [INFO] DbBoardsSqlite:226 - include board STEVAL-IDP005V1 as a kit item of type 'Evaluation Board'
2025-05-22 17:03:37,477 [INFO] DbBoardsSqlite:226 - include board STEVAL-IDP005V2 as a kit item of type 'Evaluation Board'
2025-05-22 17:03:37,599 [INFO] ApiDb:240 - Found 483 in-development CPN: [B-G473E-ZEST1S, B-WB1M-WPAN1, B-WL5M-SUBG1, NUCLEO-C031C6, NUCLEO-H503RB, NUCLEO-H533RE, NUCLEO-H563ZI, NUCLEO-H7S3L8, NUCLEO-U031R8, NUCLEO-U083RC, NUCLEO-U545RE-Q, NUCLEO-U5A5ZJ-Q, NUCLEO-WBA52CG, NUCLEO-WBA55CG, STEVAL-PROTEUS1, STEVAL-SMARTAG2, STEVAL-STWINBX1, STM320518-EVAL, STM32C0116-DK, STM32C011D6Y3TR, STM32C011D6Y6TR, STM32C011F4P3, STM32C011F4P6, STM32C011F4U3, STM32C011F4U6TR, STM32C011F6P3, STM32C011F6P6, STM32C011F6U3, STM32C011F6U6TR, STM32C011J4M3, STM32C011J4M6, STM32C011J6M3, STM32C011J6M6, STM32C0316-DK, STM32C031C4T3, STM32C031C4T6, STM32C031C4U3, STM32C031C4U6, STM32C031C6T3, STM32C031C6T6, STM32C031C6U3, STM32C031C6U6, STM32C031F4P3, STM32C031F4P6, STM32C031F6P3, STM32C031F6P6, STM32C031G4U3, STM32C031G4U6, STM32C031G6U3, STM32C031G6U6, STM32C031K4T3, STM32C031K4T6, STM32C031K4U3, STM32C031K4U6, STM32C031K6T3, STM32C031K6T6, STM32C031K6U3, STM32C031K6U6, STM32G071K8TXN, STM32G071K8UXN, STM32G081GBU6N, STM32G081KBT6N, STM32G081KBUXN, STM32G0B1CCT6N, STM32G0B1KCT6, STM32G0B1NEY6TR, STM32G0B1RCT6N, STM32G0C1CCT6, STM32G0C1CCT6N, STM32G0C1CCU6N, STM32G0C1CET6N, STM32G0C1CEU6N, STM32G0C1KCT6, STM32G0C1NEY6TR, STM32G0C1RCI6N, STM32G0C1RCT6N, STM32G0C1REI6N, STM32G0C1RET6N, STM32G0C1VCI6, STM32G0C1VEI6, STM32G471CCT6, STM32G471CCU6, STM32G471CET3, STM32G471CET6, STM32G471CEU3, STM32G471CEU6, STM32G471MCT6, STM32G471MET3, STM32G471MET6, STM32G471MEY6TR, STM32G471QCT6, STM32G471QET3, STM32G471RCT6, STM32G471RET3, STM32G471RET6, STM32G471VCH6, STM32G471VCI6, STM32G471VCT6, STM32G471VEH3, STM32G471VEH6, STM32G471VEI3, STM32G471VEI6, STM32G471VET3, STM32G471VET6, STM32G474CCT6, STM32H503CBT6, STM32H503CBU6, STM32H503EBY6TR, STM32H503KBU6, STM32H503RBT6, STM32H523CCT6, STM32H523CCU6, STM32H523CET6, STM32H523CEU6, STM32H523HEY6TR, STM32H523RCT6, STM32H523RET6, STM32H523VCI6, STM32H523VCT6, STM32H523VEI6, STM32H523VET6, STM32H523ZCJ6, STM32H523ZCT6, STM32H523ZEJ6, STM32H523ZET6, STM32H533CET6, STM32H533CEU6, STM32H533HEY6TR, STM32H533RET6, STM32H533VEI6, STM32H533VET6, STM32H533ZEJ6, STM32H533ZET6, STM32H562AGI6, STM32H562AII6, STM32H562IGK6, STM32H562IGT6, STM32H562IIK6, STM32H562IIT6, STM32H562RGT6, STM32H562RGV6, STM32H562RIT6, STM32H562RIV6, STM32H562VGT6, STM32H562VIT6, STM32H562ZGT6, STM32H562ZIT6, STM32H563AGI6, STM32H563AII3Q, STM32H563AII6, STM32H563IGK6, STM32H563IGT6, STM32H563IIK3Q, STM32H563IIK6, STM32H563IIT3Q, STM32H563IIT6, STM32H563MIY3QTR, STM32H563RGT6, STM32H563RGV6, STM32H563RIT6, STM32H563RIV6, STM32H563VGT6, STM32H563VIT3Q, STM32H563VIT6, STM32H563ZGT6, STM32H563ZIT3Q, STM32H563ZIT6, STM32H573AII3Q, STM32H573AII6, STM32H573I-DK, STM32H573IIK3Q, STM32H573IIK6, STM32H573IIT3Q, STM32H573IIT6, STM32H573MIY3QTR, STM32H573RIT6, STM32H573RIV6, STM32H573VIT3Q, STM32H573VIT6, STM32H573ZIT3Q, STM32H573ZIT6, STM32H7R3A8I6, STM32H7R3I8K6, STM32H7R3I8T6, STM32H7R3L8H6, STM32H7R3L8H6H, STM32H7R3R8V6, STM32H7R3V8H6, STM32H7R3V8T6, STM32H7R3V8Y6, STM32H7R3Z8J6, STM32H7R3Z8T6, STM32H7R7A8I6, STM32H7R7I8K6, STM32H7R7I8T6, STM32H7R7L8H6, STM32H7R7L8H6H, STM32H7R7Z8J6, STM32H7S3A8I6, STM32H7S3I8K6, STM32H7S3I8T6, STM32H7S3L8H6, STM32H7S3L8H6H, STM32H7S3R8V6, STM32H7S3V8H6, STM32H7S3V8T6, STM32H7S3V8Y6, STM32H7S3Z8J6, STM32H7S3Z8T6, STM32H7S78-DK, STM32H7S7A8I6, STM32H7S7I8K6, STM32H7S7I8T6, STM32H7S7L8H6, STM32H7S7L8H6H, STM32H7S7Z8J6, STM32L4R5QGI6STR, STM32MP131AAE3, STM32MP131AAF3, STM32MP131AAG3, STM32MP131CAE3, STM32MP131CAF3, STM32MP131CAG3, STM32MP131DAE7, STM32MP131DAF7, STM32MP131DAG7, STM32MP131FAE7, STM32MP131FAF7, STM32MP131FAG7, STM32MP133AAE3, STM32MP133AAF3, STM32MP133AAG3, STM32MP133CAE3, STM32MP133CAF3, STM32MP133CAG3, STM32MP133DAE7, STM32MP133DAF7, STM32MP133DAG7, STM32MP133FAE7, STM32MP133FAF7, STM32MP133FAG7, STM32MP135AAE3, STM32MP135AAF3, STM32MP135AAG3, STM32MP135CAE3, STM32MP135CAF3, STM32MP135CAG3, STM32MP135DAE7, STM32MP135DAF7, STM32MP135DAG7, STM32MP135F-DK, STM32MP135FAE7, STM32MP135FAF7, STM32MP135FAF7T, STM32MP135FAF7U, STM32MP135FAG7, STM32U031C6T6, STM32U031C6U6, STM32U031C8T6, STM32U031C8U6, STM32U031F4P6, STM32U031F6P6, STM32U031F8P6, STM32U031G6Y6TR, STM32U031G8Y6TR, STM32U031K4U6, STM32U031K6U6, STM32U031K8U6, STM32U031R6I6, STM32U031R6T6, STM32U031R8I6, STM32U031R8T6, STM32U073C8T6, STM32U073C8U6, STM32U073CBT6, STM32U073CBU6, STM32U073CCT6, STM32U073CCU6, STM32U073H8Y6TR, STM32U073HBY6TR, STM32U073HCY6TR, STM32U073K8U6, STM32U073KBU6, STM32U073KCU6, STM32U073M8I6, STM32U073M8T6, STM32U073MBI6, STM32U073MBT6, STM32U073MCI6, STM32U073MCT6, STM32U073R8I6, STM32U073R8T6, STM32U073RBI6, STM32U073RBT6, STM32U073RCI6, STM32U073RCT6, STM32U083C-DK, STM32U083CCT6, STM32U083CCU6, STM32U083HCY6TR, STM32U083KCU6, STM32U083MCI6, STM32U083MCT6, STM32U083RCI6, STM32U083RCT6, STM32U535CBT6, STM32U535CBT6Q, STM32U535CBU6, STM32U535CBU6Q, STM32U535CCT6, STM32U535CCT6Q, STM32U535CCU6, STM32U535CCU6Q, STM32U535CET6, STM32U535CET6Q, STM32U535CEU6, STM32U535CEU6Q, STM32U535JEY6QTR, STM32U535NCY6QTR, STM32U535NEY6QTR, STM32U535RBI6, STM32U535RBI6Q, STM32U535RBT6, STM32U535RBT6Q, STM32U535RCI6, STM32U535RCI6Q, STM32U535RCT6, STM32U535RCT6Q, STM32U535REI6, STM32U535REI6Q, STM32U535RET6, STM32U535RET6Q, STM32U535VCI6, STM32U535VCI6Q, STM32U535VCT6, STM32U535VCT6Q, STM32U535VEI6, STM32U535VEI6Q, STM32U535VET6, STM32U535VET6Q, STM32U545CET6, STM32U545CET6Q, STM32U545CEU6, STM32U545CEU6Q, STM32U545JEY6QTR, STM32U545NEY6QTR, STM32U545REI6, STM32U545REI6Q, STM32U545RET6, STM32U545RET6Q, STM32U545VEI6, STM32U545VEI6Q, STM32U545VET6, STM32U545VET6Q, STM32U595AIH6, STM32U595AIH6Q, STM32U595AJH6, STM32U595AJH6Q, STM32U595QII6, STM32U595QII6Q, STM32U595QJI6, STM32U595QJI6Q, STM32U595RIT6, STM32U595RIT6Q, STM32U595RJT6, STM32U595RJT6Q, STM32U595VIT6, STM32U595VIT6Q, STM32U595VJT6, STM32U595VJT6Q, STM32U595ZIT6, STM32U595ZIT6Q, STM32U595ZIY6QTR, STM32U595ZJT6, STM32U595ZJT6Q, STM32U595ZJY6QTR, STM32U599BJY6QTR, STM32U599NIH6Q, STM32U599NJH6Q, STM32U599VIT6Q, STM32U599VJT6, STM32U599VJT6Q, STM32U599ZIT6Q, STM32U599ZIY6QTR, STM32U599ZJT6Q, STM32U599ZJY6QTR, STM32U5A5AJH6, STM32U5A5AJH6Q, STM32U5A5QII3Q , STM32U5A5QJI6, STM32U5A5QJI6Q, STM32U5A5RJT6, STM32U5A5RJT6Q, STM32U5A5VJT6, STM32U5A5VJT6Q, STM32U5A5ZJT6, STM32U5A5ZJT6Q, STM32U5A5ZJY6QTR, STM32U5A9BJY6QTR, STM32U5A9J-DK, STM32U5A9NJH6Q, STM32U5A9VJT6Q, STM32U5A9ZJT6Q, STM32U5A9ZJY6QTR, STM32U5F7VIT6, STM32U5F7VIT6Q, STM32U5F7VJT6, STM32U5F7VJT6Q, STM32U5F9BJY6QTR, STM32U5F9NJH6Q, STM32U5F9VIT6Q, STM32U5F9VJT6Q, STM32U5F9ZIJ6QTR, STM32U5F9ZIT6Q, STM32U5F9ZJJ6QTR, STM32U5F9ZJT6Q, STM32U5G7VJT6, STM32U5G7VJT6Q, STM32U5G9BJY6QTR, STM32U5G9J-DK1, STM32U5G9J-DK2, STM32U5G9NJH6Q, STM32U5G9VJT6Q, STM32U5G9ZJJ6QTR, STM32U5G9ZJT6Q, STM32WB1MMCH6, STM32WBA50KEU6, STM32WBA50KEU6TR, STM32WBA50KGU6, STM32WBA50KGU6TR, STM32WBA52CEU6, STM32WBA52CEU6TR, STM32WBA52CEU7, STM32WBA52CEU7TR, STM32WBA52CGU6, STM32WBA52CGU6TR, STM32WBA52CGU6U, STM32WBA52CGU7, STM32WBA52CGU7TR, STM32WBA52KEU6, STM32WBA52KEU6TR, STM32WBA52KGU6, STM32WBA52KGU6TR, STM32WBA54CEU6, STM32WBA54CEU6TR, STM32WBA54CEU7, STM32WBA54CEU7TR, STM32WBA54CGU6, STM32WBA54CGU6TR, STM32WBA54CGU7, STM32WBA54CGU7TR, STM32WBA54KEU6, STM32WBA54KEU6TR, STM32WBA54KEU7, STM32WBA54KEU7TR, STM32WBA54KGU6, STM32WBA54KGU6TR, STM32WBA54KGU7, STM32WBA54KGU7TR, STM32WBA55CEU6, STM32WBA55CEU6TR, STM32WBA55CEU7, STM32WBA55CEU7TR, STM32WBA55CGU6, STM32WBA55CGU6TR, STM32WBA55CGU6U, STM32WBA55CGU7, STM32WBA55CGU7TR, STM32WBA55G-DK1, STM32WBA55HEF6, STM32WBA55HEF7, STM32WBA55HGF6, STM32WBA55HGF7, STM32WBA55UEI6, STM32WBA55UEI6TR, STM32WBA55UEI7, STM32WBA55UEI7TR, STM32WBA55UGI6, STM32WBA55UGI6TR, STM32WBA55UGI7, STM32WBA55UGI7TR, STM32WL5MOCH6, STM32WL5MOCH6TR]
2025-05-22 17:03:37,604 [INFO] ApiDb:668 - CubeFinder database Data Model version=2.1
2025-05-22 17:03:37,605 [INFO] ApiDb:669 - CubeFinder database Configuration version=3.0.39
2025-05-22 17:03:37,605 [INFO] ApiDb:670 - CubeFinder database generation date=2025-04-23 (1745419778)
2025-05-22 17:03:37,605 [INFO] ApiDb:671 - CubeFinder database FW Pack versions=[FP-ATR-ASTRA1_V2.0.0, FP-SNS-FLIGHT1_V5.1.0, FP-SNS-MOTENV1_V5.0.0, FP-SNS-MOTENVWB1_V1.4.0, FP-SNS-SMARTAG2_V1.2.0, FP-SNS-STBOX1_V2.0.0, STM32Cube_FW_C0_V1.4.0, STM32Cube_FW_F4_V1.28.1, STM32Cube_FW_F7_V1.17.2, STM32Cube_FW_G0_V1.6.2, STM32Cube_FW_G4_V1.6.1, STM32Cube_FW_H5_V1.5.0, STM32Cube_FW_H7RS_V1.2.0, STM32Cube_FW_H7_V1.12.1, STM32Cube_FW_L0_V1.12.2, STM32Cube_FW_L4_V1.18.1, STM32Cube_FW_L5_V1.5.1, STM32Cube_FW_N6_V1.1.1, STM32Cube_FW_U0_V1.2.0, STM32Cube_FW_U3_V1.1.0, STM32Cube_FW_U5_V1.7.0, STM32Cube_FW_WB0_V1.2.0, STM32Cube_FW_WBA_V1.6.0, STM32Cube_FW_WB_V1.22.0, STM32Cube_FW_WL3_V1.1.0, STM32Cube_FW_WL_V1.3.1, X-CUBE-ALGOBUILD_V1.4.0, X-CUBE-ALS_V1.0.2, X-CUBE-AZRTOS-F4_V1.1.0, X-CUBE-AZRTOS-F7_V1.1.0, X-CUBE-AZRTOS-G0_V1.1.0, X-CUBE-AZRTOS-G4_V2.0.0, X-CUBE-AZRTOS-H7RS_V1.1.0, X-CUBE-AZRTOS-H7_V3.3.0, X-CUBE-AZRTOS-L4_V2.0.0, X-CUBE-AZRTOS-L5_V2.0.0, X-CUBE-AZRTOS-WB_V2.0.0, X-CUBE-AZRTOS-WL_V2.0.0, X-CUBE-BLE1_V7.1.0, X-CUBE-BLE2_V3.3.0, X-CUBE-BLEMGR_V4.0.0, X-CUBE-EEPRMA1_V5.1.0, X-CUBE-FREERTOS_V1.3.0, X-CUBE-GNSS1_V6.0.0, X-CUBE-MEMS1_V11.2.0, X-CUBE-NFC4_V3.0.0, X-CUBE-NFC7_V1.0.1, X-CUBE-SFXS2LP1_V4.0.0, X-CUBE-SUBG2_V5.0.0, X-CUBE-TOF1_V3.4.3]
2025-05-22 17:03:39,451 [INFO] ApiDb:240 - Found 483 in-development CPN: [B-G473E-ZEST1S, B-WB1M-WPAN1, B-WL5M-SUBG1, NUCLEO-C031C6, NUCLEO-H503RB, NUCLEO-H533RE, NUCLEO-H563ZI, NUCLEO-H7S3L8, NUCLEO-U031R8, NUCLEO-U083RC, NUCLEO-U545RE-Q, NUCLEO-U5A5ZJ-Q, NUCLEO-WBA52CG, NUCLEO-WBA55CG, STEVAL-PROTEUS1, STEVAL-SMARTAG2, STEVAL-STWINBX1, STM320518-EVAL, STM32C0116-DK, STM32C011D6Y3TR, STM32C011D6Y6TR, STM32C011F4P3, STM32C011F4P6, STM32C011F4U3, STM32C011F4U6TR, STM32C011F6P3, STM32C011F6P6, STM32C011F6U3, STM32C011F6U6TR, STM32C011J4M3, STM32C011J4M6, STM32C011J6M3, STM32C011J6M6, STM32C0316-DK, STM32C031C4T3, STM32C031C4T6, STM32C031C4U3, STM32C031C4U6, STM32C031C6T3, STM32C031C6T6, STM32C031C6U3, STM32C031C6U6, STM32C031F4P3, STM32C031F4P6, STM32C031F6P3, STM32C031F6P6, STM32C031G4U3, STM32C031G4U6, STM32C031G6U3, STM32C031G6U6, STM32C031K4T3, STM32C031K4T6, STM32C031K4U3, STM32C031K4U6, STM32C031K6T3, STM32C031K6T6, STM32C031K6U3, STM32C031K6U6, STM32G071K8TXN, STM32G071K8UXN, STM32G081GBU6N, STM32G081KBT6N, STM32G081KBUXN, STM32G0B1CCT6N, STM32G0B1KCT6, STM32G0B1NEY6TR, STM32G0B1RCT6N, STM32G0C1CCT6, STM32G0C1CCT6N, STM32G0C1CCU6N, STM32G0C1CET6N, STM32G0C1CEU6N, STM32G0C1KCT6, STM32G0C1NEY6TR, STM32G0C1RCI6N, STM32G0C1RCT6N, STM32G0C1REI6N, STM32G0C1RET6N, STM32G0C1VCI6, STM32G0C1VEI6, STM32G471CCT6, STM32G471CCU6, STM32G471CET3, STM32G471CET6, STM32G471CEU3, STM32G471CEU6, STM32G471MCT6, STM32G471MET3, STM32G471MET6, STM32G471MEY6TR, STM32G471QCT6, STM32G471QET3, STM32G471RCT6, STM32G471RET3, STM32G471RET6, STM32G471VCH6, STM32G471VCI6, STM32G471VCT6, STM32G471VEH3, STM32G471VEH6, STM32G471VEI3, STM32G471VEI6, STM32G471VET3, STM32G471VET6, STM32G474CCT6, STM32H503CBT6, STM32H503CBU6, STM32H503EBY6TR, STM32H503KBU6, STM32H503RBT6, STM32H523CCT6, STM32H523CCU6, STM32H523CET6, STM32H523CEU6, STM32H523HEY6TR, STM32H523RCT6, STM32H523RET6, STM32H523VCI6, STM32H523VCT6, STM32H523VEI6, STM32H523VET6, STM32H523ZCJ6, STM32H523ZCT6, STM32H523ZEJ6, STM32H523ZET6, STM32H533CET6, STM32H533CEU6, STM32H533HEY6TR, STM32H533RET6, STM32H533VEI6, STM32H533VET6, STM32H533ZEJ6, STM32H533ZET6, STM32H562AGI6, STM32H562AII6, STM32H562IGK6, STM32H562IGT6, STM32H562IIK6, STM32H562IIT6, STM32H562RGT6, STM32H562RGV6, STM32H562RIT6, STM32H562RIV6, STM32H562VGT6, STM32H562VIT6, STM32H562ZGT6, STM32H562ZIT6, STM32H563AGI6, STM32H563AII3Q, STM32H563AII6, STM32H563IGK6, STM32H563IGT6, STM32H563IIK3Q, STM32H563IIK6, STM32H563IIT3Q, STM32H563IIT6, STM32H563MIY3QTR, STM32H563RGT6, STM32H563RGV6, STM32H563RIT6, STM32H563RIV6, STM32H563VGT6, STM32H563VIT3Q, STM32H563VIT6, STM32H563ZGT6, STM32H563ZIT3Q, STM32H563ZIT6, STM32H573AII3Q, STM32H573AII6, STM32H573I-DK, STM32H573IIK3Q, STM32H573IIK6, STM32H573IIT3Q, STM32H573IIT6, STM32H573MIY3QTR, STM32H573RIT6, STM32H573RIV6, STM32H573VIT3Q, STM32H573VIT6, STM32H573ZIT3Q, STM32H573ZIT6, STM32H7R3A8I6, STM32H7R3I8K6, STM32H7R3I8T6, STM32H7R3L8H6, STM32H7R3L8H6H, STM32H7R3R8V6, STM32H7R3V8H6, STM32H7R3V8T6, STM32H7R3V8Y6, STM32H7R3Z8J6, STM32H7R3Z8T6, STM32H7R7A8I6, STM32H7R7I8K6, STM32H7R7I8T6, STM32H7R7L8H6, STM32H7R7L8H6H, STM32H7R7Z8J6, STM32H7S3A8I6, STM32H7S3I8K6, STM32H7S3I8T6, STM32H7S3L8H6, STM32H7S3L8H6H, STM32H7S3R8V6, STM32H7S3V8H6, STM32H7S3V8T6, STM32H7S3V8Y6, STM32H7S3Z8J6, STM32H7S3Z8T6, STM32H7S78-DK, STM32H7S7A8I6, STM32H7S7I8K6, STM32H7S7I8T6, STM32H7S7L8H6, STM32H7S7L8H6H, STM32H7S7Z8J6, STM32L4R5QGI6STR, STM32MP131AAE3, STM32MP131AAF3, STM32MP131AAG3, STM32MP131CAE3, STM32MP131CAF3, STM32MP131CAG3, STM32MP131DAE7, STM32MP131DAF7, STM32MP131DAG7, STM32MP131FAE7, STM32MP131FAF7, STM32MP131FAG7, STM32MP133AAE3, STM32MP133AAF3, STM32MP133AAG3, STM32MP133CAE3, STM32MP133CAF3, STM32MP133CAG3, STM32MP133DAE7, STM32MP133DAF7, STM32MP133DAG7, STM32MP133FAE7, STM32MP133FAF7, STM32MP133FAG7, STM32MP135AAE3, STM32MP135AAF3, STM32MP135AAG3, STM32MP135CAE3, STM32MP135CAF3, STM32MP135CAG3, STM32MP135DAE7, STM32MP135DAF7, STM32MP135DAG7, STM32MP135F-DK, STM32MP135FAE7, STM32MP135FAF7, STM32MP135FAF7T, STM32MP135FAF7U, STM32MP135FAG7, STM32U031C6T6, STM32U031C6U6, STM32U031C8T6, STM32U031C8U6, STM32U031F4P6, STM32U031F6P6, STM32U031F8P6, STM32U031G6Y6TR, STM32U031G8Y6TR, STM32U031K4U6, STM32U031K6U6, STM32U031K8U6, STM32U031R6I6, STM32U031R6T6, STM32U031R8I6, STM32U031R8T6, STM32U073C8T6, STM32U073C8U6, STM32U073CBT6, STM32U073CBU6, STM32U073CCT6, STM32U073CCU6, STM32U073H8Y6TR, STM32U073HBY6TR, STM32U073HCY6TR, STM32U073K8U6, STM32U073KBU6, STM32U073KCU6, STM32U073M8I6, STM32U073M8T6, STM32U073MBI6, STM32U073MBT6, STM32U073MCI6, STM32U073MCT6, STM32U073R8I6, STM32U073R8T6, STM32U073RBI6, STM32U073RBT6, STM32U073RCI6, STM32U073RCT6, STM32U083C-DK, STM32U083CCT6, STM32U083CCU6, STM32U083HCY6TR, STM32U083KCU6, STM32U083MCI6, STM32U083MCT6, STM32U083RCI6, STM32U083RCT6, STM32U535CBT6, STM32U535CBT6Q, STM32U535CBU6, STM32U535CBU6Q, STM32U535CCT6, STM32U535CCT6Q, STM32U535CCU6, STM32U535CCU6Q, STM32U535CET6, STM32U535CET6Q, STM32U535CEU6, STM32U535CEU6Q, STM32U535JEY6QTR, STM32U535NCY6QTR, STM32U535NEY6QTR, STM32U535RBI6, STM32U535RBI6Q, STM32U535RBT6, STM32U535RBT6Q, STM32U535RCI6, STM32U535RCI6Q, STM32U535RCT6, STM32U535RCT6Q, STM32U535REI6, STM32U535REI6Q, STM32U535RET6, STM32U535RET6Q, STM32U535VCI6, STM32U535VCI6Q, STM32U535VCT6, STM32U535VCT6Q, STM32U535VEI6, STM32U535VEI6Q, STM32U535VET6, STM32U535VET6Q, STM32U545CET6, STM32U545CET6Q, STM32U545CEU6, STM32U545CEU6Q, STM32U545JEY6QTR, STM32U545NEY6QTR, STM32U545REI6, STM32U545REI6Q, STM32U545RET6, STM32U545RET6Q, STM32U545VEI6, STM32U545VEI6Q, STM32U545VET6, STM32U545VET6Q, STM32U595AIH6, STM32U595AIH6Q, STM32U595AJH6, STM32U595AJH6Q, STM32U595QII6, STM32U595QII6Q, STM32U595QJI6, STM32U595QJI6Q, STM32U595RIT6, STM32U595RIT6Q, STM32U595RJT6, STM32U595RJT6Q, STM32U595VIT6, STM32U595VIT6Q, STM32U595VJT6, STM32U595VJT6Q, STM32U595ZIT6, STM32U595ZIT6Q, STM32U595ZIY6QTR, STM32U595ZJT6, STM32U595ZJT6Q, STM32U595ZJY6QTR, STM32U599BJY6QTR, STM32U599NIH6Q, STM32U599NJH6Q, STM32U599VIT6Q, STM32U599VJT6, STM32U599VJT6Q, STM32U599ZIT6Q, STM32U599ZIY6QTR, STM32U599ZJT6Q, STM32U599ZJY6QTR, STM32U5A5AJH6, STM32U5A5AJH6Q, STM32U5A5QII3Q , STM32U5A5QJI6, STM32U5A5QJI6Q, STM32U5A5RJT6, STM32U5A5RJT6Q, STM32U5A5VJT6, STM32U5A5VJT6Q, STM32U5A5ZJT6, STM32U5A5ZJT6Q, STM32U5A5ZJY6QTR, STM32U5A9BJY6QTR, STM32U5A9J-DK, STM32U5A9NJH6Q, STM32U5A9VJT6Q, STM32U5A9ZJT6Q, STM32U5A9ZJY6QTR, STM32U5F7VIT6, STM32U5F7VIT6Q, STM32U5F7VJT6, STM32U5F7VJT6Q, STM32U5F9BJY6QTR, STM32U5F9NJH6Q, STM32U5F9VIT6Q, STM32U5F9VJT6Q, STM32U5F9ZIJ6QTR, STM32U5F9ZIT6Q, STM32U5F9ZJJ6QTR, STM32U5F9ZJT6Q, STM32U5G7VJT6, STM32U5G7VJT6Q, STM32U5G9BJY6QTR, STM32U5G9J-DK1, STM32U5G9J-DK2, STM32U5G9NJH6Q, STM32U5G9VJT6Q, STM32U5G9ZJJ6QTR, STM32U5G9ZJT6Q, STM32WB1MMCH6, STM32WBA50KEU6, STM32WBA50KEU6TR, STM32WBA50KGU6, STM32WBA50KGU6TR, STM32WBA52CEU6, STM32WBA52CEU6TR, STM32WBA52CEU7, STM32WBA52CEU7TR, STM32WBA52CGU6, STM32WBA52CGU6TR, STM32WBA52CGU6U, STM32WBA52CGU7, STM32WBA52CGU7TR, STM32WBA52KEU6, STM32WBA52KEU6TR, STM32WBA52KGU6, STM32WBA52KGU6TR, STM32WBA54CEU6, STM32WBA54CEU6TR, STM32WBA54CEU7, STM32WBA54CEU7TR, STM32WBA54CGU6, STM32WBA54CGU6TR, STM32WBA54CGU7, STM32WBA54CGU7TR, STM32WBA54KEU6, STM32WBA54KEU6TR, STM32WBA54KEU7, STM32WBA54KEU7TR, STM32WBA54KGU6, STM32WBA54KGU6TR, STM32WBA54KGU7, STM32WBA54KGU7TR, STM32WBA55CEU6, STM32WBA55CEU6TR, STM32WBA55CEU7, STM32WBA55CEU7TR, STM32WBA55CGU6, STM32WBA55CGU6TR, STM32WBA55CGU6U, STM32WBA55CGU7, STM32WBA55CGU7TR, STM32WBA55G-DK1, STM32WBA55HEF6, STM32WBA55HEF7, STM32WBA55HGF6, STM32WBA55HGF7, STM32WBA55UEI6, STM32WBA55UEI6TR, STM32WBA55UEI7, STM32WBA55UEI7TR, STM32WBA55UGI6, STM32WBA55UGI6TR, STM32WBA55UGI7, STM32WBA55UGI7TR, STM32WL5MOCH6, STM32WL5MOCH6TR]
2025-05-22 17:03:39,461 [INFO] DbMcus:218 - Found 4657 MCUs, 4657 are supported
2025-05-22 17:03:39,464 [INFO] ApiDb:423 - Load user favorites file /Users/seungjunyoon/.stm32cubeide/favorites.mcus.txt: 1 item(s)
2025-05-22 17:03:39,465 [INFO] ApiDb:427 - User favorites MCUs=[STM32F103C8T6]
2025-05-22 17:03:39,465 [INFO] DbMcus:224 - Set 1 / 1 favorites MCUs
2025-05-22 17:03:39,897 [INFO] BoardInfo:889 - No configuration file found for board NUCLEO-C051C8
2025-05-22 17:03:39,898 [INFO] DbBoards:161 - Board is not supported: NUCLEO-C051C8
2025-05-22 17:03:39,900 [INFO] BoardInfo:889 - No configuration file found for board NUCLEO-C071RB
2025-05-22 17:03:39,901 [INFO] DbBoards:161 - Board is not supported: NUCLEO-C071RB
2025-05-22 17:03:39,903 [INFO] BoardInfo:889 - No configuration file found for board NUCLEO-C092RC
2025-05-22 17:03:39,904 [INFO] DbBoards:161 - Board is not supported: NUCLEO-C092RC
2025-05-22 17:03:39,996 [INFO] BoardInfo:889 - No configuration file found for board NUCLEO-N657X0-Q
2025-05-22 17:03:39,997 [INFO] DbBoards:161 - Board is not supported: NUCLEO-N657X0-Q
2025-05-22 17:03:40,000 [INFO] BoardInfo:889 - No configuration file found for board NUCLEO-U385RG-Q
2025-05-22 17:03:40,001 [INFO] DbBoards:161 - Board is not supported: NUCLEO-U385RG-Q
2025-05-22 17:03:40,006 [INFO] BoardInfo:889 - No configuration file found for board NUCLEO-WB05KZ
2025-05-22 17:03:40,006 [INFO] DbBoards:161 - Board is not supported: NUCLEO-WB05KZ
2025-05-22 17:03:40,007 [INFO] BoardInfo:889 - No configuration file found for board NUCLEO-WB07CC
2025-05-22 17:03:40,008 [INFO] DbBoards:161 - Board is not supported: NUCLEO-WB07CC
2025-05-22 17:03:40,009 [INFO] BoardInfo:889 - No configuration file found for board NUCLEO-WB09KE
2025-05-22 17:03:40,009 [INFO] DbBoards:161 - Board is not supported: NUCLEO-WB09KE
2025-05-22 17:03:40,015 [INFO] BoardInfo:889 - No configuration file found for board NUCLEO-WBA65RI
2025-05-22 17:03:40,016 [INFO] DbBoards:161 - Board is not supported: NUCLEO-WBA65RI
2025-05-22 17:03:40,017 [INFO] BoardInfo:889 - No configuration file found for board NUCLEO-WL33CC1
2025-05-22 17:03:40,017 [INFO] DbBoards:161 - Board is not supported: NUCLEO-WL33CC1
2025-05-22 17:03:40,018 [INFO] BoardInfo:889 - No configuration file found for board NUCLEO-WL33CC2
2025-05-22 17:03:40,018 [INFO] DbBoards:161 - Board is not supported: NUCLEO-WL33CC2
2025-05-22 17:03:40,025 [INFO] BoardInfo:889 - No configuration file found for board P-NUCLEO-WB55
2025-05-22 17:03:40,025 [INFO] DbBoards:161 - Kit is not supported: P-NUCLEO-WB55
2025-05-22 17:03:40,030 [INFO] BoardInfo:889 - No configuration file found for board STEVAL-BFA001V1B
2025-05-22 17:03:40,030 [INFO] DbBoards:161 - Kit is not supported: STEVAL-BFA001V1B
2025-05-22 17:03:40,032 [INFO] BoardInfo:889 - No configuration file found for board STEVAL-BFA001V2B
2025-05-22 17:03:40,032 [INFO] DbBoards:161 - Kit is not supported: STEVAL-BFA001V2B
2025-05-22 17:03:40,203 [INFO] BoardInfo:889 - No configuration file found for board STM32MP257F-DK
2025-05-22 17:03:40,207 [INFO] DbBoards:161 - Board is not supported: STM32MP257F-DK
2025-05-22 17:03:40,209 [INFO] BoardInfo:889 - No configuration file found for board STM32MP257F-EV1
2025-05-22 17:03:40,209 [INFO] DbBoards:161 - Board is not supported: STM32MP257F-EV1
2025-05-22 17:03:40,210 [INFO] BoardInfo:889 - No configuration file found for board STM32N6570-DK
2025-05-22 17:03:40,210 [INFO] DbBoards:161 - Board is not supported: STM32N6570-DK
2025-05-22 17:03:40,223 [INFO] BoardInfo:889 - No configuration file found for board STM32WBA65I-DK1
2025-05-22 17:03:40,223 [INFO] DbBoards:161 - Board is not supported: STM32WBA65I-DK1
2025-05-22 17:03:40,230 [INFO] DbBoards:168 - Found 210 boards, 192 are supported
2025-05-22 17:03:40,230 [INFO] DbBoards:169 - Found 210 boards, 8 of them is supported for  Bsp
2025-05-22 17:03:40,235 [INFO] ApiDb:414 - User favorites file not found: /Users/seungjunyoon/.stm32cubeide/favorites.boards.txt
2025-05-22 17:03:40,235 [INFO] DbBoards:198 - Set 0 / 0 favorites Boards
2025-05-22 17:03:40,368 [INFO] UtilMem:75 - End LoadConfig() Used Memory: 803861376 Bytes (1073741824)
2025-05-22 17:03:40,606 [WARN] ThirdParty:833 - waiting for thirdparty lock release [change project]
2025-05-22 17:03:40,610 [INFO] ThirdParty:835 - entering critical section [change project]
2025-05-22 17:03:40,611 [INFO] ThirdParty:1030 - CMSIS Pack Vendor :STMicroelectronics USBPD 4.1
2025-05-22 17:03:40,611 [INFO] ThirdParty:1030 - CMSIS Pack Vendor :STMicroelectronics X-CUBE-AZRTOS-H7 3.3.0
2025-05-22 17:03:40,612 [INFO] ThirdParty:1030 - CMSIS Pack Vendor :STMicroelectronics X-CUBE-NFC9 1.0.0
2025-05-22 17:03:40,612 [INFO] ThirdParty:1030 - CMSIS Pack Vendor :STMicroelectronics USB_HOST 2.0.0
2025-05-22 17:03:40,612 [INFO] ThirdParty:1030 - CMSIS Pack Vendor :STMicroelectronics FP-SNS-MOTENVWB1 1.4.0
2025-05-22 17:03:40,612 [INFO] ThirdParty:1030 - CMSIS Pack Vendor :STMicroelectronics X-CUBE-AZRTOS-F4 1.1.0
2025-05-22 17:03:40,612 [INFO] ThirdParty:1030 - CMSIS Pack Vendor :STMicroelectronics LIBJPEG 8.0.0
2025-05-22 17:03:40,612 [INFO] ThirdParty:1030 - CMSIS Pack Vendor :STMicroelectronics FP-ATR-ASTRA1 2.0.2
2025-05-22 17:03:40,612 [INFO] ThirdParty:1030 - CMSIS Pack Vendor :STMicroelectronics X-CUBE-BLE1 7.1.0
2025-05-22 17:03:40,612 [INFO] ThirdParty:1030 - CMSIS Pack Vendor :STMicroelectronics X-CUBE-SMBUS 2.1.0
2025-05-22 17:03:40,612 [INFO] ThirdParty:1030 - CMSIS Pack Vendor :wolfSSL I-CUBE-wolfMQTT 1.19.2
2025-05-22 17:03:40,612 [INFO] ThirdParty:1030 - CMSIS Pack Vendor :STMicroelectronics USB_DEVICE 3.0.0
2025-05-22 17:03:40,612 [INFO] ThirdParty:1030 - CMSIS Pack Vendor :STMicroelectronics X-CUBE-ISPU 2.1.0
2025-05-22 17:03:40,612 [INFO] ThirdParty:1030 - CMSIS Pack Vendor :STMicroelectronics X-CUBE-AZRTOS-WB 2.0.0
2025-05-22 17:03:40,612 [INFO] ThirdParty:1030 - CMSIS Pack Vendor :STMicroelectronics X-CUBE-GNSS1 7.0.1
2025-05-22 17:03:40,612 [INFO] ThirdParty:1030 - CMSIS Pack Vendor :STMicroelectronics X-CUBE-AZRTOS-F7 1.1.0
2025-05-22 17:03:40,612 [INFO] ThirdParty:1030 - CMSIS Pack Vendor :STMicroelectronics X-CUBE-AZRTOS-L5 2.0.0
2025-05-22 17:03:40,612 [INFO] ThirdParty:1030 - CMSIS Pack Vendor :STMicroelectronics X-CUBE-TOUCHGFX 4.25.0
2025-05-22 17:03:40,612 [INFO] ThirdParty:1030 - CMSIS Pack Vendor :STMicroelectronics USB_DEVICE 2.0.0
2025-05-22 17:03:40,612 [INFO] ThirdParty:1030 - CMSIS Pack Vendor :STMicroelectronics X-CUBE-NFC6 3.1.0
2025-05-22 17:03:40,612 [INFO] ThirdParty:1030 - CMSIS Pack Vendor :STMicroelectronics FP-SNS-STBOX1 2.0.0
2025-05-22 17:03:40,612 [INFO] ThirdParty:1030 - CMSIS Pack Vendor :STMicroelectronics X-CUBE-MEMS1 11.2.0
2025-05-22 17:03:40,612 [INFO] ThirdParty:1030 - CMSIS Pack Vendor :STMicroelectronics FreeRTOS 0.0.1
2025-05-22 17:03:40,612 [INFO] ThirdParty:1030 - CMSIS Pack Vendor :STMicroelectronics X-CUBE-AZRTOS-G0 1.1.0
2025-05-22 17:03:40,612 [INFO] ThirdParty:1030 - CMSIS Pack Vendor :STMicroelectronics X-CUBE-SAFEA1 1.2.2
2025-05-22 17:03:40,612 [INFO] ThirdParty:1030 - CMSIS Pack Vendor :STMicroelectronics X-CUBE-NFC4 3.0.0
2025-05-22 17:03:40,612 [INFO] ThirdParty:1030 - CMSIS Pack Vendor :STMicroelectronics X-CUBE-SUBG2 5.0.0
2025-05-22 17:03:40,612 [INFO] ThirdParty:1030 - CMSIS Pack Vendor :STMicroelectronics X-CUBE-AZRTOS-H7RS 1.1.0
2025-05-22 17:03:40,612 [INFO] ThirdParty:1030 - CMSIS Pack Vendor :STMicroelectronics STM32_WPAN 1.0.0
2025-05-22 17:03:40,612 [INFO] ThirdParty:1030 - CMSIS Pack Vendor :EmbeddedOffice I-CUBE-FS-RTOS 1.0.1
2025-05-22 17:03:40,612 [INFO] ThirdParty:1030 - CMSIS Pack Vendor :STMicroelectronics lwIP 2.0.3
2025-05-22 17:03:40,612 [INFO] ThirdParty:1030 - CMSIS Pack Vendor :Cesanta I-CUBE-Mongoose 7.13.0
2025-05-22 17:03:40,612 [INFO] ThirdParty:1030 - CMSIS Pack Vendor :STMicroelectronics USB_HOST 1.0.0
2025-05-22 17:03:40,612 [INFO] ThirdParty:1030 - CMSIS Pack Vendor :Infineon AIROC-Wi-Fi-Bluetooth-STM32 1.7.0
2025-05-22 17:03:40,612 [INFO] ThirdParty:1030 - CMSIS Pack Vendor :STMicroelectronics X-CUBE-AZRTOS-G4 2.0.0
2025-05-22 17:03:40,612 [INFO] ThirdParty:1030 - CMSIS Pack Vendor :STMicroelectronics X-CUBE-WB05N 2.0.0
2025-05-22 17:03:40,612 [INFO] ThirdParty:1030 - CMSIS Pack Vendor :STMicroelectronics PDM2PCM 3.1.0
2025-05-22 17:03:40,612 [INFO] ThirdParty:1030 - CMSIS Pack Vendor :STMicroelectronics PDM2PCM 3.3.0
2025-05-22 17:03:40,613 [INFO] ThirdParty:1030 - CMSIS Pack Vendor :wolfSSL I-CUBE-wolfTPM 3.8.0
2025-05-22 17:03:40,613 [INFO] ThirdParty:1030 - CMSIS Pack Vendor :STMicroelectronics X-CUBE-DISPLAY 3.0.0
2025-05-22 17:03:40,613 [INFO] ThirdParty:1030 - CMSIS Pack Vendor :wolfSSL I-CUBE-wolfSSH 1.4.20
2025-05-22 17:03:40,613 [INFO] ThirdParty:1030 - CMSIS Pack Vendor :STMicroelectronics X-CUBE-NFC7 2.0.0
2025-05-22 17:03:40,613 [INFO] ThirdParty:1030 - CMSIS Pack Vendor :RealThread X-CUBE-RT-Thread_Nano 4.1.1
2025-05-22 17:03:40,613 [INFO] ThirdParty:1030 - CMSIS Pack Vendor :STMicroelectronics FP-ATR-SIGFOX1 3.2.0
2025-05-22 17:03:40,613 [INFO] ThirdParty:1030 - CMSIS Pack Vendor :STMicroelectronics X-CUBE-NFC10 1.0.0
2025-05-22 17:03:40,613 [INFO] ThirdParty:1030 - CMSIS Pack Vendor :STMicroelectronics X-CUBE-BLEMGR 4.0.0
2025-05-22 17:03:40,613 [INFO] ThirdParty:1030 - CMSIS Pack Vendor :STMicroelectronics X-CUBE-EEPRMA1 5.1.0
2025-05-22 17:03:40,614 [INFO] ThirdParty:1030 - CMSIS Pack Vendor :STMicroelectronics X-CUBE-FREERTOS 1.3.1
2025-05-22 17:03:40,614 [INFO] ThirdParty:1030 - CMSIS Pack Vendor :STMicroelectronics HAL Drivers 0.0.0
2025-05-22 17:03:40,614 [INFO] ThirdParty:1030 - CMSIS Pack Vendor :STMicroelectronics MBEDTLS 2.16.2
2025-05-22 17:03:40,615 [INFO] ThirdParty:1030 - CMSIS Pack Vendor :STMicroelectronics X-CUBE-ALS 1.0.2
2025-05-22 17:03:40,615 [INFO] ThirdParty:1030 - CMSIS Pack Vendor :emotas I-CUBE-CANOPEN 1.3.0
2025-05-22 17:03:40,615 [INFO] ThirdParty:1030 - CMSIS Pack Vendor :STMicroelectronics X-CUBE-FREERTOS 1.3.0
2025-05-22 17:03:40,619 [INFO] ThirdParty:1030 - CMSIS Pack Vendor :STMicroelectronics MBEDTLS 2.14.1
2025-05-22 17:03:40,620 [INFO] ThirdParty:1030 - CMSIS Pack Vendor :wolfSSL I-CUBE-wolfSSL 5.7.6
2025-05-22 17:03:40,620 [INFO] ThirdParty:1030 - CMSIS Pack Vendor :ITTIA_DB I-CUBE-ITTIADB 8.9.0
2025-05-22 17:03:40,620 [INFO] ThirdParty:1030 - CMSIS Pack Vendor :portGmbH I-Cube-SoM-uGOAL 1.1.0
2025-05-22 17:03:40,620 [INFO] ThirdParty:1030 - CMSIS Pack Vendor :quantropi X-CUBE-qispace-sdk-base 2.0.0
2025-05-22 17:03:40,620 [INFO] ThirdParty:1030 - CMSIS Pack Vendor :STMicroelectronics X-CUBE-AI 10.0.0
2025-05-22 17:03:40,620 [INFO] ThirdParty:1030 - CMSIS Pack Vendor :STMicroelectronics ThreadX 1.0.0
2025-05-22 17:03:40,620 [INFO] ThirdParty:1030 - CMSIS Pack Vendor :STMicroelectronics FP-SNS-SMARTAG2 1.2.0
2025-05-22 17:03:40,620 [INFO] ThirdParty:1030 - CMSIS Pack Vendor :STMicroelectronics X-CUBE-AZRTOS-WL 2.0.0
2025-05-22 17:03:40,620 [INFO] ThirdParty:1030 - CMSIS Pack Vendor :SEGGER I-CUBE-embOS 1.3.1
2025-05-22 17:03:40,620 [INFO] ThirdParty:1030 - CMSIS Pack Vendor :STMicroelectronics X-CUBE-ALGOBUILD 1.4.0
2025-05-22 17:03:40,621 [INFO] ThirdParty:1030 - CMSIS Pack Vendor :STMicroelectronics X-CUBE-DPower 1.3.0
2025-05-22 17:03:40,621 [INFO] ThirdParty:1030 - CMSIS Pack Vendor :STMicroelectronics FP-SNS-MOTENV1 5.0.0
2025-05-22 17:03:40,621 [INFO] ThirdParty:1030 - CMSIS Pack Vendor :STMicroelectronics USB_DEVICE 1.0.0
2025-05-22 17:03:40,621 [INFO] ThirdParty:1030 - CMSIS Pack Vendor :STMicroelectronics X-CUBE-AZRTOS-L4 2.0.0
2025-05-22 17:03:40,621 [INFO] ThirdParty:1030 - CMSIS Pack Vendor :STMicroelectronics ThreadX 0.0.2
2025-05-22 17:03:40,621 [INFO] ThirdParty:1030 - CMSIS Pack Vendor :WES I-CUBE-Cesium 1.3.0
2025-05-22 17:03:40,621 [INFO] ThirdParty:1030 - CMSIS Pack Vendor :STMicroelectronics lwIP 2.1.2
2025-05-22 17:03:40,621 [INFO] ThirdParty:1030 - CMSIS Pack Vendor :STMicroelectronics X-CUBE-SFXS2LP1 4.0.0
2025-05-22 17:03:40,621 [INFO] ThirdParty:1030 - CMSIS Pack Vendor :STMicroelectronics X-CUBE-BLE2 3.3.0
2025-05-22 17:03:40,621 [INFO] ThirdParty:1030 - CMSIS Pack Vendor :STMicroelectronics PDM2PCM 3.2.0
2025-05-22 17:03:40,624 [INFO] ThirdParty:841 - exiting critical section [change project]
2025-05-22 17:03:41,330 [INFO] PinOutPanel:1561 - setPackage(No Configuration,No Configuration)
2025-05-22 17:03:41,335 [INFO] PinOutPanel:1561 - setPackage(STM32F103C8Tx,LQFP48)
2025-05-22 17:03:42,563 [INFO] UtilMem:75 - Before build in PCC Used Memory: 653749312 Bytes (1073741824)
2025-05-22 17:03:44,160 [INFO] UtilMem:75 - After build in PCC Used Memory: 901213248 Bytes (1073741824)
2025-05-22 17:03:44,258 [INFO] IPUIPlugin:80 - create IPUIPlugin
2025-05-22 17:03:44,259 [INFO] IPUIPlugin:80 - create IPUIPlugin
2025-05-22 17:03:44,260 [INFO] IPUIPlugin:80 - create IPUIPlugin
2025-05-22 17:03:44,261 [INFO] IPUIPlugin:80 - create IPUIPlugin
2025-05-22 17:03:44,261 [INFO] IPUIPlugin:80 - create IPUIPlugin
2025-05-22 17:03:44,262 [INFO] IPUIPlugin:80 - create IPUIPlugin
2025-05-22 17:03:44,262 [INFO] IPUIPlugin:80 - create IPUIPlugin
2025-05-22 17:03:44,262 [INFO] IPUIPlugin:80 - create IPUIPlugin
2025-05-22 17:03:44,262 [INFO] IPUIPlugin:80 - create IPUIPlugin
2025-05-22 17:03:44,263 [INFO] IPUIPlugin:80 - create IPUIPlugin
2025-05-22 17:03:44,263 [INFO] IPUIPlugin:80 - create IPUIPlugin
2025-05-22 17:03:44,263 [INFO] IPUIPlugin:80 - create IPUIPlugin
2025-05-22 17:03:44,263 [INFO] IPUIPlugin:80 - create IPUIPlugin
2025-05-22 17:03:44,263 [INFO] IPUIPlugin:80 - create IPUIPlugin
2025-05-22 17:03:44,263 [INFO] IPUIPlugin:80 - create IPUIPlugin
2025-05-22 17:03:44,264 [INFO] IPUIPlugin:80 - create IPUIPlugin
2025-05-22 17:03:44,264 [INFO] IPUIPlugin:80 - create IPUIPlugin
2025-05-22 17:03:44,264 [INFO] IPUIPlugin:80 - create IPUIPlugin
2025-05-22 17:03:44,271 [INFO] IPUIPlugin:80 - create IPUIPlugin
2025-05-22 17:03:44,272 [INFO] IPUIPlugin:80 - create IPUIPlugin
2025-05-22 17:03:44,272 [INFO] IPUIPlugin:80 - create IPUIPlugin
2025-05-22 17:03:44,272 [INFO] IPUIPlugin:80 - create IPUIPlugin
2025-05-22 17:03:44,272 [INFO] IPUIPlugin:80 - create IPUIPlugin
2025-05-22 17:03:44,273 [INFO] IPUIPlugin:80 - create IPUIPlugin
2025-05-22 17:03:44,273 [INFO] IPUIPlugin:80 - create IPUIPlugin
2025-05-22 17:03:44,273 [INFO] IPUIPlugin:80 - create IPUIPlugin
2025-05-22 17:03:44,274 [INFO] IPUIPlugin:80 - create IPUIPlugin
2025-05-22 17:03:44,934 [INFO] CADModel:165 - CPN selected for project levelSTM32F103C8T6
2025-05-22 17:03:44,937 [INFO] CADModel:114 - Register for checkConnection events
2025-05-22 17:03:44,993 [INFO] OpenFileManager:343 - Restore cursor
2025-05-22 17:04:00,845 [INFO] NvicIntPanel:101 - NVIC parent = com.st.microxplorer.plugins.ip.nvic.MultiNvicIntPanel[,0,0,450x206,layout=javax.swing.BoxLayout,alignmentX=0.0,alignmentY=0.0,border=,flags=9,maximumSize=,minimumSize=,preferredSize=]
2025-05-22 17:04:04,984 [INFO] Gpio:277 - dependency for GPIO [RCC, SYS, USART1]
2025-05-22 18:04:07,061 [ERROR] LogOutputStream:75 - [STDERR_REDIRECT] 
