2025-05-12 14:15:50,148 [INFO] Activator:176 - 


2025-05-12 14:15:50,156 [INFO] Activator:177 - !SESSION log4j initialized
2025-05-12 14:15:56,586 [INFO] LogOutputStream:77 - [STDOUT_REDIRECT] 
2025-05-12 14:15:56,998 [ERROR] LogOutputStream:75 - [STDERR_REDIRECT] 
2025-05-12 14:15:59,752 [INFO] LogOutputStream:77 - [STDOUT_REDIRECT] 
2025-05-12 14:16:01,282 [INFO] ApplicationProperties:184 - Using Application install path: /Applications/STM32CubeIDE.app/Contents/Eclipse/plugins/com.st.stm32cube.common.mx_6.11.1.202404110753
2025-05-12 14:16:01,297 [INFO] DbMcusXml:78 - Set database path to: /Applications/STM32CubeIDE.app/Contents/Eclipse/plugins/com.st.stm32cube.common.mx_6.11.1.202404110753//db//mcu/
2025-05-12 14:16:01,298 [INFO] ApiDb:274 - Set plugin database path to: /Applications/STM32CubeIDE.app/Contents/Eclipse/plugins/com.st.stm32cube.common.mx_6.11.1.202404110753//db//plugins/boardmanager/
2025-05-12 14:16:01,298 [WARN] ApiDb:259 - Overriding images path with different value:  => /Applications/STM32CubeIDE.app/Contents/Eclipse/plugins/com.st.stm32cube.common.mx_6.11.1.202404110753//db//plugins/mcufinder/images/
2025-05-12 14:16:01,306 [INFO] ApiDb:250 - Set database path to: /Users/seungjunyoon/.stmcufinder/plugins/mcufinder//mcu/
2025-05-12 14:16:01,307 [INFO] DbMcusAds:125 - Set database path to: /Users/seungjunyoon/.stmcufinder/plugins/mcufinder//mcu/
2025-05-12 14:16:01,308 [INFO] CrossReferenceDbSqlite:203 - Set database path to: /Users/seungjunyoon/.stmcufinder/plugins/mcufinder//mcu/cs/
2025-05-12 14:16:01,461 [INFO] RulesReader:64 - Compatibility file has been processed (297 Rules)
2025-05-12 14:16:01,532 [INFO] DbMcusXml:78 - Set database path to: /Applications/STM32CubeIDE.app/Contents/Eclipse/plugins/com.st.stm32cube.common.mx_6.11.1.202404110753//db//mcu/
2025-05-12 14:16:01,533 [INFO] ApiDb:274 - Set plugin database path to: /Applications/STM32CubeIDE.app/Contents/Eclipse/plugins/com.st.stm32cube.common.mx_6.11.1.202404110753//db//plugins/boardmanager/
2025-05-12 14:16:01,533 [INFO] ApiDb:261 - Set plugin images path to: /Applications/STM32CubeIDE.app/Contents/Eclipse/plugins/com.st.stm32cube.common.mx_6.11.1.202404110753//db//plugins/mcufinder/images/
2025-05-12 14:16:01,534 [WARN] DbFile:41 - Overriding database path with different value: /Users/seungjunyoon/.stmcufinder/plugins/mcufinder/ => /Users/seungjunyoon/.stmcufinder/plugins/mcufinder
2025-05-12 14:16:01,534 [INFO] ApiDb:250 - Set database path to: /Users/seungjunyoon/.stmcufinder/plugins/mcufinder//mcu/
2025-05-12 14:16:01,534 [WARN] DbFile:41 - Overriding database path with different value: /Users/seungjunyoon/.stmcufinder/plugins/mcufinder/ => /Users/seungjunyoon/.stmcufinder/plugins/mcufinder
2025-05-12 14:16:01,534 [INFO] DbMcusAds:125 - Set database path to: /Users/seungjunyoon/.stmcufinder/plugins/mcufinder//mcu/
2025-05-12 14:16:01,534 [WARN] DbFile:41 - Overriding database path with different value: /Users/seungjunyoon/.stmcufinder/plugins/mcufinder/ => /Users/seungjunyoon/.stmcufinder/plugins/mcufinder
2025-05-12 14:16:01,534 [WARN] DbFile:41 - Overriding database path with different value: /Users/seungjunyoon/.stmcufinder/plugins/mcufinder/ => /Users/seungjunyoon/.stmcufinder/plugins/mcufinder
2025-05-12 14:16:01,534 [INFO] CrossReferenceDbSqlite:203 - Set database path to: /Users/seungjunyoon/.stmcufinder/plugins/mcufinder//mcu/cs/
2025-05-12 14:16:01,619 [INFO] MainPanel:264 - HeapMemory: 268435456
2025-05-12 14:16:01,705 [INFO] DbMcusXml:78 - Set database path to: /Applications/STM32CubeIDE.app/Contents/Eclipse/plugins/com.st.stm32cube.common.mx_6.11.1.202404110753//db//mcu/
2025-05-12 14:16:01,705 [INFO] ApiDb:274 - Set plugin database path to: /Applications/STM32CubeIDE.app/Contents/Eclipse/plugins/com.st.stm32cube.common.mx_6.11.1.202404110753//db//plugins/boardmanager/
2025-05-12 14:16:01,706 [INFO] ApiDb:261 - Set plugin images path to: /Applications/STM32CubeIDE.app/Contents/Eclipse/plugins/com.st.stm32cube.common.mx_6.11.1.202404110753//db//plugins/mcufinder/images/
2025-05-12 14:16:01,706 [WARN] DbFile:41 - Overriding database path with different value: /Users/seungjunyoon/.stmcufinder/plugins/mcufinder/ => /Users/seungjunyoon/.stmcufinder/plugins/mcufinder
2025-05-12 14:16:01,706 [INFO] ApiDb:250 - Set database path to: /Users/seungjunyoon/.stmcufinder/plugins/mcufinder//mcu/
2025-05-12 14:16:01,706 [WARN] DbFile:41 - Overriding database path with different value: /Users/seungjunyoon/.stmcufinder/plugins/mcufinder/ => /Users/seungjunyoon/.stmcufinder/plugins/mcufinder
2025-05-12 14:16:01,706 [INFO] DbMcusAds:125 - Set database path to: /Users/seungjunyoon/.stmcufinder/plugins/mcufinder//mcu/
2025-05-12 14:16:01,706 [WARN] DbFile:41 - Overriding database path with different value: /Users/seungjunyoon/.stmcufinder/plugins/mcufinder/ => /Users/seungjunyoon/.stmcufinder/plugins/mcufinder
2025-05-12 14:16:01,706 [WARN] DbFile:41 - Overriding database path with different value: /Users/seungjunyoon/.stmcufinder/plugins/mcufinder/ => /Users/seungjunyoon/.stmcufinder/plugins/mcufinder
2025-05-12 14:16:01,706 [INFO] CrossReferenceDbSqlite:203 - Set database path to: /Users/seungjunyoon/.stmcufinder/plugins/mcufinder//mcu/cs/
2025-05-12 14:16:01,730 [INFO] ApplicationProperties:184 - Using Application install path: /Applications/STM32CubeIDE.app/Contents/Eclipse/plugins/com.st.stm32cube.common.mx_6.11.1.202404110753
2025-05-12 14:16:01,732 [INFO] PluginManage:196 - Search for loadable plugins [exclusion list=, ]
2025-05-12 14:16:01,735 [INFO] PluginManage:310 - Check plugin analytics
2025-05-12 14:16:01,980 [INFO] AnalyticsPlugin:253 - Accepted Software Licenses: 
2025-05-12 14:16:01,981 [INFO] AnalyticsPlugin:255 - Accepted CMSIS Pack Licenses: 
2025-05-12 14:16:01,981 [INFO] AnalyticsPlugin:257 - Accepted Firmware Licenses: 
2025-05-12 14:16:01,992 [INFO] PluginManage:359 - Loaded plugin analytics (category:tool,tabindex:-1)
2025-05-12 14:16:01,994 [INFO] PluginManage:310 - Check plugin cadmodel
2025-05-12 14:16:02,654 [INFO] CADModel:105 - Init CAD model plugin
2025-05-12 14:16:02,655 [INFO] PluginManage:359 - Loaded plugin cadmodel (category:power,tabindex:5)
2025-05-12 14:16:02,655 [INFO] PluginManage:310 - Check plugin clock
2025-05-12 14:16:02,686 [INFO] PluginManage:359 - Loaded plugin clock (category:base,tabindex:2)
2025-05-12 14:16:02,689 [INFO] PluginManage:310 - Check plugin ddr
2025-05-12 14:16:02,723 [INFO] PluginManage:359 - Loaded plugin ddr (category:tool,tabindex:6)
2025-05-12 14:16:02,723 [INFO] PluginManage:310 - Check plugin filemanager
2025-05-12 14:16:03,022 [ERROR] LogOutputStream:75 - [STDERR_REDIRECT] [Fatal Error] :2:10: DOCTYPE is disallowed when the feature "http://apache.org/xml/features/disallow-doctype-decl" set to true.
2025-05-12 14:16:03,031 [ERROR] LogOutputStream:75 - [STDERR_REDIRECT] 
2025-05-12 14:16:03,110 [INFO] PluginManage:359 - Loaded plugin filemanager (category:base,tabindex:10)
2025-05-12 14:16:03,111 [INFO] PluginManage:310 - Check plugin ipmanager
2025-05-12 14:16:03,128 [INFO] PluginManage:359 - Loaded plugin ipmanager (category:base,tabindex:5)
2025-05-12 14:16:03,130 [INFO] PluginManage:310 - Check plugin lpbam
2025-05-12 14:16:03,145 [INFO] PluginManage:359 - Loaded plugin lpbam (category:base,tabindex:0)
2025-05-12 14:16:03,145 [INFO] PluginManage:310 - Check plugin memorymap
2025-05-12 14:16:03,155 [INFO] PluginManage:359 - Loaded plugin memorymap (category:base,tabindex:4)
2025-05-12 14:16:03,155 [INFO] PluginManage:310 - Check plugin pinoutandconfiguration
2025-05-12 14:16:03,162 [INFO] PluginManage:359 - Loaded plugin pinoutandconfiguration (category:base,tabindex:1)
2025-05-12 14:16:03,162 [INFO] PluginManage:310 - Check plugin pinoutconfig
2025-05-12 14:16:03,271 [WARN] SupportedApi:132 - Cannot load RTOS API schema: s4s-elt-must-match.1: The content of 'definitions' must match (annotation?, (simpleType | complexType)?, (unique | key | keyref)*)). A problem was found starting at: attribute.
2025-05-12 14:16:03,494 [INFO] PluginManage:359 - Loaded plugin pinoutconfig (category:base,tabindex:0)
2025-05-12 14:16:03,495 [INFO] PluginManage:310 - Check plugin power
2025-05-12 14:16:03,514 [INFO] PluginManage:359 - Loaded plugin power (category:power,tabindex:4)
2025-05-12 14:16:03,514 [INFO] PluginManage:310 - Check plugin projectmanager
2025-05-12 14:16:03,555 [INFO] PluginManage:359 - Loaded plugin projectmanager (category:projectmanager,tabindex:3)
2025-05-12 14:16:03,555 [INFO] PluginManage:310 - Check plugin thirdparty
2025-05-12 14:16:03,842 [INFO] PluginManage:359 - Loaded plugin thirdparty (category:base,tabindex:-1)
2025-05-12 14:16:03,843 [INFO] PluginManage:310 - Check plugin tools
2025-05-12 14:16:03,841 [WARN] IntegrityCheckThread:84 - waiting for thirdparty lock release [integrity check]
2025-05-12 14:16:03,846 [INFO] IntegrityCheckThread:86 - entering critical section [integrity check]
2025-05-12 14:16:03,847 [INFO] ThirdPartyUpdaterWithRetryManager:70 - Updater plugin not ready yet. [1/15]
2025-05-12 14:16:03,856 [INFO] PluginManage:359 - Loaded plugin tools (category:base,tabindex:7)
2025-05-12 14:16:03,856 [INFO] PluginManage:310 - Check plugin tutovideos
2025-05-12 14:16:04,065 [INFO] PluginManage:359 - Loaded plugin tutovideos (category:base,tabindex:-1)
2025-05-12 14:16:04,066 [INFO] PluginManage:310 - Check plugin updater
2025-05-12 14:16:04,083 [INFO] PluginManage:359 - Loaded plugin updater (category:base,tabindex:12)
2025-05-12 14:16:04,083 [INFO] PluginManage:310 - Check plugin userauth
2025-05-12 14:16:04,092 [INFO] UserAuth:114 - Init User Auth plugin
2025-05-12 14:16:04,092 [INFO] PluginManage:359 - Loaded plugin userauth (category:base,tabindex:14)
2025-05-12 14:16:04,093 [INFO] PluginManage:283 - PluginManage : Loaded plugins [17]
2025-05-12 14:16:04,409 [INFO] PinOutPanel:1561 - setPackage(No Configuration,No Configuration)
2025-05-12 14:16:04,481 [INFO] CADModel:165 - CPN selected for project level
2025-05-12 14:16:04,481 [INFO] CADModel:114 - Register for checkConnection events
2025-05-12 14:16:04,492 [INFO] IPUIPlugin:80 - create IPUIPlugin
2025-05-12 14:16:04,493 [INFO] PluginManager:220 - loadIPPluginJar : add mdma
2025-05-12 14:16:04,499 [INFO] IPUIPlugin:80 - create IPUIPlugin
2025-05-12 14:16:04,499 [INFO] PluginManager:220 - loadIPPluginJar : add freertos
2025-05-12 14:16:04,502 [INFO] IPUIPlugin:80 - create IPUIPlugin
2025-05-12 14:16:04,502 [INFO] PluginManager:220 - loadIPPluginJar : add gic
2025-05-12 14:16:04,508 [INFO] IPUIPlugin:80 - create IPUIPlugin
2025-05-12 14:16:04,509 [INFO] PluginManager:220 - loadIPPluginJar : add adc
2025-05-12 14:16:04,511 [INFO] IPUIPlugin:80 - create IPUIPlugin
2025-05-12 14:16:04,511 [INFO] PluginManager:220 - loadIPPluginJar : add gtzc
2025-05-12 14:16:04,513 [INFO] IPUIPlugin:80 - create IPUIPlugin
2025-05-12 14:16:04,513 [INFO] PluginManager:220 - loadIPPluginJar : add quadspi
2025-05-12 14:16:04,515 [INFO] IPUIPlugin:80 - create IPUIPlugin
2025-05-12 14:16:04,515 [INFO] PluginManager:220 - loadIPPluginJar : add aes
2025-05-12 14:16:04,517 [INFO] IPUIPlugin:80 - create IPUIPlugin
2025-05-12 14:16:04,517 [INFO] PluginManager:220 - loadIPPluginJar : add pdm2pcm
2025-05-12 14:16:04,518 [INFO] IPUIPlugin:80 - create IPUIPlugin
2025-05-12 14:16:04,518 [INFO] PluginManager:220 - loadIPPluginJar : add hash
2025-05-12 14:16:04,519 [INFO] IPUIPlugin:80 - create IPUIPlugin
2025-05-12 14:16:04,519 [INFO] PluginManager:220 - loadIPPluginJar : add tim
2025-05-12 14:16:04,520 [INFO] IPUIPlugin:80 - create IPUIPlugin
2025-05-12 14:16:04,521 [INFO] PluginManager:220 - loadIPPluginJar : add tsc
2025-05-12 14:16:04,522 [INFO] IPUIPlugin:80 - create IPUIPlugin
2025-05-12 14:16:04,523 [INFO] PluginManager:220 - loadIPPluginJar : add extmemmanager
2025-05-12 14:16:04,524 [INFO] IPUIPlugin:80 - create IPUIPlugin
2025-05-12 14:16:04,524 [INFO] PluginManager:220 - loadIPPluginJar : add ts
2025-05-12 14:16:04,526 [INFO] IPUIPlugin:80 - create IPUIPlugin
2025-05-12 14:16:04,526 [INFO] PluginManager:220 - loadIPPluginJar : add can
2025-05-12 14:16:04,528 [INFO] IPUIPlugin:80 - create IPUIPlugin
2025-05-12 14:16:04,528 [INFO] PluginManager:220 - loadIPPluginJar : add dma3
2025-05-12 14:16:04,530 [INFO] IPUIPlugin:80 - create IPUIPlugin
2025-05-12 14:16:04,531 [INFO] PluginManager:220 - loadIPPluginJar : add dfsdm
2025-05-12 14:16:04,533 [INFO] IPUIPlugin:80 - create IPUIPlugin
2025-05-12 14:16:04,533 [INFO] PluginManager:220 - loadIPPluginJar : add spi
2025-05-12 14:16:04,534 [INFO] IPUIPlugin:80 - create IPUIPlugin
2025-05-12 14:16:04,534 [INFO] PluginManager:220 - loadIPPluginJar : add gfxmmu
2025-05-12 14:16:04,535 [INFO] IPUIPlugin:80 - create IPUIPlugin
2025-05-12 14:16:04,536 [INFO] PluginManager:220 - loadIPPluginJar : add genericplugin
2025-05-12 14:16:04,537 [INFO] IPUIPlugin:80 - create IPUIPlugin
2025-05-12 14:16:04,537 [INFO] PluginManager:220 - loadIPPluginJar : add cryp
2025-05-12 14:16:04,541 [INFO] IPUIPlugin:80 - create IPUIPlugin
2025-05-12 14:16:04,541 [INFO] PluginManager:220 - loadIPPluginJar : add gpio
2025-05-12 14:16:04,542 [INFO] IPUIPlugin:80 - create IPUIPlugin
2025-05-12 14:16:04,542 [INFO] PluginManager:220 - loadIPPluginJar : add comp
2025-05-12 14:16:04,544 [INFO] IPUIPlugin:80 - create IPUIPlugin
2025-05-12 14:16:04,544 [INFO] PluginManager:220 - loadIPPluginJar : add tracer_emb
2025-05-12 14:16:04,546 [INFO] IPUIPlugin:80 - create IPUIPlugin
2025-05-12 14:16:04,546 [INFO] PluginManager:220 - loadIPPluginJar : add openamp
2025-05-12 14:16:04,550 [INFO] IPUIPlugin:80 - create IPUIPlugin
2025-05-12 14:16:04,550 [INFO] PluginManager:220 - loadIPPluginJar : add stm32_wpan
2025-05-12 14:16:04,555 [INFO] IPUIPlugin:80 - create IPUIPlugin
2025-05-12 14:16:04,559 [INFO] PluginManager:220 - loadIPPluginJar : add plateformsettings
2025-05-12 14:16:04,562 [INFO] IPUIPlugin:80 - create IPUIPlugin
2025-05-12 14:16:04,562 [INFO] PluginManager:220 - loadIPPluginJar : add ipddr
2025-05-12 14:16:04,563 [INFO] IPUIPlugin:80 - create IPUIPlugin
2025-05-12 14:16:04,564 [INFO] PluginManager:220 - loadIPPluginJar : add usart
2025-05-12 14:16:04,565 [INFO] IPUIPlugin:80 - create IPUIPlugin
2025-05-12 14:16:04,565 [INFO] PluginManager:220 - loadIPPluginJar : add ltdc
2025-05-12 14:16:04,567 [INFO] IPUIPlugin:80 - create IPUIPlugin
2025-05-12 14:16:04,567 [INFO] PluginManager:220 - loadIPPluginJar : add nvic
2025-05-12 14:16:04,568 [INFO] IPUIPlugin:80 - create IPUIPlugin
2025-05-12 14:16:04,568 [INFO] PluginManager:220 - loadIPPluginJar : add fatfs
2025-05-12 14:16:04,573 [INFO] IPUIPlugin:80 - create IPUIPlugin
2025-05-12 14:16:04,573 [INFO] PluginManager:220 - loadIPPluginJar : add linkedlist
2025-05-12 14:16:04,577 [INFO] IPUIPlugin:80 - create IPUIPlugin
2025-05-12 14:16:04,577 [INFO] PluginManager:220 - loadIPPluginJar : add dma
2025-05-12 14:16:04,580 [INFO] IPUIPlugin:80 - create IPUIPlugin
2025-05-12 14:16:04,580 [INFO] PluginManager:220 - loadIPPluginJar : add fmc
2025-05-12 14:16:04,581 [INFO] IPUIPlugin:80 - create IPUIPlugin
2025-05-12 14:16:04,582 [INFO] PluginManager:220 - loadIPPluginJar : add i2s
2025-05-12 14:16:04,583 [INFO] IPUIPlugin:80 - create IPUIPlugin
2025-05-12 14:16:04,583 [INFO] PluginManager:220 - loadIPPluginJar : add ucpd
2025-05-12 14:16:04,584 [INFO] IPUIPlugin:80 - create IPUIPlugin
2025-05-12 14:16:04,584 [INFO] PluginManager:220 - loadIPPluginJar : add lorawan
2025-05-12 14:16:04,586 [INFO] IPUIPlugin:80 - create IPUIPlugin
2025-05-12 14:16:04,586 [INFO] PluginManager:220 - loadIPPluginJar : add opamp
2025-05-12 14:16:04,587 [INFO] IPUIPlugin:80 - create IPUIPlugin
2025-05-12 14:16:04,588 [INFO] PluginManager:220 - loadIPPluginJar : add i3c
2025-05-12 14:16:04,589 [INFO] IPUIPlugin:80 - create IPUIPlugin
2025-05-12 14:16:04,590 [INFO] PluginManager:220 - loadIPPluginJar : add touchsensing
2025-05-12 14:16:04,592 [INFO] IPUIPlugin:80 - create IPUIPlugin
2025-05-12 14:16:04,592 [INFO] PluginManager:220 - loadIPPluginJar : add i2c
2025-05-12 14:16:04,594 [INFO] IPUIPlugin:80 - create IPUIPlugin
2025-05-12 14:16:04,594 [INFO] PluginManager:220 - loadIPPluginJar : add resmgrutility
2025-05-12 14:16:04,595 [INFO] IPUIPlugin:80 - create IPUIPlugin
2025-05-12 14:16:04,596 [INFO] PluginManager:220 - loadIPPluginJar : add sai
2025-05-12 14:16:04,598 [INFO] IPUIPlugin:80 - create IPUIPlugin
2025-05-12 14:16:04,598 [INFO] PluginManager:220 - loadIPPluginJar : add usbx
2025-05-12 14:16:04,835 [INFO] CADModel:165 - CPN selected for project level
2025-05-12 14:16:04,838 [INFO] CADModel:114 - Register for checkConnection events
2025-05-12 14:16:04,838 [FATAL] Updater:308 - Updater called before beeing initialized
2025-05-12 14:16:04,839 [ERROR] CADModel:125 - Updater not yet initialized, retry later 
2025-05-12 14:16:05,153 [INFO] CADModel:165 - CPN selected for project level
2025-05-12 14:16:05,154 [INFO] CADModel:114 - Register for checkConnection events
2025-05-12 14:16:05,154 [FATAL] Updater:308 - Updater called before beeing initialized
2025-05-12 14:16:05,154 [ERROR] CADModel:125 - Updater not yet initialized, retry later 
2025-05-12 14:16:05,157 [FATAL] Updater:308 - Updater called before beeing initialized
2025-05-12 14:16:05,356 [FATAL] Updater:308 - Updater called before beeing initialized
2025-05-12 14:16:05,364 [INFO] DbMcusAds:53 - JSON generation date=Thu Mar 06 23:54:22 KST 2025 (1741272862078)
2025-05-12 14:16:05,364 [FATAL] Updater:308 - Updater called before beeing initialized
2025-05-12 14:16:05,430 [WARN] DetailPanel:346 - Failed to get advertising image, set to default
2025-05-12 14:16:05,529 [FATAL] Updater:308 - Updater called before beeing initialized
2025-05-12 14:16:05,531 [FATAL] Updater:308 - Updater called before beeing initialized
2025-05-12 14:16:05,531 [FATAL] Updater:308 - Updater called before beeing initialized
2025-05-12 14:16:05,531 [WARN] DetailPanel:346 - Failed to get advertising image, set to default
2025-05-12 14:16:05,532 [FATAL] Updater:308 - Updater called before beeing initialized
2025-05-12 14:16:05,611 [ERROR] Updater:1120 - MainUpdater not yet initialized. External WinMGr cannot be set.
2025-05-12 14:16:05,618 [INFO] Updater:1056 - Updater Version found : 6.11.1
2025-05-12 14:16:05,633 [INFO] ApplicationProperties:184 - Using Application install path: /Applications/STM32CubeIDE.app/Contents/Eclipse/plugins/com.st.stm32cube.common.mx_6.11.1.202404110753
2025-05-12 14:16:06,100 [INFO] MainUpdater:2873 - connection check result : 10
2025-05-12 14:16:06,101 [INFO] MainUpdater:290 - Updater Check For Update Now.
2025-05-12 14:16:06,101 [INFO] MicroXplorer:498 - Change Database Version : DB.6.0.111
2025-05-12 14:16:06,114 [INFO] McuFinderGlobals:63 - Set McuFinder mode to 2 (CubeIDE integrated)
2025-05-12 14:16:06,129 [INFO] UserAuth:415 - Internet connection configuration mode: 1
2025-05-12 14:16:06,145 [INFO] JxBrowserEngine:152 - Initiate JxBrowser Engine with user profile folder
2025-05-12 14:16:06,462 [INFO] CheckServerUpdateThread:120 - End of CheckServer Thread
2025-05-12 14:16:07,073 [WARN] PackLoader:240 - Cannot read IP mode file for STMicroelectronics.FP-SNS-MOTENVWB1.1.4.0
2025-05-12 14:16:07,103 [WARN] PackLoader:240 - Cannot read IP mode file for STMicroelectronics.FP-ATR-ASTRA1.2.0.2
2025-05-12 14:16:07,126 [WARN] PackLoader:240 - Cannot read IP mode file for STMicroelectronics.X-CUBE-SMBUS.2.1.0
2025-05-12 14:16:07,185 [WARN] PackLoader:240 - Cannot read IP mode file for STMicroelectronics.X-CUBE-AZRTOS-F7.1.1.0
2025-05-12 14:16:07,261 [WARN] PackLoader:240 - Cannot read IP mode file for Infineon.AIROC-Wi-Fi-Bluetooth-STM32.1.7.0
2025-05-12 14:16:07,333 [WARN] PackLoader:240 - Cannot read IP mode file for STMicroelectronics.X-CUBE-DISPLAY.3.0.0
2025-05-12 14:16:07,392 [WARN] PackLoader:240 - Cannot read IP mode file for STMicroelectronics.X-CUBE-NFC10.1.0.0
2025-05-12 14:16:07,474 [WARN] PackLoader:240 - Cannot read IP mode file for STMicroelectronics.X-CUBE-BLEMGR.4.0.0
2025-05-12 14:16:07,500 [WARN] PackLoader:240 - Cannot read IP mode file for emotas.I-CUBE-CANOPEN.1.3.0
2025-05-12 14:16:07,517 [WARN] ConditionMgr:438 - getConditionDescription Invalid condition id : Cortex-A Device cause : null
2025-05-12 14:16:07,536 [WARN] ConditionMgr:1039 - genDependencies : Invalid condition id : Cortex-A Device cause : null
2025-05-12 14:16:07,536 [WARN] ConditionMgr:1039 - genDependencies : Invalid condition id : Cortex-A Device cause : null
2025-05-12 14:16:07,536 [WARN] ConditionMgr:1039 - genDependencies : Invalid condition id : Cortex-A Device cause : null
2025-05-12 14:16:07,549 [WARN] PackLoader:240 - Cannot read IP mode file for STMicroelectronics.X-CUBE-AI.10.0.0
2025-05-12 14:16:07,563 [WARN] PackLoader:240 - Cannot read IP mode file for STMicroelectronics.FP-SNS-SMARTAG2.1.2.0
2025-05-12 14:16:07,568 [ERROR] Engine:466 - /Users/seungjunyoon/.stm32cubemx/thirdparties/pdsc/STMicroelectronics.FP-SNS-FLIGHT1.5.1.0.pdsc: PDSC version is not supported
2025-05-12 14:16:07,593 [INFO] LogOutputStream:77 - [STDOUT_REDIRECT] 1 : Invalid condition id : UX_CORESTACK_Condition cause : null
2025-05-12 14:16:07,596 [INFO] LogOutputStream:77 - [STDOUT_REDIRECT] 1 : Invalid condition id : UX_CORESTACK_Condition cause : null
2025-05-12 14:16:07,597 [INFO] LogOutputStream:77 - [STDOUT_REDIRECT] 1 : Invalid condition id : UX_CORESTACK_Condition cause : null
2025-05-12 14:16:07,599 [INFO] LogOutputStream:77 - [STDOUT_REDIRECT] 1 : Invalid condition id : UX_CORESTACK_Condition cause : null
2025-05-12 14:16:07,600 [INFO] LogOutputStream:77 - [STDOUT_REDIRECT] 1 : Invalid condition id : UX_CORESTACK_Condition cause : null
2025-05-12 14:16:07,634 [WARN] PackLoader:240 - Cannot read IP mode file for STMicroelectronics.X-CUBE-AZRTOS-WL.2.0.0
2025-05-12 14:16:07,711 [WARN] PackLoader:240 - Cannot read IP mode file for STMicroelectronics.FP-SNS-MOTENV1.5.0.0
2025-05-12 14:16:07,764 [WARN] PackLoader:240 - Cannot read IP mode file for WES.I-CUBE-Cesium.1.3.0
2025-05-12 14:16:07,844 [WARN] PackLoader:240 - Cannot read IP mode file for STMicroelectronics.X-CUBE-BLE2.3.3.0
2025-05-12 14:16:07,868 [WARN] PackLoader:240 - Cannot read IP mode file for STMicroelectronics.X-CUBE-NFC9.1.0.0
2025-05-12 14:16:07,891 [WARN] PackLoader:240 - Cannot read IP mode file for STMicroelectronics.X-CUBE-BLE1.7.1.0
2025-05-12 14:16:07,913 [WARN] PackLoader:240 - Cannot read IP mode file for wolfSSL.I-CUBE-wolfMQTT.1.19.2
2025-05-12 14:16:08,152 [WARN] PackLoader:240 - Cannot read IP mode file for STMicroelectronics.X-CUBE-MEMS1.11.2.0
2025-05-12 14:16:08,403 [WARN] PackLoader:240 - Cannot read IP mode file for STMicroelectronics.X-CUBE-AZRTOS-G0.1.1.0
2025-05-12 14:16:08,432 [WARN] PackLoader:240 - Cannot read IP mode file for STMicroelectronics.X-CUBE-SAFEA1.1.2.2
2025-05-12 14:16:08,445 [WARN] PackLoader:240 - Cannot read IP mode file for STMicroelectronics.X-CUBE-NFC4.3.0.0
2025-05-12 14:16:08,480 [WARN] PackLoader:240 - Cannot read IP mode file for EmbeddedOffice.I-CUBE-FS-RTOS.1.0.1
2025-05-12 14:16:08,484 [ERROR] ConditionMgr:805 - Attr not supported : Dmpu
2025-05-12 14:16:08,484 [ERROR] ConditionMgr:805 - Attr not supported : Dmpu
2025-05-12 14:16:08,485 [ERROR] ConditionMgr:805 - Attr not supported : Dmpu
2025-05-12 14:16:08,485 [ERROR] ConditionMgr:805 - Attr not supported : Dmpu
2025-05-12 14:16:08,485 [ERROR] ConditionMgr:805 - Attr not supported : Dmpu
2025-05-12 14:16:08,485 [ERROR] ConditionMgr:805 - Attr not supported : Dmpu
2025-05-12 14:16:08,485 [ERROR] ConditionMgr:805 - Attr not supported : Dmpu
2025-05-12 14:16:08,485 [ERROR] ConditionMgr:805 - Attr not supported : Dmpu
2025-05-12 14:16:08,485 [ERROR] ConditionMgr:805 - Attr not supported : Dmpu
2025-05-12 14:16:08,485 [ERROR] ConditionMgr:805 - Attr not supported : Dmpu
2025-05-12 14:16:08,485 [ERROR] ConditionMgr:805 - Attr not supported : Dmpu
2025-05-12 14:16:08,485 [ERROR] ConditionMgr:805 - Attr not supported : Dmpu
2025-05-12 14:16:08,485 [ERROR] ConditionMgr:805 - Attr not supported : Dmpu
2025-05-12 14:16:08,485 [ERROR] ConditionMgr:805 - Attr not supported : Dmpu
2025-05-12 14:16:08,485 [ERROR] ConditionMgr:805 - Attr not supported : Dmpu
2025-05-12 14:16:08,485 [ERROR] ConditionMgr:805 - Attr not supported : Dmpu
2025-05-12 14:16:08,485 [ERROR] ConditionMgr:805 - Attr not supported : Dmpu
2025-05-12 14:16:08,485 [ERROR] ConditionMgr:805 - Attr not supported : Dmpu
2025-05-12 14:16:08,485 [ERROR] ConditionMgr:805 - Attr not supported : Dmpu
2025-05-12 14:16:08,485 [ERROR] ConditionMgr:805 - Attr not supported : Dmpu
2025-05-12 14:16:08,485 [ERROR] ConditionMgr:805 - Attr not supported : Dmpu
2025-05-12 14:16:08,485 [ERROR] ConditionMgr:805 - Attr not supported : Dmpu
2025-05-12 14:16:08,486 [ERROR] ConditionMgr:805 - Attr not supported : Dmpu
2025-05-12 14:16:08,486 [ERROR] ConditionMgr:805 - Attr not supported : Dmpu
2025-05-12 14:16:08,486 [ERROR] ConditionMgr:805 - Attr not supported : Dmpu
2025-05-12 14:16:08,486 [ERROR] ConditionMgr:805 - Attr not supported : Dmpu
2025-05-12 14:16:08,486 [ERROR] ConditionMgr:805 - Attr not supported : Dmpu
2025-05-12 14:16:08,486 [ERROR] ConditionMgr:805 - Attr not supported : Dmpu
2025-05-12 14:16:08,486 [ERROR] ConditionMgr:805 - Attr not supported : Dmpu
2025-05-12 14:16:08,486 [ERROR] ConditionMgr:805 - Attr not supported : Dmpu
2025-05-12 14:16:08,487 [ERROR] ConditionMgr:805 - Attr not supported : Dmpu
2025-05-12 14:16:08,487 [ERROR] ConditionMgr:805 - Attr not supported : Dmpu
2025-05-12 14:16:08,487 [ERROR] ConditionMgr:805 - Attr not supported : Dmpu
2025-05-12 14:16:08,487 [ERROR] ConditionMgr:805 - Attr not supported : Dmpu
2025-05-12 14:16:08,487 [ERROR] ConditionMgr:805 - Attr not supported : Dmpu
2025-05-12 14:16:08,487 [ERROR] ConditionMgr:805 - Attr not supported : Dmpu
2025-05-12 14:16:08,488 [ERROR] ConditionMgr:805 - Attr not supported : Dmpu
2025-05-12 14:16:08,490 [ERROR] ConditionMgr:805 - Attr not supported : Dmpu
2025-05-12 14:16:08,496 [ERROR] ConditionMgr:805 - Attr not supported : Dmpu
2025-05-12 14:16:08,499 [ERROR] ConditionMgr:805 - Attr not supported : Dmpu
2025-05-12 14:16:08,500 [ERROR] ConditionMgr:805 - Attr not supported : Dmpu
2025-05-12 14:16:08,501 [ERROR] ConditionMgr:805 - Attr not supported : Dmpu
2025-05-12 14:16:08,502 [ERROR] ConditionMgr:805 - Attr not supported : Dmpu
2025-05-12 14:16:08,502 [ERROR] ConditionMgr:805 - Attr not supported : Dmpu
2025-05-12 14:16:08,503 [ERROR] ConditionMgr:805 - Attr not supported : Dmpu
2025-05-12 14:16:08,504 [ERROR] ConditionMgr:805 - Attr not supported : Dmpu
2025-05-12 14:16:08,504 [ERROR] ConditionMgr:805 - Attr not supported : Dmpu
2025-05-12 14:16:08,504 [ERROR] ConditionMgr:805 - Attr not supported : Dmpu
2025-05-12 14:16:08,504 [ERROR] ConditionMgr:805 - Attr not supported : Dmpu
2025-05-12 14:16:08,504 [ERROR] ConditionMgr:805 - Attr not supported : Dmpu
2025-05-12 14:16:08,504 [ERROR] ConditionMgr:805 - Attr not supported : Dmpu
2025-05-12 14:16:08,504 [ERROR] ConditionMgr:805 - Attr not supported : Dmpu
2025-05-12 14:16:08,504 [ERROR] ConditionMgr:805 - Attr not supported : Dmpu
2025-05-12 14:16:08,504 [ERROR] ConditionMgr:805 - Attr not supported : Dmpu
2025-05-12 14:16:08,504 [ERROR] ConditionMgr:805 - Attr not supported : Dmpu
2025-05-12 14:16:08,504 [ERROR] ConditionMgr:805 - Attr not supported : Dmpu
2025-05-12 14:16:08,504 [ERROR] ConditionMgr:805 - Attr not supported : Dmpu
2025-05-12 14:16:08,504 [ERROR] ConditionMgr:805 - Attr not supported : Dmpu
2025-05-12 14:16:08,504 [ERROR] ConditionMgr:805 - Attr not supported : Dmpu
2025-05-12 14:16:08,504 [ERROR] ConditionMgr:805 - Attr not supported : Dmpu
2025-05-12 14:16:08,504 [ERROR] ConditionMgr:805 - Attr not supported : Dmpu
2025-05-12 14:16:08,504 [ERROR] ConditionMgr:805 - Attr not supported : Dmpu
2025-05-12 14:16:08,504 [ERROR] ConditionMgr:805 - Attr not supported : Dmpu
2025-05-12 14:16:08,504 [ERROR] ConditionMgr:805 - Attr not supported : Dmpu
2025-05-12 14:16:08,526 [WARN] PackLoader:240 - Cannot read IP mode file for STMicroelectronics.X-CUBE-WB05N.2.0.0
2025-05-12 14:16:08,554 [WARN] PackLoader:240 - Cannot read IP mode file for wolfSSL.I-CUBE-wolfTPM.3.8.0
2025-05-12 14:16:08,569 [ERROR] Engine:466 - /Users/seungjunyoon/.stm32cubemx/thirdparties/pdsc/STMicroelectronics.X-CUBE-TCPP.4.2.0.pdsc: PDSC version is not supported
2025-05-12 14:16:08,586 [WARN] PackLoader:240 - Cannot read IP mode file for RealThread.X-CUBE-RT-Thread_Nano.4.1.1
2025-05-12 14:16:08,598 [WARN] PackLoader:240 - Cannot read IP mode file for STMicroelectronics.FP-ATR-SIGFOX1.3.2.0
2025-05-12 14:16:08,612 [WARN] PackLoader:240 - Cannot read IP mode file for STMicroelectronics.X-CUBE-EEPRMA1.5.1.0
2025-05-12 14:16:08,631 [WARN] PackLoader:240 - Cannot read IP mode file for wolfSSL.I-CUBE-wolfSSL.5.7.6
2025-05-12 14:16:08,646 [WARN] PackLoader:240 - Cannot read IP mode file for ITTIA_DB.I-CUBE-ITTIADB.8.9.0
2025-05-12 14:16:08,728 [WARN] PackLoader:240 - Cannot read IP mode file for SEGGER.I-CUBE-embOS.1.3.1
2025-05-12 14:16:08,854 [WARN] PackLoader:240 - Cannot read IP mode file for STMicroelectronics.X-CUBE-ALGOBUILD.1.4.0
2025-05-12 14:16:08,914 [WARN] PackLoader:240 - Cannot read IP mode file for STMicroelectronics.X-CUBE-AZRTOS-F4.1.1.0
2025-05-12 14:16:08,929 [ERROR] Engine:466 - /Users/seungjunyoon/.stm32cubemx/thirdparties/pdsc/Avnet-IotConnect.X-CUBE-IoTC-DA16k-PMOD.1.0.0.pdsc: PDSC version is not supported
2025-05-12 14:16:08,936 [WARN] PackLoader:240 - Cannot read IP mode file for STMicroelectronics.X-CUBE-ISPU.2.1.0
2025-05-12 14:16:08,963 [WARN] PackLoader:240 - Cannot read IP mode file for STMicroelectronics.X-CUBE-AZRTOS-L5.2.0.0
2025-05-12 14:16:08,986 [WARN] PackLoader:240 - Cannot read IP mode file for STMicroelectronics.X-CUBE-NFC6.3.1.0
2025-05-12 14:16:08,998 [WARN] PackLoader:240 - Cannot read IP mode file for STMicroelectronics.X-CUBE-FREERTOS.1.3.1
2025-05-12 14:16:09,004 [WARN] PackLoader:240 - Cannot read IP mode file for STMicroelectronics.X-CUBE-FREERTOS.1.3.0
2025-05-12 14:16:09,012 [WARN] PackLoader:240 - Cannot read IP mode file for STMicroelectronics.X-CUBE-DPower.1.3.0
2025-05-12 14:16:09,045 [WARN] ConditionMgr:438 - getConditionDescription Invalid condition id : LAN8742 Phy interface Condition cause : null
2025-05-12 14:16:09,047 [WARN] PackLoader:240 - Cannot read IP mode file for STMicroelectronics.X-CUBE-AZRTOS-L4.2.0.0
2025-05-12 14:16:09,052 [WARN] ConditionMgr:1039 - genDependencies : Invalid condition id : LAN8742 Phy interface Condition cause : null
2025-05-12 14:16:09,053 [WARN] ConditionMgr:1039 - genDependencies : Invalid condition id : LAN8742 Phy interface Condition cause : null
2025-05-12 14:16:09,054 [WARN] ConditionMgr:1039 - genDependencies : Invalid condition id : LAN8742 Phy interface Condition cause : null
2025-05-12 14:16:09,081 [WARN] PackLoader:240 - Cannot read IP mode file for STMicroelectronics.X-CUBE-SFXS2LP1.4.0.0
2025-05-12 14:16:09,123 [WARN] PackLoader:240 - Cannot read IP mode file for STMicroelectronics.X-CUBE-AZRTOS-H7.3.3.0
2025-05-12 14:16:09,144 [WARN] ConditionMgr:438 - getConditionDescription Invalid condition id : UX DEVICE CLASS RTOS Condition cause : null
2025-05-12 14:16:09,145 [WARN] ConditionMgr:438 - getConditionDescription Invalid condition id : UX DEVICE CLASS RTOS Condition cause : null
2025-05-12 14:16:09,150 [WARN] PackLoader:240 - Cannot read IP mode file for STMicroelectronics.X-CUBE-AZRTOS-WB.2.0.0
2025-05-12 14:16:09,151 [WARN] ConditionMgr:1039 - genDependencies : Invalid condition id : UX DEVICE CLASS RTOS Condition cause : null
2025-05-12 14:16:09,152 [WARN] ConditionMgr:1039 - genDependencies : Invalid condition id : UX DEVICE CLASS RTOS Condition cause : null
2025-05-12 14:16:09,152 [WARN] ConditionMgr:1039 - genDependencies : Invalid condition id : UX DEVICE CLASS RTOS Condition cause : null
2025-05-12 14:16:09,153 [WARN] ConditionMgr:1039 - genDependencies : Invalid condition id : UX DEVICE CLASS RTOS Condition cause : null
2025-05-12 14:16:09,153 [WARN] ConditionMgr:1039 - genDependencies : Invalid condition id : UX DEVICE CLASS RTOS Condition cause : null
2025-05-12 14:16:09,177 [WARN] PackLoader:240 - Cannot read IP mode file for STMicroelectronics.X-CUBE-GNSS1.7.0.1
2025-05-12 14:16:09,197 [WARN] PackLoader:240 - Cannot read IP mode file for STMicroelectronics.X-CUBE-TOUCHGFX.4.25.0
2025-05-12 14:16:09,211 [WARN] PackLoader:240 - Cannot read IP mode file for STMicroelectronics.FP-SNS-STBOX1.2.0.0
2025-05-12 14:16:09,285 [WARN] PackLoader:240 - Cannot read IP mode file for STMicroelectronics.X-CUBE-SUBG2.5.0.0
2025-05-12 14:16:09,352 [WARN] PackLoader:240 - Cannot read IP mode file for STMicroelectronics.X-CUBE-AZRTOS-H7RS.1.1.0
2025-05-12 14:16:09,364 [WARN] PackLoader:240 - Cannot read IP mode file for Cesanta.I-CUBE-Mongoose.7.13.0
2025-05-12 14:16:09,384 [WARN] PackLoader:240 - Cannot read IP mode file for STMicroelectronics.X-CUBE-AZRTOS-G4.2.0.0
2025-05-12 14:16:09,394 [WARN] PackLoader:240 - Cannot read IP mode file for wolfSSL.I-CUBE-wolfSSH.1.4.20
2025-05-12 14:16:09,406 [WARN] PackLoader:240 - Cannot read IP mode file for STMicroelectronics.X-CUBE-NFC7.2.0.0
2025-05-12 14:16:09,412 [ERROR] Engine:466 - /Users/seungjunyoon/.stm32cubemx/thirdparties/pdsc/STMicroelectronics.X-CUBE-IPS.3.1.0.pdsc: PDSC version is not supported
2025-05-12 14:16:09,415 [WARN] PackLoader:240 - Cannot read IP mode file for STMicroelectronics.X-CUBE-ALS.1.0.2
2025-05-12 14:16:09,420 [WARN] PackLoader:240 - Cannot read IP mode file for portGmbH.I-Cube-SoM-uGOAL.1.1.0
2025-05-12 14:16:09,425 [ERROR] Engine:466 - /Users/seungjunyoon/.stm32cubemx/thirdparties/pdsc/STMicroelectronics.X-CUBE-TOF1.3.4.3.pdsc: PDSC version is not supported
2025-05-12 14:16:09,433 [INFO] ThirdParty:978 - Integrity check success = true
2025-05-12 14:16:09,433 [INFO] IntegrityCheckThread:100 - exiting critical section [integrity check]
2025-05-12 14:16:09,433 [INFO] IntegrityCheckThread:103 - End integrity checks thread
2025-05-12 14:16:11,176 [INFO] WebApp:161 - Instantiating new browser for Auth
2025-05-12 14:16:12,667 [INFO] WebApp:779 - Register for checkConnection events
2025-05-12 14:16:12,668 [INFO] WebApp:414 - Apply proxy settings
2025-05-12 14:16:12,679 [INFO] WebApp:459 - Chromium authenticates against Manually configured proxy
2025-05-12 14:16:12,698 [INFO] WebApp:467 - Username used for proxy authentication: 
2025-05-12 14:16:12,897 [INFO] WebApp:192 - Starting web application
2025-05-12 14:16:12,898 [INFO] WebApp:544 - Web application path used /Applications/STM32CubeIDE.app/Contents/Eclipse/plugins/com.st.stm32cube.common.mx_6.11.1.202404110753/db/plugins/mcufinder/reactClient1/index.html
2025-05-12 14:30:21,538 [ERROR] LogOutputStream:75 - [STDERR_REDIRECT] 
2025-05-12 15:21:28,245 [INFO] Activator:176 - 


2025-05-12 15:21:28,248 [INFO] Activator:177 - !SESSION log4j initialized
2025-05-12 15:21:34,717 [INFO] LogOutputStream:77 - [STDOUT_REDIRECT] 
2025-05-12 15:21:35,239 [ERROR] LogOutputStream:75 - [STDERR_REDIRECT] 
2025-05-12 15:21:38,117 [INFO] LogOutputStream:77 - [STDOUT_REDIRECT] 
2025-05-12 15:21:40,215 [INFO] ApplicationProperties:184 - Using Application install path: /Applications/STM32CubeIDE.app/Contents/Eclipse/plugins/com.st.stm32cube.common.mx_6.11.1.202404110753
2025-05-12 15:21:40,233 [INFO] DbMcusXml:78 - Set database path to: /Applications/STM32CubeIDE.app/Contents/Eclipse/plugins/com.st.stm32cube.common.mx_6.11.1.202404110753//db//mcu/
2025-05-12 15:21:40,234 [INFO] ApiDb:274 - Set plugin database path to: /Applications/STM32CubeIDE.app/Contents/Eclipse/plugins/com.st.stm32cube.common.mx_6.11.1.202404110753//db//plugins/boardmanager/
2025-05-12 15:21:40,234 [WARN] ApiDb:259 - Overriding images path with different value:  => /Applications/STM32CubeIDE.app/Contents/Eclipse/plugins/com.st.stm32cube.common.mx_6.11.1.202404110753//db//plugins/mcufinder/images/
2025-05-12 15:21:40,243 [INFO] ApiDb:250 - Set database path to: /Users/seungjunyoon/.stmcufinder/plugins/mcufinder//mcu/
2025-05-12 15:21:40,244 [INFO] DbMcusAds:125 - Set database path to: /Users/seungjunyoon/.stmcufinder/plugins/mcufinder//mcu/
2025-05-12 15:21:40,246 [INFO] CrossReferenceDbSqlite:203 - Set database path to: /Users/seungjunyoon/.stmcufinder/plugins/mcufinder//mcu/cs/
2025-05-12 15:21:40,500 [INFO] RulesReader:64 - Compatibility file has been processed (297 Rules)
2025-05-12 15:21:40,572 [INFO] DbMcusXml:78 - Set database path to: /Applications/STM32CubeIDE.app/Contents/Eclipse/plugins/com.st.stm32cube.common.mx_6.11.1.202404110753//db//mcu/
2025-05-12 15:21:40,572 [INFO] ApiDb:274 - Set plugin database path to: /Applications/STM32CubeIDE.app/Contents/Eclipse/plugins/com.st.stm32cube.common.mx_6.11.1.202404110753//db//plugins/boardmanager/
2025-05-12 15:21:40,573 [INFO] ApiDb:261 - Set plugin images path to: /Applications/STM32CubeIDE.app/Contents/Eclipse/plugins/com.st.stm32cube.common.mx_6.11.1.202404110753//db//plugins/mcufinder/images/
2025-05-12 15:21:40,573 [WARN] DbFile:41 - Overriding database path with different value: /Users/seungjunyoon/.stmcufinder/plugins/mcufinder/ => /Users/seungjunyoon/.stmcufinder/plugins/mcufinder
2025-05-12 15:21:40,573 [INFO] ApiDb:250 - Set database path to: /Users/seungjunyoon/.stmcufinder/plugins/mcufinder//mcu/
2025-05-12 15:21:40,573 [WARN] DbFile:41 - Overriding database path with different value: /Users/seungjunyoon/.stmcufinder/plugins/mcufinder/ => /Users/seungjunyoon/.stmcufinder/plugins/mcufinder
2025-05-12 15:21:40,573 [INFO] DbMcusAds:125 - Set database path to: /Users/seungjunyoon/.stmcufinder/plugins/mcufinder//mcu/
2025-05-12 15:21:40,573 [WARN] DbFile:41 - Overriding database path with different value: /Users/seungjunyoon/.stmcufinder/plugins/mcufinder/ => /Users/seungjunyoon/.stmcufinder/plugins/mcufinder
2025-05-12 15:21:40,574 [WARN] DbFile:41 - Overriding database path with different value: /Users/seungjunyoon/.stmcufinder/plugins/mcufinder/ => /Users/seungjunyoon/.stmcufinder/plugins/mcufinder
2025-05-12 15:21:40,574 [INFO] CrossReferenceDbSqlite:203 - Set database path to: /Users/seungjunyoon/.stmcufinder/plugins/mcufinder//mcu/cs/
2025-05-12 15:21:40,669 [INFO] MainPanel:264 - HeapMemory: 268435456
2025-05-12 15:21:40,790 [INFO] DbMcusXml:78 - Set database path to: /Applications/STM32CubeIDE.app/Contents/Eclipse/plugins/com.st.stm32cube.common.mx_6.11.1.202404110753//db//mcu/
2025-05-12 15:21:40,791 [INFO] ApiDb:274 - Set plugin database path to: /Applications/STM32CubeIDE.app/Contents/Eclipse/plugins/com.st.stm32cube.common.mx_6.11.1.202404110753//db//plugins/boardmanager/
2025-05-12 15:21:40,791 [INFO] ApiDb:261 - Set plugin images path to: /Applications/STM32CubeIDE.app/Contents/Eclipse/plugins/com.st.stm32cube.common.mx_6.11.1.202404110753//db//plugins/mcufinder/images/
2025-05-12 15:21:40,791 [WARN] DbFile:41 - Overriding database path with different value: /Users/seungjunyoon/.stmcufinder/plugins/mcufinder/ => /Users/seungjunyoon/.stmcufinder/plugins/mcufinder
2025-05-12 15:21:40,791 [INFO] ApiDb:250 - Set database path to: /Users/seungjunyoon/.stmcufinder/plugins/mcufinder//mcu/
2025-05-12 15:21:40,791 [WARN] DbFile:41 - Overriding database path with different value: /Users/seungjunyoon/.stmcufinder/plugins/mcufinder/ => /Users/seungjunyoon/.stmcufinder/plugins/mcufinder
2025-05-12 15:21:40,791 [INFO] DbMcusAds:125 - Set database path to: /Users/seungjunyoon/.stmcufinder/plugins/mcufinder//mcu/
2025-05-12 15:21:40,792 [WARN] DbFile:41 - Overriding database path with different value: /Users/seungjunyoon/.stmcufinder/plugins/mcufinder/ => /Users/seungjunyoon/.stmcufinder/plugins/mcufinder
2025-05-12 15:21:40,792 [WARN] DbFile:41 - Overriding database path with different value: /Users/seungjunyoon/.stmcufinder/plugins/mcufinder/ => /Users/seungjunyoon/.stmcufinder/plugins/mcufinder
2025-05-12 15:21:40,792 [INFO] CrossReferenceDbSqlite:203 - Set database path to: /Users/seungjunyoon/.stmcufinder/plugins/mcufinder//mcu/cs/
2025-05-12 15:21:40,823 [INFO] ApplicationProperties:184 - Using Application install path: /Applications/STM32CubeIDE.app/Contents/Eclipse/plugins/com.st.stm32cube.common.mx_6.11.1.202404110753
2025-05-12 15:21:40,844 [INFO] PluginManage:196 - Search for loadable plugins [exclusion list=, ]
2025-05-12 15:21:40,875 [INFO] PluginManage:310 - Check plugin analytics
2025-05-12 15:21:41,422 [ERROR] LogOutputStream:75 - [STDERR_REDIRECT] [Fatal Error] :2:10: DOCTYPE is disallowed when the feature "http://apache.org/xml/features/disallow-doctype-decl" set to true.
2025-05-12 15:21:41,426 [ERROR] LogOutputStream:75 - [STDERR_REDIRECT] 
2025-05-12 15:21:41,807 [INFO] McuFinderGlobals:63 - Set McuFinder mode to 2 (CubeIDE integrated)
2025-05-12 15:21:41,896 [INFO] AnalyticsPlugin:253 - Accepted Software Licenses: 
2025-05-12 15:21:41,897 [INFO] AnalyticsPlugin:255 - Accepted CMSIS Pack Licenses: 
2025-05-12 15:21:41,897 [INFO] AnalyticsPlugin:257 - Accepted Firmware Licenses: 
2025-05-12 15:21:41,928 [INFO] PluginManage:359 - Loaded plugin analytics (category:tool,tabindex:-1)
2025-05-12 15:21:41,931 [INFO] PluginManage:310 - Check plugin cadmodel
2025-05-12 15:21:42,496 [INFO] CADModel:105 - Init CAD model plugin
2025-05-12 15:21:42,497 [INFO] PluginManage:359 - Loaded plugin cadmodel (category:power,tabindex:5)
2025-05-12 15:21:42,499 [INFO] PluginManage:310 - Check plugin clock
2025-05-12 15:21:42,519 [INFO] PluginManage:359 - Loaded plugin clock (category:base,tabindex:2)
2025-05-12 15:21:42,520 [INFO] PluginManage:310 - Check plugin ddr
2025-05-12 15:21:42,523 [INFO] PluginManage:359 - Loaded plugin ddr (category:tool,tabindex:6)
2025-05-12 15:21:42,523 [INFO] PluginManage:310 - Check plugin filemanager
2025-05-12 15:21:42,718 [INFO] PluginManage:359 - Loaded plugin filemanager (category:base,tabindex:10)
2025-05-12 15:21:42,719 [INFO] PluginManage:310 - Check plugin ipmanager
2025-05-12 15:21:42,728 [INFO] PluginManage:359 - Loaded plugin ipmanager (category:base,tabindex:5)
2025-05-12 15:21:42,728 [INFO] PluginManage:310 - Check plugin lpbam
2025-05-12 15:21:42,738 [INFO] PluginManage:359 - Loaded plugin lpbam (category:base,tabindex:0)
2025-05-12 15:21:42,739 [INFO] PluginManage:310 - Check plugin memorymap
2025-05-12 15:21:42,751 [INFO] PluginManage:359 - Loaded plugin memorymap (category:base,tabindex:4)
2025-05-12 15:21:42,751 [INFO] PluginManage:310 - Check plugin pinoutandconfiguration
2025-05-12 15:21:42,758 [INFO] PluginManage:359 - Loaded plugin pinoutandconfiguration (category:base,tabindex:1)
2025-05-12 15:21:42,759 [INFO] PluginManage:310 - Check plugin pinoutconfig
2025-05-12 15:21:42,902 [WARN] SupportedApi:132 - Cannot load RTOS API schema: s4s-elt-must-match.1: The content of 'definitions' must match (annotation?, (simpleType | complexType)?, (unique | key | keyref)*)). A problem was found starting at: attribute.
2025-05-12 15:21:43,107 [INFO] PluginManage:359 - Loaded plugin pinoutconfig (category:base,tabindex:0)
2025-05-12 15:21:43,108 [INFO] PluginManage:310 - Check plugin power
2025-05-12 15:21:43,130 [INFO] PluginManage:359 - Loaded plugin power (category:power,tabindex:4)
2025-05-12 15:21:43,130 [INFO] PluginManage:310 - Check plugin projectmanager
2025-05-12 15:21:43,164 [INFO] PluginManage:359 - Loaded plugin projectmanager (category:projectmanager,tabindex:3)
2025-05-12 15:21:43,165 [INFO] PluginManage:310 - Check plugin thirdparty
2025-05-12 15:21:43,348 [INFO] PluginManage:359 - Loaded plugin thirdparty (category:base,tabindex:-1)
2025-05-12 15:21:43,348 [INFO] PluginManage:310 - Check plugin tools
2025-05-12 15:21:43,348 [WARN] IntegrityCheckThread:84 - waiting for thirdparty lock release [integrity check]
2025-05-12 15:21:43,350 [INFO] IntegrityCheckThread:86 - entering critical section [integrity check]
2025-05-12 15:21:43,351 [INFO] ThirdPartyUpdaterWithRetryManager:70 - Updater plugin not ready yet. [1/15]
2025-05-12 15:21:43,351 [INFO] PluginManage:359 - Loaded plugin tools (category:base,tabindex:7)
2025-05-12 15:21:43,351 [INFO] PluginManage:310 - Check plugin tutovideos
2025-05-12 15:21:43,539 [INFO] PluginManage:359 - Loaded plugin tutovideos (category:base,tabindex:-1)
2025-05-12 15:21:43,539 [INFO] PluginManage:310 - Check plugin updater
2025-05-12 15:21:43,559 [INFO] PluginManage:359 - Loaded plugin updater (category:base,tabindex:12)
2025-05-12 15:21:43,559 [INFO] PluginManage:310 - Check plugin userauth
2025-05-12 15:21:43,567 [INFO] UserAuth:114 - Init User Auth plugin
2025-05-12 15:21:43,568 [INFO] PluginManage:359 - Loaded plugin userauth (category:base,tabindex:14)
2025-05-12 15:21:43,569 [INFO] PluginManage:283 - PluginManage : Loaded plugins [17]
2025-05-12 15:21:46,358 [INFO] ThirdPartyUpdaterWithRetryManager:70 - Updater plugin not ready yet. [2/15]
2025-05-12 15:21:49,363 [INFO] ThirdPartyUpdaterWithRetryManager:70 - Updater plugin not ready yet. [3/15]
2025-05-12 15:21:52,365 [INFO] ThirdPartyUpdaterWithRetryManager:70 - Updater plugin not ready yet. [4/15]
2025-05-12 15:21:55,369 [INFO] ThirdPartyUpdaterWithRetryManager:70 - Updater plugin not ready yet. [5/15]
2025-05-12 15:21:58,374 [INFO] ThirdPartyUpdaterWithRetryManager:70 - Updater plugin not ready yet. [6/15]
2025-05-12 15:22:01,378 [INFO] ThirdPartyUpdaterWithRetryManager:70 - Updater plugin not ready yet. [7/15]
2025-05-12 15:22:04,384 [INFO] ThirdPartyUpdaterWithRetryManager:70 - Updater plugin not ready yet. [8/15]
2025-05-12 15:22:07,388 [INFO] ThirdPartyUpdaterWithRetryManager:70 - Updater plugin not ready yet. [9/15]
2025-05-12 15:22:10,394 [INFO] ThirdPartyUpdaterWithRetryManager:70 - Updater plugin not ready yet. [10/15]
2025-05-12 15:22:13,400 [INFO] ThirdPartyUpdaterWithRetryManager:70 - Updater plugin not ready yet. [11/15]
2025-05-12 15:22:16,402 [INFO] ThirdPartyUpdaterWithRetryManager:70 - Updater plugin not ready yet. [12/15]
2025-05-12 15:22:19,409 [INFO] ThirdPartyUpdaterWithRetryManager:70 - Updater plugin not ready yet. [13/15]
2025-05-12 15:22:22,415 [INFO] ThirdPartyUpdaterWithRetryManager:70 - Updater plugin not ready yet. [14/15]
2025-05-12 15:22:25,422 [INFO] ThirdPartyUpdaterWithRetryManager:70 - Updater plugin not ready yet. [15/15]
2025-05-12 15:22:25,423 [ERROR] AbstractThirdPartyUpdaterManager:170 - Updater plugin not retrieved
2025-05-12 15:22:25,424 [ERROR] IntegrityCheckThread:130 - Cannot retrieve database content from updater: error -1
2025-05-12 15:22:25,426 [INFO] ThirdParty:978 - Integrity check success = false
2025-05-12 15:22:25,426 [INFO] IntegrityCheckThread:100 - exiting critical section [integrity check]
2025-05-12 15:22:25,426 [INFO] IntegrityCheckThread:103 - End integrity checks thread
