2025-05-25 13:11:10,399 [INFO] Activator:176 - 


2025-05-25 13:11:10,405 [INFO] Activator:177 - !SESSION log4j initialized
2025-05-25 13:11:15,479 [INFO] LogOutputStream:77 - [STDOUT_REDIRECT] 
2025-05-25 13:11:18,364 [ERROR] LogOutputStream:75 - [STDERR_REDIRECT] 
2025-05-25 13:11:21,664 [INFO] LogOutputStream:77 - [STDOUT_REDIRECT] 
2025-05-25 13:11:23,312 [ERROR] LogOutputStream:75 - [STDERR_REDIRECT] [Fatal Error] :2:10: DOCTYPE은 "http://apache.org/xml/features/disallow-doctype-decl" 기능이 true로 설정된 경우 허용되지 않습니다.
2025-05-25 13:11:23,314 [ERROR] LogOutputStream:75 - [STDERR_REDIRECT] 
2025-05-25 13:11:23,313 [INFO] ApplicationProperties:184 - Using Application install path: /Applications/STM32CubeIDE.app/Contents/Eclipse/plugins/com.st.stm32cube.common.mx_6.11.1.202404110753
2025-05-25 13:11:23,330 [INFO] DbMcusXml:78 - Set database path to: /Applications/STM32CubeIDE.app/Contents/Eclipse/plugins/com.st.stm32cube.common.mx_6.11.1.202404110753//db//mcu/
2025-05-25 13:11:23,330 [INFO] ApiDb:274 - Set plugin database path to: /Applications/STM32CubeIDE.app/Contents/Eclipse/plugins/com.st.stm32cube.common.mx_6.11.1.202404110753//db//plugins/boardmanager/
2025-05-25 13:11:23,330 [WARN] ApiDb:259 - Overriding images path with different value:  => /Applications/STM32CubeIDE.app/Contents/Eclipse/plugins/com.st.stm32cube.common.mx_6.11.1.202404110753//db//plugins/mcufinder/images/
2025-05-25 13:11:23,339 [INFO] ApiDb:250 - Set database path to: /Users/seungjunyoon/.stmcufinder/plugins/mcufinder//mcu/
2025-05-25 13:11:23,340 [INFO] DbMcusAds:125 - Set database path to: /Users/seungjunyoon/.stmcufinder/plugins/mcufinder//mcu/
2025-05-25 13:11:23,342 [INFO] CrossReferenceDbSqlite:203 - Set database path to: /Users/seungjunyoon/.stmcufinder/plugins/mcufinder//mcu/cs/
2025-05-25 13:11:23,498 [INFO] RulesReader:64 - Compatibility file has been processed (297 Rules)
2025-05-25 13:11:23,564 [INFO] DbMcusXml:78 - Set database path to: /Applications/STM32CubeIDE.app/Contents/Eclipse/plugins/com.st.stm32cube.common.mx_6.11.1.202404110753//db//mcu/
2025-05-25 13:11:23,564 [INFO] ApiDb:274 - Set plugin database path to: /Applications/STM32CubeIDE.app/Contents/Eclipse/plugins/com.st.stm32cube.common.mx_6.11.1.202404110753//db//plugins/boardmanager/
2025-05-25 13:11:23,565 [INFO] ApiDb:261 - Set plugin images path to: /Applications/STM32CubeIDE.app/Contents/Eclipse/plugins/com.st.stm32cube.common.mx_6.11.1.202404110753//db//plugins/mcufinder/images/
2025-05-25 13:11:23,565 [WARN] DbFile:41 - Overriding database path with different value: /Users/seungjunyoon/.stmcufinder/plugins/mcufinder/ => /Users/seungjunyoon/.stmcufinder/plugins/mcufinder
2025-05-25 13:11:23,565 [INFO] ApiDb:250 - Set database path to: /Users/seungjunyoon/.stmcufinder/plugins/mcufinder//mcu/
2025-05-25 13:11:23,565 [WARN] DbFile:41 - Overriding database path with different value: /Users/seungjunyoon/.stmcufinder/plugins/mcufinder/ => /Users/seungjunyoon/.stmcufinder/plugins/mcufinder
2025-05-25 13:11:23,565 [INFO] DbMcusAds:125 - Set database path to: /Users/seungjunyoon/.stmcufinder/plugins/mcufinder//mcu/
2025-05-25 13:11:23,565 [WARN] DbFile:41 - Overriding database path with different value: /Users/seungjunyoon/.stmcufinder/plugins/mcufinder/ => /Users/seungjunyoon/.stmcufinder/plugins/mcufinder
2025-05-25 13:11:23,565 [WARN] DbFile:41 - Overriding database path with different value: /Users/seungjunyoon/.stmcufinder/plugins/mcufinder/ => /Users/seungjunyoon/.stmcufinder/plugins/mcufinder
2025-05-25 13:11:23,565 [INFO] CrossReferenceDbSqlite:203 - Set database path to: /Users/seungjunyoon/.stmcufinder/plugins/mcufinder//mcu/cs/
2025-05-25 13:11:23,650 [INFO] MainPanel:264 - HeapMemory: 268435456
2025-05-25 13:11:23,756 [INFO] DbMcusXml:78 - Set database path to: /Applications/STM32CubeIDE.app/Contents/Eclipse/plugins/com.st.stm32cube.common.mx_6.11.1.202404110753//db//mcu/
2025-05-25 13:11:23,756 [INFO] ApiDb:274 - Set plugin database path to: /Applications/STM32CubeIDE.app/Contents/Eclipse/plugins/com.st.stm32cube.common.mx_6.11.1.202404110753//db//plugins/boardmanager/
2025-05-25 13:11:23,756 [INFO] ApiDb:261 - Set plugin images path to: /Applications/STM32CubeIDE.app/Contents/Eclipse/plugins/com.st.stm32cube.common.mx_6.11.1.202404110753//db//plugins/mcufinder/images/
2025-05-25 13:11:23,757 [WARN] DbFile:41 - Overriding database path with different value: /Users/seungjunyoon/.stmcufinder/plugins/mcufinder/ => /Users/seungjunyoon/.stmcufinder/plugins/mcufinder
2025-05-25 13:11:23,757 [INFO] ApiDb:250 - Set database path to: /Users/seungjunyoon/.stmcufinder/plugins/mcufinder//mcu/
2025-05-25 13:11:23,757 [WARN] DbFile:41 - Overriding database path with different value: /Users/seungjunyoon/.stmcufinder/plugins/mcufinder/ => /Users/seungjunyoon/.stmcufinder/plugins/mcufinder
2025-05-25 13:11:23,757 [INFO] DbMcusAds:125 - Set database path to: /Users/seungjunyoon/.stmcufinder/plugins/mcufinder//mcu/
2025-05-25 13:11:23,757 [WARN] DbFile:41 - Overriding database path with different value: /Users/seungjunyoon/.stmcufinder/plugins/mcufinder/ => /Users/seungjunyoon/.stmcufinder/plugins/mcufinder
2025-05-25 13:11:23,757 [WARN] DbFile:41 - Overriding database path with different value: /Users/seungjunyoon/.stmcufinder/plugins/mcufinder/ => /Users/seungjunyoon/.stmcufinder/plugins/mcufinder
2025-05-25 13:11:23,757 [INFO] CrossReferenceDbSqlite:203 - Set database path to: /Users/seungjunyoon/.stmcufinder/plugins/mcufinder//mcu/cs/
2025-05-25 13:11:23,789 [INFO] ApplicationProperties:184 - Using Application install path: /Applications/STM32CubeIDE.app/Contents/Eclipse/plugins/com.st.stm32cube.common.mx_6.11.1.202404110753
2025-05-25 13:11:23,807 [INFO] PluginManage:196 - Search for loadable plugins [exclusion list=, ]
2025-05-25 13:11:23,816 [INFO] PluginManage:310 - Check plugin analytics
2025-05-25 13:11:24,248 [INFO] AnalyticsPlugin:253 - Accepted Software Licenses: 
2025-05-25 13:11:24,249 [INFO] AnalyticsPlugin:255 - Accepted CMSIS Pack Licenses: 
2025-05-25 13:11:24,249 [INFO] AnalyticsPlugin:257 - Accepted Firmware Licenses: 
2025-05-25 13:11:24,255 [INFO] PluginManage:359 - Loaded plugin analytics (category:tool,tabindex:-1)
2025-05-25 13:11:24,258 [INFO] PluginManage:310 - Check plugin cadmodel
2025-05-25 13:11:24,876 [INFO] CADModel:105 - Init CAD model plugin
2025-05-25 13:11:24,877 [INFO] PluginManage:359 - Loaded plugin cadmodel (category:power,tabindex:5)
2025-05-25 13:11:24,877 [INFO] PluginManage:310 - Check plugin clock
2025-05-25 13:11:24,891 [INFO] PluginManage:359 - Loaded plugin clock (category:base,tabindex:2)
2025-05-25 13:11:24,891 [INFO] PluginManage:310 - Check plugin ddr
2025-05-25 13:11:24,893 [INFO] PluginManage:359 - Loaded plugin ddr (category:tool,tabindex:6)
2025-05-25 13:11:24,893 [INFO] PluginManage:310 - Check plugin filemanager
2025-05-25 13:11:25,094 [INFO] PluginManage:359 - Loaded plugin filemanager (category:base,tabindex:10)
2025-05-25 13:11:25,095 [INFO] PluginManage:310 - Check plugin ipmanager
2025-05-25 13:11:25,103 [INFO] PluginManage:359 - Loaded plugin ipmanager (category:base,tabindex:5)
2025-05-25 13:11:25,104 [INFO] PluginManage:310 - Check plugin lpbam
2025-05-25 13:11:25,114 [INFO] PluginManage:359 - Loaded plugin lpbam (category:base,tabindex:0)
2025-05-25 13:11:25,115 [INFO] PluginManage:310 - Check plugin memorymap
2025-05-25 13:11:25,124 [INFO] PluginManage:359 - Loaded plugin memorymap (category:base,tabindex:4)
2025-05-25 13:11:25,125 [INFO] PluginManage:310 - Check plugin pinoutandconfiguration
2025-05-25 13:11:25,130 [INFO] PluginManage:359 - Loaded plugin pinoutandconfiguration (category:base,tabindex:1)
2025-05-25 13:11:25,131 [INFO] PluginManage:310 - Check plugin pinoutconfig
2025-05-25 13:11:25,252 [WARN] SupportedApi:132 - Cannot load RTOS API schema: s4s-elt-must-match.1: The content of 'definitions' must match (annotation?, (simpleType | complexType)?, (unique | key | keyref)*)). A problem was found starting at: attribute.
2025-05-25 13:11:25,438 [INFO] PluginManage:359 - Loaded plugin pinoutconfig (category:base,tabindex:0)
2025-05-25 13:11:25,438 [INFO] PluginManage:310 - Check plugin power
2025-05-25 13:11:25,454 [INFO] PluginManage:359 - Loaded plugin power (category:power,tabindex:4)
2025-05-25 13:11:25,454 [INFO] PluginManage:310 - Check plugin projectmanager
2025-05-25 13:11:25,506 [INFO] PluginManage:359 - Loaded plugin projectmanager (category:projectmanager,tabindex:3)
2025-05-25 13:11:25,507 [INFO] PluginManage:310 - Check plugin thirdparty
2025-05-25 13:11:25,696 [INFO] PluginManage:359 - Loaded plugin thirdparty (category:base,tabindex:-1)
2025-05-25 13:11:25,697 [INFO] PluginManage:310 - Check plugin tools
2025-05-25 13:11:25,697 [WARN] IntegrityCheckThread:84 - waiting for thirdparty lock release [integrity check]
2025-05-25 13:11:25,698 [INFO] IntegrityCheckThread:86 - entering critical section [integrity check]
2025-05-25 13:11:25,702 [INFO] ThirdPartyUpdaterWithRetryManager:70 - Updater plugin not ready yet. [1/15]
2025-05-25 13:11:25,705 [INFO] PluginManage:359 - Loaded plugin tools (category:base,tabindex:7)
2025-05-25 13:11:25,705 [INFO] PluginManage:310 - Check plugin tutovideos
2025-05-25 13:11:25,933 [INFO] PluginManage:359 - Loaded plugin tutovideos (category:base,tabindex:-1)
2025-05-25 13:11:25,935 [INFO] PluginManage:310 - Check plugin updater
2025-05-25 13:11:25,968 [INFO] PluginManage:359 - Loaded plugin updater (category:base,tabindex:12)
2025-05-25 13:11:25,969 [INFO] PluginManage:310 - Check plugin userauth
2025-05-25 13:11:25,985 [INFO] UserAuth:114 - Init User Auth plugin
2025-05-25 13:11:25,985 [INFO] PluginManage:359 - Loaded plugin userauth (category:base,tabindex:14)
2025-05-25 13:11:25,987 [INFO] PluginManage:283 - PluginManage : Loaded plugins [17]
2025-05-25 13:11:26,489 [INFO] PinOutPanel:1561 - setPackage(No Configuration,No Configuration)
2025-05-25 13:11:26,565 [INFO] CADModel:165 - CPN selected for project level
2025-05-25 13:11:26,565 [INFO] CADModel:114 - Register for checkConnection events
2025-05-25 13:11:26,579 [INFO] IPUIPlugin:80 - create IPUIPlugin
2025-05-25 13:11:26,580 [INFO] PluginManager:220 - loadIPPluginJar : add mdma
2025-05-25 13:11:26,586 [INFO] IPUIPlugin:80 - create IPUIPlugin
2025-05-25 13:11:26,586 [INFO] PluginManager:220 - loadIPPluginJar : add freertos
2025-05-25 13:11:26,591 [INFO] IPUIPlugin:80 - create IPUIPlugin
2025-05-25 13:11:26,591 [INFO] PluginManager:220 - loadIPPluginJar : add gic
2025-05-25 13:11:26,597 [INFO] IPUIPlugin:80 - create IPUIPlugin
2025-05-25 13:11:26,597 [INFO] PluginManager:220 - loadIPPluginJar : add adc
2025-05-25 13:11:26,600 [INFO] IPUIPlugin:80 - create IPUIPlugin
2025-05-25 13:11:26,600 [INFO] PluginManager:220 - loadIPPluginJar : add gtzc
2025-05-25 13:11:26,602 [INFO] IPUIPlugin:80 - create IPUIPlugin
2025-05-25 13:11:26,602 [INFO] PluginManager:220 - loadIPPluginJar : add quadspi
2025-05-25 13:11:26,605 [INFO] IPUIPlugin:80 - create IPUIPlugin
2025-05-25 13:11:26,605 [INFO] PluginManager:220 - loadIPPluginJar : add aes
2025-05-25 13:11:26,607 [INFO] IPUIPlugin:80 - create IPUIPlugin
2025-05-25 13:11:26,607 [INFO] PluginManager:220 - loadIPPluginJar : add pdm2pcm
2025-05-25 13:11:26,608 [INFO] IPUIPlugin:80 - create IPUIPlugin
2025-05-25 13:11:26,608 [INFO] PluginManager:220 - loadIPPluginJar : add hash
2025-05-25 13:11:26,609 [INFO] IPUIPlugin:80 - create IPUIPlugin
2025-05-25 13:11:26,610 [INFO] PluginManager:220 - loadIPPluginJar : add tim
2025-05-25 13:11:26,611 [INFO] IPUIPlugin:80 - create IPUIPlugin
2025-05-25 13:11:26,611 [INFO] PluginManager:220 - loadIPPluginJar : add tsc
2025-05-25 13:11:26,613 [INFO] IPUIPlugin:80 - create IPUIPlugin
2025-05-25 13:11:26,613 [INFO] PluginManager:220 - loadIPPluginJar : add extmemmanager
2025-05-25 13:11:26,615 [INFO] IPUIPlugin:80 - create IPUIPlugin
2025-05-25 13:11:26,615 [INFO] PluginManager:220 - loadIPPluginJar : add ts
2025-05-25 13:11:26,619 [INFO] IPUIPlugin:80 - create IPUIPlugin
2025-05-25 13:11:26,620 [INFO] PluginManager:220 - loadIPPluginJar : add can
2025-05-25 13:11:26,621 [INFO] IPUIPlugin:80 - create IPUIPlugin
2025-05-25 13:11:26,621 [INFO] PluginManager:220 - loadIPPluginJar : add dma3
2025-05-25 13:11:26,624 [INFO] IPUIPlugin:80 - create IPUIPlugin
2025-05-25 13:11:26,624 [INFO] PluginManager:220 - loadIPPluginJar : add dfsdm
2025-05-25 13:11:26,626 [INFO] IPUIPlugin:80 - create IPUIPlugin
2025-05-25 13:11:26,626 [INFO] PluginManager:220 - loadIPPluginJar : add spi
2025-05-25 13:11:26,627 [INFO] IPUIPlugin:80 - create IPUIPlugin
2025-05-25 13:11:26,627 [INFO] PluginManager:220 - loadIPPluginJar : add gfxmmu
2025-05-25 13:11:26,628 [INFO] IPUIPlugin:80 - create IPUIPlugin
2025-05-25 13:11:26,628 [INFO] PluginManager:220 - loadIPPluginJar : add genericplugin
2025-05-25 13:11:26,631 [INFO] IPUIPlugin:80 - create IPUIPlugin
2025-05-25 13:11:26,633 [INFO] PluginManager:220 - loadIPPluginJar : add cryp
2025-05-25 13:11:26,637 [INFO] IPUIPlugin:80 - create IPUIPlugin
2025-05-25 13:11:26,637 [INFO] PluginManager:220 - loadIPPluginJar : add gpio
2025-05-25 13:11:26,641 [INFO] IPUIPlugin:80 - create IPUIPlugin
2025-05-25 13:11:26,644 [INFO] PluginManager:220 - loadIPPluginJar : add comp
2025-05-25 13:11:26,648 [INFO] IPUIPlugin:80 - create IPUIPlugin
2025-05-25 13:11:26,649 [INFO] PluginManager:220 - loadIPPluginJar : add tracer_emb
2025-05-25 13:11:26,652 [INFO] IPUIPlugin:80 - create IPUIPlugin
2025-05-25 13:11:26,653 [INFO] PluginManager:220 - loadIPPluginJar : add openamp
2025-05-25 13:11:26,658 [INFO] IPUIPlugin:80 - create IPUIPlugin
2025-05-25 13:11:26,659 [INFO] PluginManager:220 - loadIPPluginJar : add stm32_wpan
2025-05-25 13:11:26,664 [INFO] IPUIPlugin:80 - create IPUIPlugin
2025-05-25 13:11:26,670 [INFO] PluginManager:220 - loadIPPluginJar : add plateformsettings
2025-05-25 13:11:26,673 [INFO] IPUIPlugin:80 - create IPUIPlugin
2025-05-25 13:11:26,673 [INFO] PluginManager:220 - loadIPPluginJar : add ipddr
2025-05-25 13:11:26,676 [INFO] IPUIPlugin:80 - create IPUIPlugin
2025-05-25 13:11:26,676 [INFO] PluginManager:220 - loadIPPluginJar : add usart
2025-05-25 13:11:26,677 [INFO] IPUIPlugin:80 - create IPUIPlugin
2025-05-25 13:11:26,677 [INFO] PluginManager:220 - loadIPPluginJar : add ltdc
2025-05-25 13:11:26,680 [INFO] IPUIPlugin:80 - create IPUIPlugin
2025-05-25 13:11:26,680 [INFO] PluginManager:220 - loadIPPluginJar : add nvic
2025-05-25 13:11:26,681 [INFO] IPUIPlugin:80 - create IPUIPlugin
2025-05-25 13:11:26,681 [INFO] PluginManager:220 - loadIPPluginJar : add fatfs
2025-05-25 13:11:26,687 [INFO] IPUIPlugin:80 - create IPUIPlugin
2025-05-25 13:11:26,688 [INFO] PluginManager:220 - loadIPPluginJar : add linkedlist
2025-05-25 13:11:26,692 [INFO] IPUIPlugin:80 - create IPUIPlugin
2025-05-25 13:11:26,692 [INFO] PluginManager:220 - loadIPPluginJar : add dma
2025-05-25 13:11:26,695 [INFO] IPUIPlugin:80 - create IPUIPlugin
2025-05-25 13:11:26,695 [INFO] PluginManager:220 - loadIPPluginJar : add fmc
2025-05-25 13:11:26,697 [INFO] IPUIPlugin:80 - create IPUIPlugin
2025-05-25 13:11:26,697 [INFO] PluginManager:220 - loadIPPluginJar : add i2s
2025-05-25 13:11:26,698 [INFO] IPUIPlugin:80 - create IPUIPlugin
2025-05-25 13:11:26,698 [INFO] PluginManager:220 - loadIPPluginJar : add ucpd
2025-05-25 13:11:26,700 [INFO] IPUIPlugin:80 - create IPUIPlugin
2025-05-25 13:11:26,700 [INFO] PluginManager:220 - loadIPPluginJar : add lorawan
2025-05-25 13:11:26,703 [INFO] IPUIPlugin:80 - create IPUIPlugin
2025-05-25 13:11:26,703 [INFO] PluginManager:220 - loadIPPluginJar : add opamp
2025-05-25 13:11:26,705 [INFO] IPUIPlugin:80 - create IPUIPlugin
2025-05-25 13:11:26,705 [INFO] PluginManager:220 - loadIPPluginJar : add i3c
2025-05-25 13:11:26,707 [INFO] IPUIPlugin:80 - create IPUIPlugin
2025-05-25 13:11:26,707 [INFO] PluginManager:220 - loadIPPluginJar : add touchsensing
2025-05-25 13:11:26,709 [INFO] IPUIPlugin:80 - create IPUIPlugin
2025-05-25 13:11:26,709 [INFO] PluginManager:220 - loadIPPluginJar : add i2c
2025-05-25 13:11:26,711 [INFO] IPUIPlugin:80 - create IPUIPlugin
2025-05-25 13:11:26,711 [INFO] PluginManager:220 - loadIPPluginJar : add resmgrutility
2025-05-25 13:11:26,713 [INFO] IPUIPlugin:80 - create IPUIPlugin
2025-05-25 13:11:26,713 [INFO] PluginManager:220 - loadIPPluginJar : add sai
2025-05-25 13:11:26,716 [INFO] IPUIPlugin:80 - create IPUIPlugin
2025-05-25 13:11:26,716 [INFO] PluginManager:220 - loadIPPluginJar : add usbx
2025-05-25 13:11:26,843 [INFO] CADModel:165 - CPN selected for project level
2025-05-25 13:11:26,843 [INFO] CADModel:114 - Register for checkConnection events
2025-05-25 13:11:26,844 [FATAL] Updater:308 - Updater called before beeing initialized
2025-05-25 13:11:26,844 [ERROR] CADModel:125 - Updater not yet initialized, retry later 
2025-05-25 13:11:27,196 [INFO] CADModel:165 - CPN selected for project level
2025-05-25 13:11:27,198 [INFO] CADModel:114 - Register for checkConnection events
2025-05-25 13:11:27,199 [FATAL] Updater:308 - Updater called before beeing initialized
2025-05-25 13:11:27,199 [ERROR] CADModel:125 - Updater not yet initialized, retry later 
2025-05-25 13:11:27,203 [FATAL] Updater:308 - Updater called before beeing initialized
2025-05-25 13:11:27,525 [FATAL] Updater:308 - Updater called before beeing initialized
2025-05-25 13:11:27,535 [INFO] DbMcusAds:53 - JSON generation date=Wed May 07 18:07:55 KST 2025 (1746608875679)
2025-05-25 13:11:27,535 [FATAL] Updater:308 - Updater called before beeing initialized
2025-05-25 13:11:28,306 [WARN] DetailPanel:346 - Failed to get advertising image, set to default
2025-05-25 13:11:28,403 [FATAL] Updater:308 - Updater called before beeing initialized
2025-05-25 13:11:28,405 [FATAL] Updater:308 - Updater called before beeing initialized
2025-05-25 13:11:28,406 [FATAL] Updater:308 - Updater called before beeing initialized
2025-05-25 13:11:28,406 [WARN] DetailPanel:346 - Failed to get advertising image, set to default
2025-05-25 13:11:28,407 [FATAL] Updater:308 - Updater called before beeing initialized
2025-05-25 13:11:28,506 [ERROR] Updater:1120 - MainUpdater not yet initialized. External WinMGr cannot be set.
2025-05-25 13:11:28,514 [INFO] Updater:1056 - Updater Version found : 6.11.1
2025-05-25 13:11:28,529 [INFO] ApplicationProperties:184 - Using Application install path: /Applications/STM32CubeIDE.app/Contents/Eclipse/plugins/com.st.stm32cube.common.mx_6.11.1.202404110753
2025-05-25 13:11:28,708 [INFO] ThirdPartyUpdaterWithRetryManager:70 - Updater plugin not ready yet. [2/15]
2025-05-25 13:11:30,258 [INFO] MainUpdater:2873 - connection check result : 10
2025-05-25 13:11:30,259 [INFO] MainUpdater:290 - Updater Check For Update Now.
2025-05-25 13:11:30,260 [INFO] MicroXplorer:498 - Change Database Version : DB.6.0.111
2025-05-25 13:11:30,271 [INFO] McuFinderGlobals:63 - Set McuFinder mode to 2 (CubeIDE integrated)
2025-05-25 13:11:30,295 [INFO] UserAuth:415 - Internet connection configuration mode: 1
2025-05-25 13:11:30,311 [INFO] JxBrowserEngine:152 - Initiate JxBrowser Engine with user profile folder
2025-05-25 13:11:30,587 [INFO] CheckServerUpdateThread:120 - End of CheckServer Thread
2025-05-25 13:11:31,952 [WARN] PackLoader:240 - Cannot read IP mode file for STMicroelectronics.FP-SNS-MOTENVWB1.1.4.0
2025-05-25 13:11:31,988 [WARN] PackLoader:240 - Cannot read IP mode file for STMicroelectronics.FP-ATR-ASTRA1.2.0.2
2025-05-25 13:11:32,014 [WARN] PackLoader:240 - Cannot read IP mode file for STMicroelectronics.X-CUBE-SMBUS.2.1.0
2025-05-25 13:11:32,081 [WARN] PackLoader:240 - Cannot read IP mode file for STMicroelectronics.X-CUBE-AZRTOS-F7.1.1.0
2025-05-25 13:11:32,167 [WARN] PackLoader:240 - Cannot read IP mode file for Infineon.AIROC-Wi-Fi-Bluetooth-STM32.1.7.0
2025-05-25 13:11:32,236 [WARN] PackLoader:240 - Cannot read IP mode file for STMicroelectronics.X-CUBE-DISPLAY.3.0.0
2025-05-25 13:11:32,315 [WARN] PackLoader:240 - Cannot read IP mode file for STMicroelectronics.X-CUBE-NFC10.1.0.0
2025-05-25 13:11:32,382 [WARN] PackLoader:240 - Cannot read IP mode file for STMicroelectronics.X-CUBE-BLEMGR.4.0.0
2025-05-25 13:11:32,409 [WARN] PackLoader:240 - Cannot read IP mode file for emotas.I-CUBE-CANOPEN.1.3.0
2025-05-25 13:11:32,428 [WARN] ConditionMgr:438 - getConditionDescription Invalid condition id : Cortex-A Device cause : null
2025-05-25 13:11:32,445 [WARN] ConditionMgr:1039 - genDependencies : Invalid condition id : Cortex-A Device cause : null
2025-05-25 13:11:32,445 [WARN] ConditionMgr:1039 - genDependencies : Invalid condition id : Cortex-A Device cause : null
2025-05-25 13:11:32,446 [WARN] ConditionMgr:1039 - genDependencies : Invalid condition id : Cortex-A Device cause : null
2025-05-25 13:11:32,458 [WARN] PackLoader:240 - Cannot read IP mode file for STMicroelectronics.X-CUBE-AI.10.0.0
2025-05-25 13:11:32,469 [WARN] PackLoader:240 - Cannot read IP mode file for STMicroelectronics.FP-SNS-SMARTAG2.1.2.0
2025-05-25 13:11:32,474 [ERROR] Engine:466 - /Users/seungjunyoon/.stm32cubemx/thirdparties/pdsc/STMicroelectronics.FP-SNS-FLIGHT1.5.1.0.pdsc: PDSC version is not supported
2025-05-25 13:11:32,499 [INFO] LogOutputStream:77 - [STDOUT_REDIRECT] 1 : Invalid condition id : UX_CORESTACK_Condition cause : null
2025-05-25 13:11:32,501 [INFO] LogOutputStream:77 - [STDOUT_REDIRECT] 1 : Invalid condition id : UX_CORESTACK_Condition cause : null
2025-05-25 13:11:32,502 [INFO] LogOutputStream:77 - [STDOUT_REDIRECT] 1 : Invalid condition id : UX_CORESTACK_Condition cause : null
2025-05-25 13:11:32,503 [INFO] LogOutputStream:77 - [STDOUT_REDIRECT] 1 : Invalid condition id : UX_CORESTACK_Condition cause : null
2025-05-25 13:11:32,503 [INFO] LogOutputStream:77 - [STDOUT_REDIRECT] 1 : Invalid condition id : UX_CORESTACK_Condition cause : null
2025-05-25 13:11:32,517 [WARN] PackLoader:240 - Cannot read IP mode file for STMicroelectronics.X-CUBE-AZRTOS-WL.2.0.0
2025-05-25 13:11:32,534 [WARN] PackLoader:240 - Cannot read IP mode file for STMicroelectronics.FP-SNS-MOTENV1.5.0.0
2025-05-25 13:11:32,554 [WARN] PackLoader:240 - Cannot read IP mode file for WES.I-CUBE-Cesium.1.3.0
2025-05-25 13:11:32,574 [WARN] PackLoader:240 - Cannot read IP mode file for STMicroelectronics.X-CUBE-BLE2.3.3.0
2025-05-25 13:11:32,590 [WARN] PackLoader:240 - Cannot read IP mode file for STMicroelectronics.X-CUBE-NFC9.1.0.0
2025-05-25 13:11:32,612 [WARN] PackLoader:240 - Cannot read IP mode file for STMicroelectronics.X-CUBE-BLE1.7.1.0
2025-05-25 13:11:32,619 [WARN] PackLoader:240 - Cannot read IP mode file for wolfSSL.I-CUBE-wolfMQTT.1.19.2
2025-05-25 13:11:32,795 [WARN] PackLoader:240 - Cannot read IP mode file for STMicroelectronics.X-CUBE-MEMS1.11.2.0
2025-05-25 13:11:33,176 [WARN] PackLoader:240 - Cannot read IP mode file for STMicroelectronics.X-CUBE-AZRTOS-G0.1.1.0
2025-05-25 13:11:33,209 [WARN] PackLoader:240 - Cannot read IP mode file for STMicroelectronics.X-CUBE-SAFEA1.1.2.2
2025-05-25 13:11:33,238 [WARN] PackLoader:240 - Cannot read IP mode file for STMicroelectronics.X-CUBE-NFC4.3.0.0
2025-05-25 13:11:33,263 [WARN] PackLoader:240 - Cannot read IP mode file for EmbeddedOffice.I-CUBE-FS-RTOS.1.0.1
2025-05-25 13:11:33,265 [ERROR] ConditionMgr:805 - Attr not supported : Dmpu
2025-05-25 13:11:33,266 [ERROR] ConditionMgr:805 - Attr not supported : Dmpu
2025-05-25 13:11:33,266 [ERROR] ConditionMgr:805 - Attr not supported : Dmpu
2025-05-25 13:11:33,266 [ERROR] ConditionMgr:805 - Attr not supported : Dmpu
2025-05-25 13:11:33,266 [ERROR] ConditionMgr:805 - Attr not supported : Dmpu
2025-05-25 13:11:33,266 [ERROR] ConditionMgr:805 - Attr not supported : Dmpu
2025-05-25 13:11:33,266 [ERROR] ConditionMgr:805 - Attr not supported : Dmpu
2025-05-25 13:11:33,266 [ERROR] ConditionMgr:805 - Attr not supported : Dmpu
2025-05-25 13:11:33,266 [ERROR] ConditionMgr:805 - Attr not supported : Dmpu
2025-05-25 13:11:33,266 [ERROR] ConditionMgr:805 - Attr not supported : Dmpu
2025-05-25 13:11:33,266 [ERROR] ConditionMgr:805 - Attr not supported : Dmpu
2025-05-25 13:11:33,266 [ERROR] ConditionMgr:805 - Attr not supported : Dmpu
2025-05-25 13:11:33,266 [ERROR] ConditionMgr:805 - Attr not supported : Dmpu
2025-05-25 13:11:33,267 [ERROR] ConditionMgr:805 - Attr not supported : Dmpu
2025-05-25 13:11:33,267 [ERROR] ConditionMgr:805 - Attr not supported : Dmpu
2025-05-25 13:11:33,267 [ERROR] ConditionMgr:805 - Attr not supported : Dmpu
2025-05-25 13:11:33,267 [ERROR] ConditionMgr:805 - Attr not supported : Dmpu
2025-05-25 13:11:33,267 [ERROR] ConditionMgr:805 - Attr not supported : Dmpu
2025-05-25 13:11:33,267 [ERROR] ConditionMgr:805 - Attr not supported : Dmpu
2025-05-25 13:11:33,268 [ERROR] ConditionMgr:805 - Attr not supported : Dmpu
2025-05-25 13:11:33,268 [ERROR] ConditionMgr:805 - Attr not supported : Dmpu
2025-05-25 13:11:33,268 [ERROR] ConditionMgr:805 - Attr not supported : Dmpu
2025-05-25 13:11:33,268 [ERROR] ConditionMgr:805 - Attr not supported : Dmpu
2025-05-25 13:11:33,268 [ERROR] ConditionMgr:805 - Attr not supported : Dmpu
2025-05-25 13:11:33,268 [ERROR] ConditionMgr:805 - Attr not supported : Dmpu
2025-05-25 13:11:33,268 [ERROR] ConditionMgr:805 - Attr not supported : Dmpu
2025-05-25 13:11:33,268 [ERROR] ConditionMgr:805 - Attr not supported : Dmpu
2025-05-25 13:11:33,268 [ERROR] ConditionMgr:805 - Attr not supported : Dmpu
2025-05-25 13:11:33,268 [ERROR] ConditionMgr:805 - Attr not supported : Dmpu
2025-05-25 13:11:33,268 [ERROR] ConditionMgr:805 - Attr not supported : Dmpu
2025-05-25 13:11:33,268 [ERROR] ConditionMgr:805 - Attr not supported : Dmpu
2025-05-25 13:11:33,268 [ERROR] ConditionMgr:805 - Attr not supported : Dmpu
2025-05-25 13:11:33,268 [ERROR] ConditionMgr:805 - Attr not supported : Dmpu
2025-05-25 13:11:33,268 [ERROR] ConditionMgr:805 - Attr not supported : Dmpu
2025-05-25 13:11:33,268 [ERROR] ConditionMgr:805 - Attr not supported : Dmpu
2025-05-25 13:11:33,269 [ERROR] ConditionMgr:805 - Attr not supported : Dmpu
2025-05-25 13:11:33,270 [ERROR] ConditionMgr:805 - Attr not supported : Dmpu
2025-05-25 13:11:33,270 [ERROR] ConditionMgr:805 - Attr not supported : Dmpu
2025-05-25 13:11:33,270 [ERROR] ConditionMgr:805 - Attr not supported : Dmpu
2025-05-25 13:11:33,270 [ERROR] ConditionMgr:805 - Attr not supported : Dmpu
2025-05-25 13:11:33,270 [ERROR] ConditionMgr:805 - Attr not supported : Dmpu
2025-05-25 13:11:33,270 [ERROR] ConditionMgr:805 - Attr not supported : Dmpu
2025-05-25 13:11:33,270 [ERROR] ConditionMgr:805 - Attr not supported : Dmpu
2025-05-25 13:11:33,271 [ERROR] ConditionMgr:805 - Attr not supported : Dmpu
2025-05-25 13:11:33,271 [ERROR] ConditionMgr:805 - Attr not supported : Dmpu
2025-05-25 13:11:33,271 [ERROR] ConditionMgr:805 - Attr not supported : Dmpu
2025-05-25 13:11:33,271 [ERROR] ConditionMgr:805 - Attr not supported : Dmpu
2025-05-25 13:11:33,271 [ERROR] ConditionMgr:805 - Attr not supported : Dmpu
2025-05-25 13:11:33,271 [ERROR] ConditionMgr:805 - Attr not supported : Dmpu
2025-05-25 13:11:33,271 [ERROR] ConditionMgr:805 - Attr not supported : Dmpu
2025-05-25 13:11:33,271 [ERROR] ConditionMgr:805 - Attr not supported : Dmpu
2025-05-25 13:11:33,271 [ERROR] ConditionMgr:805 - Attr not supported : Dmpu
2025-05-25 13:11:33,271 [ERROR] ConditionMgr:805 - Attr not supported : Dmpu
2025-05-25 13:11:33,271 [ERROR] ConditionMgr:805 - Attr not supported : Dmpu
2025-05-25 13:11:33,271 [ERROR] ConditionMgr:805 - Attr not supported : Dmpu
2025-05-25 13:11:33,271 [ERROR] ConditionMgr:805 - Attr not supported : Dmpu
2025-05-25 13:11:33,271 [ERROR] ConditionMgr:805 - Attr not supported : Dmpu
2025-05-25 13:11:33,271 [ERROR] ConditionMgr:805 - Attr not supported : Dmpu
2025-05-25 13:11:33,271 [ERROR] ConditionMgr:805 - Attr not supported : Dmpu
2025-05-25 13:11:33,271 [ERROR] ConditionMgr:805 - Attr not supported : Dmpu
2025-05-25 13:11:33,271 [ERROR] ConditionMgr:805 - Attr not supported : Dmpu
2025-05-25 13:11:33,271 [ERROR] ConditionMgr:805 - Attr not supported : Dmpu
2025-05-25 13:11:33,271 [ERROR] ConditionMgr:805 - Attr not supported : Dmpu
2025-05-25 13:11:33,271 [ERROR] ConditionMgr:805 - Attr not supported : Dmpu
2025-05-25 13:11:33,290 [WARN] PackLoader:240 - Cannot read IP mode file for STMicroelectronics.X-CUBE-WB05N.2.0.0
2025-05-25 13:11:33,306 [WARN] PackLoader:240 - Cannot read IP mode file for wolfSSL.I-CUBE-wolfTPM.3.8.0
2025-05-25 13:11:33,311 [ERROR] Engine:466 - /Users/seungjunyoon/.stm32cubemx/thirdparties/pdsc/STMicroelectronics.X-CUBE-TCPP.4.2.0.pdsc: PDSC version is not supported
2025-05-25 13:11:33,316 [WARN] PackLoader:240 - Cannot read IP mode file for RealThread.X-CUBE-RT-Thread_Nano.4.1.1
2025-05-25 13:11:33,321 [WARN] PackLoader:240 - Cannot read IP mode file for STMicroelectronics.FP-ATR-SIGFOX1.3.2.0
2025-05-25 13:11:33,334 [WARN] PackLoader:240 - Cannot read IP mode file for STMicroelectronics.X-CUBE-EEPRMA1.5.1.0
2025-05-25 13:11:33,341 [WARN] PackLoader:240 - Cannot read IP mode file for wolfSSL.I-CUBE-wolfSSL.5.7.6
2025-05-25 13:11:33,348 [WARN] PackLoader:240 - Cannot read IP mode file for ITTIA_DB.I-CUBE-ITTIADB.8.9.0
2025-05-25 13:11:33,407 [WARN] PackLoader:240 - Cannot read IP mode file for SEGGER.I-CUBE-embOS.1.3.1
2025-05-25 13:11:33,472 [WARN] PackLoader:240 - Cannot read IP mode file for STMicroelectronics.X-CUBE-ALGOBUILD.1.4.0
2025-05-25 13:11:33,506 [WARN] PackLoader:240 - Cannot read IP mode file for STMicroelectronics.X-CUBE-AZRTOS-F4.1.1.0
2025-05-25 13:11:33,514 [ERROR] Engine:466 - /Users/seungjunyoon/.stm32cubemx/thirdparties/pdsc/Avnet-IotConnect.X-CUBE-IoTC-DA16k-PMOD.1.0.0.pdsc: PDSC version is not supported
2025-05-25 13:11:33,520 [WARN] PackLoader:240 - Cannot read IP mode file for STMicroelectronics.X-CUBE-ISPU.2.1.0
2025-05-25 13:11:33,545 [WARN] PackLoader:240 - Cannot read IP mode file for STMicroelectronics.X-CUBE-AZRTOS-L5.2.0.0
2025-05-25 13:11:33,566 [WARN] PackLoader:240 - Cannot read IP mode file for STMicroelectronics.X-CUBE-NFC6.3.1.0
2025-05-25 13:11:33,582 [WARN] PackLoader:240 - Cannot read IP mode file for STMicroelectronics.X-CUBE-FREERTOS.1.3.1
2025-05-25 13:11:33,588 [WARN] PackLoader:240 - Cannot read IP mode file for STMicroelectronics.X-CUBE-FREERTOS.1.3.0
2025-05-25 13:11:33,596 [WARN] PackLoader:240 - Cannot read IP mode file for STMicroelectronics.X-CUBE-DPower.1.3.0
2025-05-25 13:11:33,625 [WARN] ConditionMgr:438 - getConditionDescription Invalid condition id : LAN8742 Phy interface Condition cause : null
2025-05-25 13:11:33,627 [WARN] PackLoader:240 - Cannot read IP mode file for STMicroelectronics.X-CUBE-AZRTOS-L4.2.0.0
2025-05-25 13:11:33,632 [WARN] ConditionMgr:1039 - genDependencies : Invalid condition id : LAN8742 Phy interface Condition cause : null
2025-05-25 13:11:33,632 [WARN] ConditionMgr:1039 - genDependencies : Invalid condition id : LAN8742 Phy interface Condition cause : null
2025-05-25 13:11:33,634 [WARN] ConditionMgr:1039 - genDependencies : Invalid condition id : LAN8742 Phy interface Condition cause : null
2025-05-25 13:11:33,665 [WARN] PackLoader:240 - Cannot read IP mode file for STMicroelectronics.X-CUBE-SFXS2LP1.4.0.0
2025-05-25 13:11:33,706 [WARN] PackLoader:240 - Cannot read IP mode file for STMicroelectronics.X-CUBE-AZRTOS-H7.3.3.0
2025-05-25 13:11:33,728 [WARN] ConditionMgr:438 - getConditionDescription Invalid condition id : UX DEVICE CLASS RTOS Condition cause : null
2025-05-25 13:11:33,729 [WARN] ConditionMgr:438 - getConditionDescription Invalid condition id : UX DEVICE CLASS RTOS Condition cause : null
2025-05-25 13:11:33,734 [WARN] PackLoader:240 - Cannot read IP mode file for STMicroelectronics.X-CUBE-AZRTOS-WB.2.0.0
2025-05-25 13:11:33,735 [WARN] ConditionMgr:1039 - genDependencies : Invalid condition id : UX DEVICE CLASS RTOS Condition cause : null
2025-05-25 13:11:33,735 [WARN] ConditionMgr:1039 - genDependencies : Invalid condition id : UX DEVICE CLASS RTOS Condition cause : null
2025-05-25 13:11:33,736 [WARN] ConditionMgr:1039 - genDependencies : Invalid condition id : UX DEVICE CLASS RTOS Condition cause : null
2025-05-25 13:11:33,737 [WARN] ConditionMgr:1039 - genDependencies : Invalid condition id : UX DEVICE CLASS RTOS Condition cause : null
2025-05-25 13:11:33,737 [WARN] ConditionMgr:1039 - genDependencies : Invalid condition id : UX DEVICE CLASS RTOS Condition cause : null
2025-05-25 13:11:33,747 [WARN] PackLoader:240 - Cannot read IP mode file for STMicroelectronics.X-CUBE-GNSS1.7.0.1
2025-05-25 13:11:33,753 [WARN] PackLoader:240 - Cannot read IP mode file for STMicroelectronics.X-CUBE-TOUCHGFX.4.25.0
2025-05-25 13:11:33,763 [WARN] PackLoader:240 - Cannot read IP mode file for STMicroelectronics.FP-SNS-STBOX1.2.0.0
2025-05-25 13:11:33,785 [WARN] PackLoader:240 - Cannot read IP mode file for STMicroelectronics.X-CUBE-SUBG2.5.0.0
2025-05-25 13:11:33,820 [WARN] PackLoader:240 - Cannot read IP mode file for STMicroelectronics.X-CUBE-AZRTOS-H7RS.1.1.0
2025-05-25 13:11:33,828 [WARN] PackLoader:240 - Cannot read IP mode file for Cesanta.I-CUBE-Mongoose.7.13.0
2025-05-25 13:11:33,849 [WARN] PackLoader:240 - Cannot read IP mode file for STMicroelectronics.X-CUBE-AZRTOS-G4.2.0.0
2025-05-25 13:11:33,860 [WARN] PackLoader:240 - Cannot read IP mode file for wolfSSL.I-CUBE-wolfSSH.1.4.20
2025-05-25 13:11:33,869 [WARN] PackLoader:240 - Cannot read IP mode file for STMicroelectronics.X-CUBE-NFC7.2.0.0
2025-05-25 13:11:33,876 [ERROR] Engine:466 - /Users/seungjunyoon/.stm32cubemx/thirdparties/pdsc/STMicroelectronics.X-CUBE-IPS.3.1.0.pdsc: PDSC version is not supported
2025-05-25 13:11:33,879 [WARN] PackLoader:240 - Cannot read IP mode file for STMicroelectronics.X-CUBE-ALS.1.0.2
2025-05-25 13:11:33,886 [WARN] PackLoader:240 - Cannot read IP mode file for portGmbH.I-Cube-SoM-uGOAL.1.1.0
2025-05-25 13:11:33,891 [ERROR] Engine:466 - /Users/seungjunyoon/.stm32cubemx/thirdparties/pdsc/STMicroelectronics.X-CUBE-TOF1.3.4.3.pdsc: PDSC version is not supported
2025-05-25 13:11:33,896 [INFO] ThirdParty:978 - Integrity check success = true
2025-05-25 13:11:33,897 [INFO] IntegrityCheckThread:100 - exiting critical section [integrity check]
2025-05-25 13:11:33,897 [INFO] IntegrityCheckThread:103 - End integrity checks thread
2025-05-25 13:11:35,225 [INFO] WebApp:161 - Instantiating new browser for Auth
2025-05-25 13:11:36,696 [INFO] WebApp:779 - Register for checkConnection events
2025-05-25 13:11:36,697 [INFO] WebApp:414 - Apply proxy settings
2025-05-25 13:11:36,720 [INFO] WebApp:459 - Chromium authenticates against Manually configured proxy
2025-05-25 13:11:36,742 [INFO] WebApp:467 - Username used for proxy authentication: 
2025-05-25 13:11:36,932 [INFO] WebApp:192 - Starting web application
2025-05-25 13:11:36,932 [INFO] WebApp:544 - Web application path used /Applications/STM32CubeIDE.app/Contents/Eclipse/plugins/com.st.stm32cube.common.mx_6.11.1.202404110753/db/plugins/mcufinder/reactClient1/index.html
2025-05-25 16:20:14,670 [ERROR] LogOutputStream:75 - [STDERR_REDIRECT] 
