2025-05-30 17:10:51,097 [INFO] Activator:176 - 


2025-05-30 17:10:51,103 [INFO] Activator:177 - !SESSION log4j initialized
2025-05-30 17:10:56,201 [INFO] LogOutputStream:77 - [STDOUT_REDIRECT] 
2025-05-30 17:10:59,527 [ERROR] LogOutputStream:75 - [STDERR_REDIRECT] 
2025-05-30 17:11:02,582 [INFO] LogOutputStream:77 - [STDOUT_REDIRECT] 
2025-05-30 17:11:04,275 [INFO] ApplicationProperties:184 - Using Application install path: /Applications/STM32CubeIDE.app/Contents/Eclipse/plugins/com.st.stm32cube.common.mx_6.11.1.202404110753
2025-05-30 17:11:04,367 [INFO] DbMcusXml:78 - Set database path to: /Applications/STM32CubeIDE.app/Contents/Eclipse/plugins/com.st.stm32cube.common.mx_6.11.1.202404110753//db//mcu/
2025-05-30 17:11:04,368 [INFO] ApiDb:274 - Set plugin database path to: /Applications/STM32CubeIDE.app/Contents/Eclipse/plugins/com.st.stm32cube.common.mx_6.11.1.202404110753//db//plugins/boardmanager/
2025-05-30 17:11:04,369 [WARN] ApiDb:259 - Overriding images path with different value:  => /Applications/STM32CubeIDE.app/Contents/Eclipse/plugins/com.st.stm32cube.common.mx_6.11.1.202404110753//db//plugins/mcufinder/images/
2025-05-30 17:11:04,379 [INFO] ApiDb:250 - Set database path to: /Users/seungjunyoon/.stmcufinder/plugins/mcufinder//mcu/
2025-05-30 17:11:04,380 [INFO] DbMcusAds:125 - Set database path to: /Users/seungjunyoon/.stmcufinder/plugins/mcufinder//mcu/
2025-05-30 17:11:04,381 [INFO] CrossReferenceDbSqlite:203 - Set database path to: /Users/seungjunyoon/.stmcufinder/plugins/mcufinder//mcu/cs/
2025-05-30 17:11:04,645 [ERROR] LogOutputStream:75 - [STDERR_REDIRECT] [Fatal Error] :2:10: DOCTYPE은 "http://apache.org/xml/features/disallow-doctype-decl" 기능이 true로 설정된 경우 허용되지 않습니다.
2025-05-30 17:11:04,650 [ERROR] LogOutputStream:75 - [STDERR_REDIRECT] 
2025-05-30 17:11:04,695 [INFO] RulesReader:64 - Compatibility file has been processed (297 Rules)
2025-05-30 17:11:04,791 [INFO] DbMcusXml:78 - Set database path to: /Applications/STM32CubeIDE.app/Contents/Eclipse/plugins/com.st.stm32cube.common.mx_6.11.1.202404110753//db//mcu/
2025-05-30 17:11:04,791 [INFO] ApiDb:274 - Set plugin database path to: /Applications/STM32CubeIDE.app/Contents/Eclipse/plugins/com.st.stm32cube.common.mx_6.11.1.202404110753//db//plugins/boardmanager/
2025-05-30 17:11:04,791 [INFO] ApiDb:261 - Set plugin images path to: /Applications/STM32CubeIDE.app/Contents/Eclipse/plugins/com.st.stm32cube.common.mx_6.11.1.202404110753//db//plugins/mcufinder/images/
2025-05-30 17:11:04,792 [WARN] DbFile:41 - Overriding database path with different value: /Users/seungjunyoon/.stmcufinder/plugins/mcufinder/ => /Users/seungjunyoon/.stmcufinder/plugins/mcufinder
2025-05-30 17:11:04,792 [INFO] ApiDb:250 - Set database path to: /Users/seungjunyoon/.stmcufinder/plugins/mcufinder//mcu/
2025-05-30 17:11:04,792 [WARN] DbFile:41 - Overriding database path with different value: /Users/seungjunyoon/.stmcufinder/plugins/mcufinder/ => /Users/seungjunyoon/.stmcufinder/plugins/mcufinder
2025-05-30 17:11:04,792 [INFO] DbMcusAds:125 - Set database path to: /Users/seungjunyoon/.stmcufinder/plugins/mcufinder//mcu/
2025-05-30 17:11:04,792 [WARN] DbFile:41 - Overriding database path with different value: /Users/seungjunyoon/.stmcufinder/plugins/mcufinder/ => /Users/seungjunyoon/.stmcufinder/plugins/mcufinder
2025-05-30 17:11:04,792 [WARN] DbFile:41 - Overriding database path with different value: /Users/seungjunyoon/.stmcufinder/plugins/mcufinder/ => /Users/seungjunyoon/.stmcufinder/plugins/mcufinder
2025-05-30 17:11:04,792 [INFO] CrossReferenceDbSqlite:203 - Set database path to: /Users/seungjunyoon/.stmcufinder/plugins/mcufinder//mcu/cs/
2025-05-30 17:11:04,894 [INFO] MainPanel:264 - HeapMemory: 308281344
2025-05-30 17:11:04,997 [INFO] DbMcusXml:78 - Set database path to: /Applications/STM32CubeIDE.app/Contents/Eclipse/plugins/com.st.stm32cube.common.mx_6.11.1.202404110753//db//mcu/
2025-05-30 17:11:04,997 [INFO] ApiDb:274 - Set plugin database path to: /Applications/STM32CubeIDE.app/Contents/Eclipse/plugins/com.st.stm32cube.common.mx_6.11.1.202404110753//db//plugins/boardmanager/
2025-05-30 17:11:04,997 [INFO] ApiDb:261 - Set plugin images path to: /Applications/STM32CubeIDE.app/Contents/Eclipse/plugins/com.st.stm32cube.common.mx_6.11.1.202404110753//db//plugins/mcufinder/images/
2025-05-30 17:11:04,998 [WARN] DbFile:41 - Overriding database path with different value: /Users/seungjunyoon/.stmcufinder/plugins/mcufinder/ => /Users/seungjunyoon/.stmcufinder/plugins/mcufinder
2025-05-30 17:11:04,998 [INFO] ApiDb:250 - Set database path to: /Users/seungjunyoon/.stmcufinder/plugins/mcufinder//mcu/
2025-05-30 17:11:04,998 [WARN] DbFile:41 - Overriding database path with different value: /Users/seungjunyoon/.stmcufinder/plugins/mcufinder/ => /Users/seungjunyoon/.stmcufinder/plugins/mcufinder
2025-05-30 17:11:04,998 [INFO] DbMcusAds:125 - Set database path to: /Users/seungjunyoon/.stmcufinder/plugins/mcufinder//mcu/
2025-05-30 17:11:04,998 [WARN] DbFile:41 - Overriding database path with different value: /Users/seungjunyoon/.stmcufinder/plugins/mcufinder/ => /Users/seungjunyoon/.stmcufinder/plugins/mcufinder
2025-05-30 17:11:04,998 [WARN] DbFile:41 - Overriding database path with different value: /Users/seungjunyoon/.stmcufinder/plugins/mcufinder/ => /Users/seungjunyoon/.stmcufinder/plugins/mcufinder
2025-05-30 17:11:04,998 [INFO] CrossReferenceDbSqlite:203 - Set database path to: /Users/seungjunyoon/.stmcufinder/plugins/mcufinder//mcu/cs/
2025-05-30 17:11:05,017 [INFO] ApplicationProperties:184 - Using Application install path: /Applications/STM32CubeIDE.app/Contents/Eclipse/plugins/com.st.stm32cube.common.mx_6.11.1.202404110753
2025-05-30 17:11:05,018 [INFO] PluginManage:196 - Search for loadable plugins [exclusion list=, ]
2025-05-30 17:11:05,021 [INFO] PluginManage:310 - Check plugin analytics
2025-05-30 17:11:05,306 [INFO] AnalyticsPlugin:253 - Accepted Software Licenses: 
2025-05-30 17:11:05,306 [INFO] AnalyticsPlugin:255 - Accepted CMSIS Pack Licenses: 
2025-05-30 17:11:05,306 [INFO] AnalyticsPlugin:257 - Accepted Firmware Licenses: 
2025-05-30 17:11:05,317 [INFO] PluginManage:359 - Loaded plugin analytics (category:tool,tabindex:-1)
2025-05-30 17:11:05,317 [INFO] PluginManage:310 - Check plugin cadmodel
2025-05-30 17:11:05,891 [INFO] CADModel:105 - Init CAD model plugin
2025-05-30 17:11:05,892 [INFO] PluginManage:359 - Loaded plugin cadmodel (category:power,tabindex:5)
2025-05-30 17:11:05,893 [INFO] PluginManage:310 - Check plugin clock
2025-05-30 17:11:05,909 [INFO] PluginManage:359 - Loaded plugin clock (category:base,tabindex:2)
2025-05-30 17:11:05,909 [INFO] PluginManage:310 - Check plugin ddr
2025-05-30 17:11:05,913 [INFO] PluginManage:359 - Loaded plugin ddr (category:tool,tabindex:6)
2025-05-30 17:11:05,914 [INFO] PluginManage:310 - Check plugin filemanager
2025-05-30 17:11:06,101 [INFO] PluginManage:359 - Loaded plugin filemanager (category:base,tabindex:10)
2025-05-30 17:11:06,102 [INFO] PluginManage:310 - Check plugin ipmanager
2025-05-30 17:11:06,113 [INFO] PluginManage:359 - Loaded plugin ipmanager (category:base,tabindex:5)
2025-05-30 17:11:06,113 [INFO] PluginManage:310 - Check plugin lpbam
2025-05-30 17:11:06,122 [INFO] PluginManage:359 - Loaded plugin lpbam (category:base,tabindex:0)
2025-05-30 17:11:06,123 [INFO] PluginManage:310 - Check plugin memorymap
2025-05-30 17:11:06,132 [INFO] PluginManage:359 - Loaded plugin memorymap (category:base,tabindex:4)
2025-05-30 17:11:06,132 [INFO] PluginManage:310 - Check plugin pinoutandconfiguration
2025-05-30 17:11:06,137 [INFO] PluginManage:359 - Loaded plugin pinoutandconfiguration (category:base,tabindex:1)
2025-05-30 17:11:06,137 [INFO] PluginManage:310 - Check plugin pinoutconfig
2025-05-30 17:11:06,241 [WARN] SupportedApi:132 - Cannot load RTOS API schema: s4s-elt-must-match.1: The content of 'definitions' must match (annotation?, (simpleType | complexType)?, (unique | key | keyref)*)). A problem was found starting at: attribute.
2025-05-30 17:11:06,445 [INFO] PluginManage:359 - Loaded plugin pinoutconfig (category:base,tabindex:0)
2025-05-30 17:11:06,445 [INFO] PluginManage:310 - Check plugin power
2025-05-30 17:11:06,462 [INFO] PluginManage:359 - Loaded plugin power (category:power,tabindex:4)
2025-05-30 17:11:06,462 [INFO] PluginManage:310 - Check plugin projectmanager
2025-05-30 17:11:06,502 [INFO] PluginManage:359 - Loaded plugin projectmanager (category:projectmanager,tabindex:3)
2025-05-30 17:11:06,502 [INFO] PluginManage:310 - Check plugin thirdparty
2025-05-30 17:11:06,684 [INFO] PluginManage:359 - Loaded plugin thirdparty (category:base,tabindex:-1)
2025-05-30 17:11:06,685 [INFO] PluginManage:310 - Check plugin tools
2025-05-30 17:11:06,684 [WARN] IntegrityCheckThread:84 - waiting for thirdparty lock release [integrity check]
2025-05-30 17:11:06,685 [INFO] IntegrityCheckThread:86 - entering critical section [integrity check]
2025-05-30 17:11:06,687 [INFO] ThirdPartyUpdaterWithRetryManager:70 - Updater plugin not ready yet. [1/15]
2025-05-30 17:11:06,687 [INFO] PluginManage:359 - Loaded plugin tools (category:base,tabindex:7)
2025-05-30 17:11:06,688 [INFO] PluginManage:310 - Check plugin tutovideos
2025-05-30 17:11:06,860 [INFO] PluginManage:359 - Loaded plugin tutovideos (category:base,tabindex:-1)
2025-05-30 17:11:06,861 [INFO] PluginManage:310 - Check plugin updater
2025-05-30 17:11:06,880 [INFO] PluginManage:359 - Loaded plugin updater (category:base,tabindex:12)
2025-05-30 17:11:06,880 [INFO] PluginManage:310 - Check plugin userauth
2025-05-30 17:11:06,889 [INFO] UserAuth:114 - Init User Auth plugin
2025-05-30 17:11:06,889 [INFO] PluginManage:359 - Loaded plugin userauth (category:base,tabindex:14)
2025-05-30 17:11:06,891 [INFO] PluginManage:283 - PluginManage : Loaded plugins [17]
2025-05-30 17:11:07,235 [INFO] PinOutPanel:1561 - setPackage(No Configuration,No Configuration)
2025-05-30 17:11:07,326 [INFO] CADModel:165 - CPN selected for project level
2025-05-30 17:11:07,327 [INFO] CADModel:114 - Register for checkConnection events
2025-05-30 17:11:07,353 [INFO] IPUIPlugin:80 - create IPUIPlugin
2025-05-30 17:11:07,354 [INFO] PluginManager:220 - loadIPPluginJar : add mdma
2025-05-30 17:11:07,364 [INFO] IPUIPlugin:80 - create IPUIPlugin
2025-05-30 17:11:07,364 [INFO] PluginManager:220 - loadIPPluginJar : add freertos
2025-05-30 17:11:07,369 [INFO] IPUIPlugin:80 - create IPUIPlugin
2025-05-30 17:11:07,370 [INFO] PluginManager:220 - loadIPPluginJar : add gic
2025-05-30 17:11:07,378 [INFO] IPUIPlugin:80 - create IPUIPlugin
2025-05-30 17:11:07,378 [INFO] PluginManager:220 - loadIPPluginJar : add adc
2025-05-30 17:11:07,383 [INFO] IPUIPlugin:80 - create IPUIPlugin
2025-05-30 17:11:07,384 [INFO] PluginManager:220 - loadIPPluginJar : add gtzc
2025-05-30 17:11:07,385 [INFO] IPUIPlugin:80 - create IPUIPlugin
2025-05-30 17:11:07,385 [INFO] PluginManager:220 - loadIPPluginJar : add quadspi
2025-05-30 17:11:07,389 [INFO] IPUIPlugin:80 - create IPUIPlugin
2025-05-30 17:11:07,389 [INFO] PluginManager:220 - loadIPPluginJar : add aes
2025-05-30 17:11:07,391 [INFO] IPUIPlugin:80 - create IPUIPlugin
2025-05-30 17:11:07,391 [INFO] PluginManager:220 - loadIPPluginJar : add pdm2pcm
2025-05-30 17:11:07,395 [INFO] IPUIPlugin:80 - create IPUIPlugin
2025-05-30 17:11:07,395 [INFO] PluginManager:220 - loadIPPluginJar : add hash
2025-05-30 17:11:07,398 [INFO] IPUIPlugin:80 - create IPUIPlugin
2025-05-30 17:11:07,399 [INFO] PluginManager:220 - loadIPPluginJar : add tim
2025-05-30 17:11:07,402 [INFO] IPUIPlugin:80 - create IPUIPlugin
2025-05-30 17:11:07,402 [INFO] PluginManager:220 - loadIPPluginJar : add tsc
2025-05-30 17:11:07,405 [INFO] IPUIPlugin:80 - create IPUIPlugin
2025-05-30 17:11:07,406 [INFO] PluginManager:220 - loadIPPluginJar : add extmemmanager
2025-05-30 17:11:07,409 [INFO] IPUIPlugin:80 - create IPUIPlugin
2025-05-30 17:11:07,409 [INFO] PluginManager:220 - loadIPPluginJar : add ts
2025-05-30 17:11:07,412 [INFO] IPUIPlugin:80 - create IPUIPlugin
2025-05-30 17:11:07,412 [INFO] PluginManager:220 - loadIPPluginJar : add can
2025-05-30 17:11:07,415 [INFO] IPUIPlugin:80 - create IPUIPlugin
2025-05-30 17:11:07,415 [INFO] PluginManager:220 - loadIPPluginJar : add dma3
2025-05-30 17:11:07,420 [INFO] IPUIPlugin:80 - create IPUIPlugin
2025-05-30 17:11:07,420 [INFO] PluginManager:220 - loadIPPluginJar : add dfsdm
2025-05-30 17:11:07,423 [INFO] IPUIPlugin:80 - create IPUIPlugin
2025-05-30 17:11:07,423 [INFO] PluginManager:220 - loadIPPluginJar : add spi
2025-05-30 17:11:07,424 [INFO] IPUIPlugin:80 - create IPUIPlugin
2025-05-30 17:11:07,424 [INFO] PluginManager:220 - loadIPPluginJar : add gfxmmu
2025-05-30 17:11:07,425 [INFO] IPUIPlugin:80 - create IPUIPlugin
2025-05-30 17:11:07,425 [INFO] PluginManager:220 - loadIPPluginJar : add genericplugin
2025-05-30 17:11:07,428 [INFO] IPUIPlugin:80 - create IPUIPlugin
2025-05-30 17:11:07,428 [INFO] PluginManager:220 - loadIPPluginJar : add cryp
2025-05-30 17:11:07,433 [INFO] IPUIPlugin:80 - create IPUIPlugin
2025-05-30 17:11:07,433 [INFO] PluginManager:220 - loadIPPluginJar : add gpio
2025-05-30 17:11:07,436 [INFO] IPUIPlugin:80 - create IPUIPlugin
2025-05-30 17:11:07,436 [INFO] PluginManager:220 - loadIPPluginJar : add comp
2025-05-30 17:11:07,438 [INFO] IPUIPlugin:80 - create IPUIPlugin
2025-05-30 17:11:07,438 [INFO] PluginManager:220 - loadIPPluginJar : add tracer_emb
2025-05-30 17:11:07,444 [INFO] IPUIPlugin:80 - create IPUIPlugin
2025-05-30 17:11:07,445 [INFO] PluginManager:220 - loadIPPluginJar : add openamp
2025-05-30 17:11:07,460 [INFO] IPUIPlugin:80 - create IPUIPlugin
2025-05-30 17:11:07,461 [INFO] PluginManager:220 - loadIPPluginJar : add stm32_wpan
2025-05-30 17:11:07,471 [INFO] IPUIPlugin:80 - create IPUIPlugin
2025-05-30 17:11:07,485 [INFO] PluginManager:220 - loadIPPluginJar : add plateformsettings
2025-05-30 17:11:07,488 [INFO] IPUIPlugin:80 - create IPUIPlugin
2025-05-30 17:11:07,489 [INFO] PluginManager:220 - loadIPPluginJar : add ipddr
2025-05-30 17:11:07,492 [INFO] IPUIPlugin:80 - create IPUIPlugin
2025-05-30 17:11:07,492 [INFO] PluginManager:220 - loadIPPluginJar : add usart
2025-05-30 17:11:07,493 [INFO] IPUIPlugin:80 - create IPUIPlugin
2025-05-30 17:11:07,493 [INFO] PluginManager:220 - loadIPPluginJar : add ltdc
2025-05-30 17:11:07,496 [INFO] IPUIPlugin:80 - create IPUIPlugin
2025-05-30 17:11:07,496 [INFO] PluginManager:220 - loadIPPluginJar : add nvic
2025-05-30 17:11:07,497 [INFO] IPUIPlugin:80 - create IPUIPlugin
2025-05-30 17:11:07,497 [INFO] PluginManager:220 - loadIPPluginJar : add fatfs
2025-05-30 17:11:07,504 [INFO] IPUIPlugin:80 - create IPUIPlugin
2025-05-30 17:11:07,504 [INFO] PluginManager:220 - loadIPPluginJar : add linkedlist
2025-05-30 17:11:07,551 [INFO] IPUIPlugin:80 - create IPUIPlugin
2025-05-30 17:11:07,554 [INFO] PluginManager:220 - loadIPPluginJar : add dma
2025-05-30 17:11:07,571 [INFO] IPUIPlugin:80 - create IPUIPlugin
2025-05-30 17:11:07,571 [INFO] PluginManager:220 - loadIPPluginJar : add fmc
2025-05-30 17:11:07,573 [INFO] IPUIPlugin:80 - create IPUIPlugin
2025-05-30 17:11:07,573 [INFO] PluginManager:220 - loadIPPluginJar : add i2s
2025-05-30 17:11:07,574 [INFO] IPUIPlugin:80 - create IPUIPlugin
2025-05-30 17:11:07,574 [INFO] PluginManager:220 - loadIPPluginJar : add ucpd
2025-05-30 17:11:07,576 [INFO] IPUIPlugin:80 - create IPUIPlugin
2025-05-30 17:11:07,576 [INFO] PluginManager:220 - loadIPPluginJar : add lorawan
2025-05-30 17:11:07,580 [INFO] IPUIPlugin:80 - create IPUIPlugin
2025-05-30 17:11:07,580 [INFO] PluginManager:220 - loadIPPluginJar : add opamp
2025-05-30 17:11:07,582 [INFO] IPUIPlugin:80 - create IPUIPlugin
2025-05-30 17:11:07,582 [INFO] PluginManager:220 - loadIPPluginJar : add i3c
2025-05-30 17:11:07,584 [INFO] IPUIPlugin:80 - create IPUIPlugin
2025-05-30 17:11:07,588 [INFO] PluginManager:220 - loadIPPluginJar : add touchsensing
2025-05-30 17:11:07,590 [INFO] IPUIPlugin:80 - create IPUIPlugin
2025-05-30 17:11:07,590 [INFO] PluginManager:220 - loadIPPluginJar : add i2c
2025-05-30 17:11:07,592 [INFO] IPUIPlugin:80 - create IPUIPlugin
2025-05-30 17:11:07,592 [INFO] PluginManager:220 - loadIPPluginJar : add resmgrutility
2025-05-30 17:11:07,594 [INFO] IPUIPlugin:80 - create IPUIPlugin
2025-05-30 17:11:07,594 [INFO] PluginManager:220 - loadIPPluginJar : add sai
2025-05-30 17:11:07,596 [INFO] IPUIPlugin:80 - create IPUIPlugin
2025-05-30 17:11:07,597 [INFO] PluginManager:220 - loadIPPluginJar : add usbx
2025-05-30 17:11:07,762 [INFO] CADModel:165 - CPN selected for project level
2025-05-30 17:11:07,763 [INFO] CADModel:114 - Register for checkConnection events
2025-05-30 17:11:07,763 [FATAL] Updater:308 - Updater called before beeing initialized
2025-05-30 17:11:07,763 [ERROR] CADModel:125 - Updater not yet initialized, retry later 
2025-05-30 17:11:08,032 [INFO] CADModel:165 - CPN selected for project level
2025-05-30 17:11:08,033 [INFO] CADModel:114 - Register for checkConnection events
2025-05-30 17:11:08,033 [FATAL] Updater:308 - Updater called before beeing initialized
2025-05-30 17:11:08,033 [ERROR] CADModel:125 - Updater not yet initialized, retry later 
2025-05-30 17:11:08,036 [FATAL] Updater:308 - Updater called before beeing initialized
2025-05-30 17:11:08,227 [FATAL] Updater:308 - Updater called before beeing initialized
2025-05-30 17:11:08,234 [INFO] DbMcusAds:53 - JSON generation date=Wed May 07 18:07:55 KST 2025 (1746608875679)
2025-05-30 17:11:08,235 [FATAL] Updater:308 - Updater called before beeing initialized
2025-05-30 17:11:08,995 [WARN] DetailPanel:346 - Failed to get advertising image, set to default
2025-05-30 17:11:09,090 [FATAL] Updater:308 - Updater called before beeing initialized
2025-05-30 17:11:09,092 [FATAL] Updater:308 - Updater called before beeing initialized
2025-05-30 17:11:09,093 [FATAL] Updater:308 - Updater called before beeing initialized
2025-05-30 17:11:09,094 [WARN] DetailPanel:346 - Failed to get advertising image, set to default
2025-05-30 17:11:09,095 [FATAL] Updater:308 - Updater called before beeing initialized
2025-05-30 17:11:09,179 [ERROR] Updater:1120 - MainUpdater not yet initialized. External WinMGr cannot be set.
2025-05-30 17:11:09,186 [INFO] Updater:1056 - Updater Version found : 6.11.1
2025-05-30 17:11:09,201 [INFO] ApplicationProperties:184 - Using Application install path: /Applications/STM32CubeIDE.app/Contents/Eclipse/plugins/com.st.stm32cube.common.mx_6.11.1.202404110753
2025-05-30 17:11:09,692 [INFO] ThirdPartyUpdaterWithRetryManager:70 - Updater plugin not ready yet. [2/15]
2025-05-30 17:11:09,739 [INFO] MainUpdater:2873 - connection check result : 10
2025-05-30 17:11:09,741 [INFO] MainUpdater:290 - Updater Check For Update Now.
2025-05-30 17:11:09,741 [INFO] MicroXplorer:498 - Change Database Version : DB.6.0.111
2025-05-30 17:11:09,752 [INFO] McuFinderGlobals:63 - Set McuFinder mode to 2 (CubeIDE integrated)
2025-05-30 17:11:09,792 [INFO] UserAuth:415 - Internet connection configuration mode: 1
2025-05-30 17:11:09,816 [INFO] JxBrowserEngine:152 - Initiate JxBrowser Engine with user profile folder
2025-05-30 17:11:10,182 [INFO] CheckServerUpdateThread:120 - End of CheckServer Thread
2025-05-30 17:11:12,937 [WARN] PackLoader:240 - Cannot read IP mode file for STMicroelectronics.FP-SNS-MOTENVWB1.1.4.0
2025-05-30 17:11:12,970 [WARN] PackLoader:240 - Cannot read IP mode file for STMicroelectronics.FP-ATR-ASTRA1.2.0.2
2025-05-30 17:11:12,995 [WARN] PackLoader:240 - Cannot read IP mode file for STMicroelectronics.X-CUBE-SMBUS.2.1.0
2025-05-30 17:11:13,001 [ERROR] Engine:466 - /Users/seungjunyoon/.stm32cubemx/thirdparties/pdsc/STMicroelectronics.X-CUBE-ST60.1.0.0.pdsc: PDSC version is not supported
2025-05-30 17:11:13,057 [WARN] PackLoader:240 - Cannot read IP mode file for STMicroelectronics.X-CUBE-AZRTOS-F7.1.1.0
2025-05-30 17:11:13,111 [WARN] PackLoader:240 - Cannot read IP mode file for Infineon.AIROC-Wi-Fi-Bluetooth-STM32.1.7.0
2025-05-30 17:11:13,176 [WARN] PackLoader:240 - Cannot read IP mode file for STMicroelectronics.X-CUBE-DISPLAY.3.0.0
2025-05-30 17:11:13,238 [WARN] PackLoader:240 - Cannot read IP mode file for STMicroelectronics.X-CUBE-NFC10.1.0.0
2025-05-30 17:11:13,293 [WARN] PackLoader:240 - Cannot read IP mode file for STMicroelectronics.X-CUBE-BLEMGR.4.0.0
2025-05-30 17:11:13,310 [WARN] PackLoader:240 - Cannot read IP mode file for emotas.I-CUBE-CANOPEN.1.3.0
2025-05-30 17:11:13,327 [WARN] ConditionMgr:438 - getConditionDescription Invalid condition id : Cortex-A Device cause : null
2025-05-30 17:11:13,350 [WARN] ConditionMgr:1039 - genDependencies : Invalid condition id : Cortex-A Device cause : null
2025-05-30 17:11:13,351 [WARN] ConditionMgr:1039 - genDependencies : Invalid condition id : Cortex-A Device cause : null
2025-05-30 17:11:13,351 [WARN] ConditionMgr:1039 - genDependencies : Invalid condition id : Cortex-A Device cause : null
2025-05-30 17:11:13,372 [WARN] PackLoader:240 - Cannot read IP mode file for STMicroelectronics.X-CUBE-AI.10.0.0
2025-05-30 17:11:13,386 [WARN] PackLoader:240 - Cannot read IP mode file for STMicroelectronics.FP-SNS-SMARTAG2.1.2.0
2025-05-30 17:11:13,393 [ERROR] Engine:466 - /Users/seungjunyoon/.stm32cubemx/thirdparties/pdsc/STMicroelectronics.FP-SNS-FLIGHT1.5.1.0.pdsc: PDSC version is not supported
2025-05-30 17:11:13,418 [INFO] LogOutputStream:77 - [STDOUT_REDIRECT] 1 : Invalid condition id : UX_CORESTACK_Condition cause : null
2025-05-30 17:11:13,420 [INFO] LogOutputStream:77 - [STDOUT_REDIRECT] 1 : Invalid condition id : UX_CORESTACK_Condition cause : null
2025-05-30 17:11:13,420 [INFO] LogOutputStream:77 - [STDOUT_REDIRECT] 1 : Invalid condition id : UX_CORESTACK_Condition cause : null
2025-05-30 17:11:13,420 [INFO] LogOutputStream:77 - [STDOUT_REDIRECT] 1 : Invalid condition id : UX_CORESTACK_Condition cause : null
2025-05-30 17:11:13,421 [INFO] LogOutputStream:77 - [STDOUT_REDIRECT] 1 : Invalid condition id : UX_CORESTACK_Condition cause : null
2025-05-30 17:11:13,440 [WARN] PackLoader:240 - Cannot read IP mode file for STMicroelectronics.X-CUBE-AZRTOS-WL.2.0.0
2025-05-30 17:11:13,472 [WARN] PackLoader:240 - Cannot read IP mode file for STMicroelectronics.FP-SNS-MOTENV1.5.0.0
2025-05-30 17:11:13,496 [WARN] PackLoader:240 - Cannot read IP mode file for WES.I-CUBE-Cesium.1.3.0
2025-05-30 17:11:13,508 [WARN] PackLoader:240 - Cannot read IP mode file for STMicroelectronics.X-CUBE-BLE2.3.3.0
2025-05-30 17:11:13,527 [WARN] PackLoader:240 - Cannot read IP mode file for STMicroelectronics.X-CUBE-NFC9.1.0.0
2025-05-30 17:11:13,539 [WARN] PackLoader:240 - Cannot read IP mode file for STMicroelectronics.X-CUBE-BLE1.7.1.0
2025-05-30 17:11:13,544 [WARN] PackLoader:240 - Cannot read IP mode file for wolfSSL.I-CUBE-wolfMQTT.1.19.2
2025-05-30 17:11:13,701 [WARN] PackLoader:240 - Cannot read IP mode file for STMicroelectronics.X-CUBE-MEMS1.11.2.0
2025-05-30 17:11:13,957 [WARN] PackLoader:240 - Cannot read IP mode file for STMicroelectronics.X-CUBE-AZRTOS-G0.1.1.0
2025-05-30 17:11:13,973 [WARN] PackLoader:240 - Cannot read IP mode file for STMicroelectronics.X-CUBE-SAFEA1.1.2.2
2025-05-30 17:11:13,992 [WARN] PackLoader:240 - Cannot read IP mode file for STMicroelectronics.X-CUBE-NFC4.3.0.0
2025-05-30 17:11:14,014 [WARN] PackLoader:240 - Cannot read IP mode file for EmbeddedOffice.I-CUBE-FS-RTOS.1.0.1
2025-05-30 17:11:14,018 [ERROR] ConditionMgr:805 - Attr not supported : Dmpu
2025-05-30 17:11:14,018 [ERROR] ConditionMgr:805 - Attr not supported : Dmpu
2025-05-30 17:11:14,019 [ERROR] ConditionMgr:805 - Attr not supported : Dmpu
2025-05-30 17:11:14,019 [ERROR] ConditionMgr:805 - Attr not supported : Dmpu
2025-05-30 17:11:14,019 [ERROR] ConditionMgr:805 - Attr not supported : Dmpu
2025-05-30 17:11:14,019 [ERROR] ConditionMgr:805 - Attr not supported : Dmpu
2025-05-30 17:11:14,019 [ERROR] ConditionMgr:805 - Attr not supported : Dmpu
2025-05-30 17:11:14,019 [ERROR] ConditionMgr:805 - Attr not supported : Dmpu
2025-05-30 17:11:14,019 [ERROR] ConditionMgr:805 - Attr not supported : Dmpu
2025-05-30 17:11:14,019 [ERROR] ConditionMgr:805 - Attr not supported : Dmpu
2025-05-30 17:11:14,019 [ERROR] ConditionMgr:805 - Attr not supported : Dmpu
2025-05-30 17:11:14,019 [ERROR] ConditionMgr:805 - Attr not supported : Dmpu
2025-05-30 17:11:14,019 [ERROR] ConditionMgr:805 - Attr not supported : Dmpu
2025-05-30 17:11:14,019 [ERROR] ConditionMgr:805 - Attr not supported : Dmpu
2025-05-30 17:11:14,019 [ERROR] ConditionMgr:805 - Attr not supported : Dmpu
2025-05-30 17:11:14,019 [ERROR] ConditionMgr:805 - Attr not supported : Dmpu
2025-05-30 17:11:14,019 [ERROR] ConditionMgr:805 - Attr not supported : Dmpu
2025-05-30 17:11:14,020 [ERROR] ConditionMgr:805 - Attr not supported : Dmpu
2025-05-30 17:11:14,020 [ERROR] ConditionMgr:805 - Attr not supported : Dmpu
2025-05-30 17:11:14,020 [ERROR] ConditionMgr:805 - Attr not supported : Dmpu
2025-05-30 17:11:14,020 [ERROR] ConditionMgr:805 - Attr not supported : Dmpu
2025-05-30 17:11:14,020 [ERROR] ConditionMgr:805 - Attr not supported : Dmpu
2025-05-30 17:11:14,021 [ERROR] ConditionMgr:805 - Attr not supported : Dmpu
2025-05-30 17:11:14,021 [ERROR] ConditionMgr:805 - Attr not supported : Dmpu
2025-05-30 17:11:14,021 [ERROR] ConditionMgr:805 - Attr not supported : Dmpu
2025-05-30 17:11:14,021 [ERROR] ConditionMgr:805 - Attr not supported : Dmpu
2025-05-30 17:11:14,021 [ERROR] ConditionMgr:805 - Attr not supported : Dmpu
2025-05-30 17:11:14,021 [ERROR] ConditionMgr:805 - Attr not supported : Dmpu
2025-05-30 17:11:14,021 [ERROR] ConditionMgr:805 - Attr not supported : Dmpu
2025-05-30 17:11:14,021 [ERROR] ConditionMgr:805 - Attr not supported : Dmpu
2025-05-30 17:11:14,021 [ERROR] ConditionMgr:805 - Attr not supported : Dmpu
2025-05-30 17:11:14,021 [ERROR] ConditionMgr:805 - Attr not supported : Dmpu
2025-05-30 17:11:14,021 [ERROR] ConditionMgr:805 - Attr not supported : Dmpu
2025-05-30 17:11:14,022 [ERROR] ConditionMgr:805 - Attr not supported : Dmpu
2025-05-30 17:11:14,022 [ERROR] ConditionMgr:805 - Attr not supported : Dmpu
2025-05-30 17:11:14,022 [ERROR] ConditionMgr:805 - Attr not supported : Dmpu
2025-05-30 17:11:14,023 [ERROR] ConditionMgr:805 - Attr not supported : Dmpu
2025-05-30 17:11:14,024 [ERROR] ConditionMgr:805 - Attr not supported : Dmpu
2025-05-30 17:11:14,024 [ERROR] ConditionMgr:805 - Attr not supported : Dmpu
2025-05-30 17:11:14,024 [ERROR] ConditionMgr:805 - Attr not supported : Dmpu
2025-05-30 17:11:14,024 [ERROR] ConditionMgr:805 - Attr not supported : Dmpu
2025-05-30 17:11:14,024 [ERROR] ConditionMgr:805 - Attr not supported : Dmpu
2025-05-30 17:11:14,024 [ERROR] ConditionMgr:805 - Attr not supported : Dmpu
2025-05-30 17:11:14,024 [ERROR] ConditionMgr:805 - Attr not supported : Dmpu
2025-05-30 17:11:14,024 [ERROR] ConditionMgr:805 - Attr not supported : Dmpu
2025-05-30 17:11:14,024 [ERROR] ConditionMgr:805 - Attr not supported : Dmpu
2025-05-30 17:11:14,025 [ERROR] ConditionMgr:805 - Attr not supported : Dmpu
2025-05-30 17:11:14,025 [ERROR] ConditionMgr:805 - Attr not supported : Dmpu
2025-05-30 17:11:14,025 [ERROR] ConditionMgr:805 - Attr not supported : Dmpu
2025-05-30 17:11:14,025 [ERROR] ConditionMgr:805 - Attr not supported : Dmpu
2025-05-30 17:11:14,025 [ERROR] ConditionMgr:805 - Attr not supported : Dmpu
2025-05-30 17:11:14,025 [ERROR] ConditionMgr:805 - Attr not supported : Dmpu
2025-05-30 17:11:14,025 [ERROR] ConditionMgr:805 - Attr not supported : Dmpu
2025-05-30 17:11:14,025 [ERROR] ConditionMgr:805 - Attr not supported : Dmpu
2025-05-30 17:11:14,025 [ERROR] ConditionMgr:805 - Attr not supported : Dmpu
2025-05-30 17:11:14,025 [ERROR] ConditionMgr:805 - Attr not supported : Dmpu
2025-05-30 17:11:14,025 [ERROR] ConditionMgr:805 - Attr not supported : Dmpu
2025-05-30 17:11:14,025 [ERROR] ConditionMgr:805 - Attr not supported : Dmpu
2025-05-30 17:11:14,025 [ERROR] ConditionMgr:805 - Attr not supported : Dmpu
2025-05-30 17:11:14,025 [ERROR] ConditionMgr:805 - Attr not supported : Dmpu
2025-05-30 17:11:14,025 [ERROR] ConditionMgr:805 - Attr not supported : Dmpu
2025-05-30 17:11:14,025 [ERROR] ConditionMgr:805 - Attr not supported : Dmpu
2025-05-30 17:11:14,025 [ERROR] ConditionMgr:805 - Attr not supported : Dmpu
2025-05-30 17:11:14,026 [ERROR] ConditionMgr:805 - Attr not supported : Dmpu
2025-05-30 17:11:14,042 [WARN] PackLoader:240 - Cannot read IP mode file for STMicroelectronics.X-CUBE-WB05N.2.0.0
2025-05-30 17:11:14,067 [WARN] PackLoader:240 - Cannot read IP mode file for wolfSSL.I-CUBE-wolfTPM.3.8.0
2025-05-30 17:11:14,073 [ERROR] Engine:466 - /Users/seungjunyoon/.stm32cubemx/thirdparties/pdsc/STMicroelectronics.X-CUBE-TCPP.4.2.0.pdsc: PDSC version is not supported
2025-05-30 17:11:14,077 [WARN] PackLoader:240 - Cannot read IP mode file for RealThread.X-CUBE-RT-Thread_Nano.4.1.1
2025-05-30 17:11:14,094 [WARN] PackLoader:240 - Cannot read IP mode file for STMicroelectronics.FP-ATR-SIGFOX1.3.2.0
2025-05-30 17:11:14,110 [WARN] PackLoader:240 - Cannot read IP mode file for STMicroelectronics.X-CUBE-EEPRMA1.5.1.0
2025-05-30 17:11:14,125 [WARN] PackLoader:240 - Cannot read IP mode file for wolfSSL.I-CUBE-wolfSSL.5.7.6
2025-05-30 17:11:14,146 [WARN] PackLoader:240 - Cannot read IP mode file for ITTIA_DB.I-CUBE-ITTIADB.8.9.0
2025-05-30 17:11:14,259 [WARN] PackLoader:240 - Cannot read IP mode file for SEGGER.I-CUBE-embOS.1.3.1
2025-05-30 17:11:14,390 [WARN] PackLoader:240 - Cannot read IP mode file for STMicroelectronics.X-CUBE-ALGOBUILD.1.4.0
2025-05-30 17:11:14,433 [WARN] PackLoader:240 - Cannot read IP mode file for STMicroelectronics.X-CUBE-AZRTOS-F4.1.1.0
2025-05-30 17:11:14,441 [ERROR] Engine:466 - /Users/seungjunyoon/.stm32cubemx/thirdparties/pdsc/Avnet-IotConnect.X-CUBE-IoTC-DA16k-PMOD.1.0.0.pdsc: PDSC version is not supported
2025-05-30 17:11:14,451 [WARN] PackLoader:240 - Cannot read IP mode file for STMicroelectronics.X-CUBE-ISPU.2.1.0
2025-05-30 17:11:14,483 [WARN] PackLoader:240 - Cannot read IP mode file for STMicroelectronics.X-CUBE-AZRTOS-L5.2.0.0
2025-05-30 17:11:14,517 [WARN] PackLoader:240 - Cannot read IP mode file for STMicroelectronics.X-CUBE-NFC6.3.1.0
2025-05-30 17:11:14,523 [INFO] WebApp:161 - Instantiating new browser for Auth
2025-05-30 17:11:14,531 [WARN] PackLoader:240 - Cannot read IP mode file for STMicroelectronics.X-CUBE-FREERTOS.1.3.1
2025-05-30 17:11:14,543 [WARN] PackLoader:240 - Cannot read IP mode file for STMicroelectronics.X-CUBE-FREERTOS.1.3.0
2025-05-30 17:11:14,568 [WARN] PackLoader:240 - Cannot read IP mode file for STMicroelectronics.X-CUBE-DPower.1.3.0
2025-05-30 17:11:14,613 [WARN] ConditionMgr:438 - getConditionDescription Invalid condition id : LAN8742 Phy interface Condition cause : null
2025-05-30 17:11:14,617 [WARN] PackLoader:240 - Cannot read IP mode file for STMicroelectronics.X-CUBE-AZRTOS-L4.2.0.0
2025-05-30 17:11:14,628 [WARN] ConditionMgr:1039 - genDependencies : Invalid condition id : LAN8742 Phy interface Condition cause : null
2025-05-30 17:11:14,629 [WARN] ConditionMgr:1039 - genDependencies : Invalid condition id : LAN8742 Phy interface Condition cause : null
2025-05-30 17:11:14,637 [WARN] ConditionMgr:1039 - genDependencies : Invalid condition id : LAN8742 Phy interface Condition cause : null
2025-05-30 17:11:14,661 [WARN] PackLoader:240 - Cannot read IP mode file for STMicroelectronics.X-CUBE-SFXS2LP1.4.0.0
2025-05-30 17:11:14,701 [WARN] PackLoader:240 - Cannot read IP mode file for STMicroelectronics.X-CUBE-AZRTOS-H7.3.3.0
2025-05-30 17:11:14,723 [WARN] ConditionMgr:438 - getConditionDescription Invalid condition id : UX DEVICE CLASS RTOS Condition cause : null
2025-05-30 17:11:14,723 [WARN] ConditionMgr:438 - getConditionDescription Invalid condition id : UX DEVICE CLASS RTOS Condition cause : null
2025-05-30 17:11:14,728 [WARN] PackLoader:240 - Cannot read IP mode file for STMicroelectronics.X-CUBE-AZRTOS-WB.2.0.0
2025-05-30 17:11:14,729 [WARN] ConditionMgr:1039 - genDependencies : Invalid condition id : UX DEVICE CLASS RTOS Condition cause : null
2025-05-30 17:11:14,729 [WARN] ConditionMgr:1039 - genDependencies : Invalid condition id : UX DEVICE CLASS RTOS Condition cause : null
2025-05-30 17:11:14,730 [WARN] ConditionMgr:1039 - genDependencies : Invalid condition id : UX DEVICE CLASS RTOS Condition cause : null
2025-05-30 17:11:14,731 [WARN] ConditionMgr:1039 - genDependencies : Invalid condition id : UX DEVICE CLASS RTOS Condition cause : null
2025-05-30 17:11:14,731 [WARN] ConditionMgr:1039 - genDependencies : Invalid condition id : UX DEVICE CLASS RTOS Condition cause : null
2025-05-30 17:11:14,741 [WARN] PackLoader:240 - Cannot read IP mode file for STMicroelectronics.X-CUBE-GNSS1.7.0.1
2025-05-30 17:11:14,747 [WARN] PackLoader:240 - Cannot read IP mode file for STMicroelectronics.X-CUBE-TOUCHGFX.4.25.0
2025-05-30 17:11:14,757 [WARN] PackLoader:240 - Cannot read IP mode file for STMicroelectronics.FP-SNS-STBOX1.2.0.0
2025-05-30 17:11:14,777 [WARN] PackLoader:240 - Cannot read IP mode file for STMicroelectronics.X-CUBE-SUBG2.5.0.0
2025-05-30 17:11:14,817 [WARN] PackLoader:240 - Cannot read IP mode file for STMicroelectronics.X-CUBE-AZRTOS-H7RS.1.1.0
2025-05-30 17:11:14,834 [WARN] PackLoader:240 - Cannot read IP mode file for Cesanta.I-CUBE-Mongoose.7.13.0
2025-05-30 17:11:14,853 [WARN] PackLoader:240 - Cannot read IP mode file for STMicroelectronics.X-CUBE-AZRTOS-G4.2.0.0
2025-05-30 17:11:14,863 [WARN] PackLoader:240 - Cannot read IP mode file for wolfSSL.I-CUBE-wolfSSH.1.4.20
2025-05-30 17:11:14,872 [WARN] PackLoader:240 - Cannot read IP mode file for STMicroelectronics.X-CUBE-NFC7.2.0.0
2025-05-30 17:11:14,885 [ERROR] Engine:466 - /Users/seungjunyoon/.stm32cubemx/thirdparties/pdsc/STMicroelectronics.X-CUBE-IPS.3.1.0.pdsc: PDSC version is not supported
2025-05-30 17:11:14,888 [WARN] PackLoader:240 - Cannot read IP mode file for STMicroelectronics.X-CUBE-ALS.1.0.2
2025-05-30 17:11:14,896 [WARN] PackLoader:240 - Cannot read IP mode file for portGmbH.I-Cube-SoM-uGOAL.1.1.0
2025-05-30 17:11:14,901 [ERROR] Engine:466 - /Users/seungjunyoon/.stm32cubemx/thirdparties/pdsc/STMicroelectronics.X-CUBE-TOF1.3.4.3.pdsc: PDSC version is not supported
2025-05-30 17:11:14,901 [INFO] ThirdParty:978 - Integrity check success = true
2025-05-30 17:11:14,901 [INFO] IntegrityCheckThread:100 - exiting critical section [integrity check]
2025-05-30 17:11:14,901 [INFO] IntegrityCheckThread:103 - End integrity checks thread
2025-05-30 17:11:15,944 [INFO] WebApp:779 - Register for checkConnection events
2025-05-30 17:11:15,947 [INFO] WebApp:414 - Apply proxy settings
2025-05-30 17:11:15,971 [INFO] WebApp:459 - Chromium authenticates against Manually configured proxy
2025-05-30 17:11:16,005 [INFO] WebApp:467 - Username used for proxy authentication: 
2025-05-30 17:11:16,199 [INFO] WebApp:192 - Starting web application
2025-05-30 17:11:16,199 [INFO] WebApp:544 - Web application path used /Applications/STM32CubeIDE.app/Contents/Eclipse/plugins/com.st.stm32cube.common.mx_6.11.1.202404110753/db/plugins/mcufinder/reactClient1/index.html
2025-05-30 17:12:35,586 [INFO] McuFinderGlobals:63 - Set McuFinder mode to 2 (CubeIDE integrated)
2025-05-30 17:12:35,601 [INFO] MainUpdater:2873 - connection check result : 10
2025-05-30 17:12:35,602 [INFO] MainUpdater:2873 - connection check result : 10
2025-05-30 17:12:37,198 [INFO] MicroXplorer:468 - Change Database Path : 
2025-05-30 17:12:37,201 [INFO] MicroXplorer:498 - Change Database Version : DB.6.0.111
2025-05-30 17:12:37,209 [WARN] ThirdParty:871 - waiting for thirdparty lock release [close project]
2025-05-30 17:12:37,209 [INFO] ThirdParty:873 - entering critical section [close project]
2025-05-30 17:12:37,215 [INFO] ThirdParty:883 - exiting critical section [close project]
2025-05-30 17:12:37,220 [INFO] PinOutPanel:1561 - setPackage(No Configuration,No Configuration)
2025-05-30 17:12:37,236 [INFO] UtilMem:75 - Begin LoadConfig() Used Memory: 447991408 Bytes (688914432)
2025-05-30 17:12:37,239 [INFO] MicroXplorer:468 - Change Database Path : 
2025-05-30 17:12:37,239 [INFO] MicroXplorer:498 - Change Database Version : DB.6.0.111
2025-05-30 17:12:37,240 [INFO] OpenFileManager:312 - Change cursor
2025-05-30 17:12:37,346 [INFO] Mcu:2021 - Initializing MCU STM32F103C(8-B)Tx STM32F103C8Tx STM32F103C8T6
2025-05-30 17:12:38,672 [INFO] Context:663 - Trying to add GPIOservice into a context  which must be forbidden
2025-05-30 17:12:39,860 [INFO] RtosManager:555 - Registered RTOS mode: class=CMSIS, group=RTOS, mode=CMSIS_V1, owner=FREERTOS
2025-05-30 17:12:39,861 [INFO] RtosManager:555 - Registered RTOS mode: class=CMSIS, group=RTOS2, mode=CMSIS_V2, owner=FREERTOS
2025-05-30 17:12:39,861 [INFO] RtosManager:555 - Registered RTOS mode: class=RTOS, group=Core, mode=CMSIS_V1, owner=FREERTOS
2025-05-30 17:12:39,861 [INFO] RtosManager:555 - Registered RTOS mode: class=RTOS, group=Core, mode=CMSIS_V2, owner=FREERTOS
2025-05-30 17:12:39,862 [WARN] ModelIntegratedComponent:184 - Missing modes for component STMicroelectronics:FreeRTOS:0.0.1:STMicroelectronics:RTOS:FreeRTOS:Core:::10.2.0:
2025-05-30 17:12:39,939 [WARN] ModelIntegratedComponent:63 - No mode defined for component null
2025-05-30 17:12:39,939 [WARN] ModelIntegratedComponent:63 - No mode defined for component null
2025-05-30 17:12:39,939 [WARN] ModelIntegratedComponent:63 - No mode defined for component null
2025-05-30 17:12:39,939 [WARN] ModelIntegratedComponent:63 - No mode defined for component null
2025-05-30 17:12:39,939 [WARN] ModelIntegratedComponent:63 - No mode defined for component null
2025-05-30 17:12:39,939 [WARN] ModelIntegratedComponent:63 - No mode defined for component null
2025-05-30 17:12:39,939 [WARN] ModelIntegratedComponent:63 - No mode defined for component null
2025-05-30 17:12:39,939 [WARN] ModelIntegratedComponent:63 - No mode defined for component null
2025-05-30 17:12:39,939 [WARN] ModelIntegratedComponent:63 - No mode defined for component null
2025-05-30 17:12:39,939 [WARN] ModelIntegratedComponent:63 - No mode defined for component null
2025-05-30 17:12:39,940 [WARN] ModelIntegratedComponent:63 - No mode defined for component null
2025-05-30 17:12:39,940 [WARN] ModelIntegratedComponent:63 - No mode defined for component null
2025-05-30 17:12:39,940 [WARN] ModelIntegratedComponent:63 - No mode defined for component null
2025-05-30 17:12:39,940 [WARN] ModelIntegratedComponent:63 - No mode defined for component null
2025-05-30 17:12:39,940 [WARN] ModelIntegratedComponent:63 - No mode defined for component null
2025-05-30 17:12:39,940 [WARN] ModelIntegratedComponent:63 - No mode defined for component null
2025-05-30 17:12:39,940 [WARN] ModelIntegratedComponent:63 - No mode defined for component null
2025-05-30 17:12:39,940 [WARN] ModelIntegratedComponent:63 - No mode defined for component null
2025-05-30 17:12:39,940 [WARN] ModelIntegratedComponent:63 - No mode defined for component null
2025-05-30 17:12:39,940 [WARN] ModelIntegratedComponent:63 - No mode defined for component null
2025-05-30 17:12:39,940 [WARN] ModelIntegratedComponent:63 - No mode defined for component null
2025-05-30 17:12:39,940 [WARN] ModelIntegratedComponent:63 - No mode defined for component null
2025-05-30 17:12:39,940 [WARN] ModelIntegratedComponent:63 - No mode defined for component null
2025-05-30 17:12:39,940 [WARN] ModelIntegratedComponent:63 - No mode defined for component null
2025-05-30 17:12:39,940 [WARN] ModelIntegratedComponent:63 - No mode defined for component null
2025-05-30 17:12:39,941 [WARN] ModelIntegratedComponent:63 - No mode defined for component null
2025-05-30 17:12:39,941 [WARN] ModelIntegratedComponent:63 - No mode defined for component null
2025-05-30 17:12:39,941 [WARN] ModelIntegratedComponent:63 - No mode defined for component null
2025-05-30 17:12:39,941 [WARN] ModelIntegratedComponent:63 - No mode defined for component null
2025-05-30 17:12:39,941 [WARN] ModelIntegratedComponent:63 - No mode defined for component null
2025-05-30 17:12:39,941 [WARN] ModelIntegratedComponent:63 - No mode defined for component null
2025-05-30 17:12:39,941 [WARN] ModelIntegratedComponent:63 - No mode defined for component null
2025-05-30 17:12:39,941 [WARN] ModelIntegratedComponent:63 - No mode defined for component null
2025-05-30 17:12:39,942 [WARN] ModelIntegratedComponent:63 - No mode defined for component null
2025-05-30 17:12:39,974 [INFO] ThirdPartyModel:298 - Start build external matchings
2025-05-30 17:12:40,284 [INFO] ThirdPartyModel:316 - End build external matchings
2025-05-30 17:12:40,329 [INFO] ImportTextPane:194 - (OptionalMessage_ERROR) IP (RCC) : Parameter (ADCFreqValue) has invalid value (36000000)
2025-05-30 17:12:40,333 [INFO] ImportTextPane:194 - (OptionalMessage_ERROR) IP (RCC) : Invalid parameter (FamilyName)
2025-05-30 17:12:40,333 [INFO] ImportTextPane:194 - (OptionalMessage_ERROR) IP (RCC) : Parameter (MCOFreq_Value) has invalid value (72000000)
2025-05-30 17:12:40,337 [INFO] ImportTextPane:194 - (OptionalMessage_ERROR) IP (RCC) : Parameter (USBFreq_Value) has invalid value (72000000)
2025-05-30 17:12:41,233 [INFO] ApiDb:581 - Connected to CubeFinder SQLite database (/Users/seungjunyoon/.stmcufinder/plugins/mcufinder/mcu/cube-finder-db.db)
2025-05-30 17:12:41,325 [INFO] ApiDb:668 - CubeFinder database Data Model version=2.1
2025-05-30 17:12:41,325 [INFO] ApiDb:669 - CubeFinder database Configuration version=3.0.39
2025-05-30 17:12:41,326 [INFO] ApiDb:670 - CubeFinder database generation date=2025-04-23 (1745419778)
2025-05-30 17:12:41,326 [INFO] ApiDb:671 - CubeFinder database FW Pack versions=[FP-ATR-ASTRA1_V2.0.0, FP-SNS-FLIGHT1_V5.1.0, FP-SNS-MOTENV1_V5.0.0, FP-SNS-MOTENVWB1_V1.4.0, FP-SNS-SMARTAG2_V1.2.0, FP-SNS-STBOX1_V2.0.0, STM32Cube_FW_C0_V1.4.0, STM32Cube_FW_F4_V1.28.1, STM32Cube_FW_F7_V1.17.2, STM32Cube_FW_G0_V1.6.2, STM32Cube_FW_G4_V1.6.1, STM32Cube_FW_H5_V1.5.0, STM32Cube_FW_H7RS_V1.2.0, STM32Cube_FW_H7_V1.12.1, STM32Cube_FW_L0_V1.12.2, STM32Cube_FW_L4_V1.18.1, STM32Cube_FW_L5_V1.5.1, STM32Cube_FW_N6_V1.1.1, STM32Cube_FW_U0_V1.2.0, STM32Cube_FW_U3_V1.1.0, STM32Cube_FW_U5_V1.7.0, STM32Cube_FW_WB0_V1.2.0, STM32Cube_FW_WBA_V1.6.0, STM32Cube_FW_WB_V1.22.0, STM32Cube_FW_WL3_V1.1.0, STM32Cube_FW_WL_V1.3.1, X-CUBE-ALGOBUILD_V1.4.0, X-CUBE-ALS_V1.0.2, X-CUBE-AZRTOS-F4_V1.1.0, X-CUBE-AZRTOS-F7_V1.1.0, X-CUBE-AZRTOS-G0_V1.1.0, X-CUBE-AZRTOS-G4_V2.0.0, X-CUBE-AZRTOS-H7RS_V1.1.0, X-CUBE-AZRTOS-H7_V3.3.0, X-CUBE-AZRTOS-L4_V2.0.0, X-CUBE-AZRTOS-L5_V2.0.0, X-CUBE-AZRTOS-WB_V2.0.0, X-CUBE-AZRTOS-WL_V2.0.0, X-CUBE-BLE1_V7.1.0, X-CUBE-BLE2_V3.3.0, X-CUBE-BLEMGR_V4.0.0, X-CUBE-EEPRMA1_V5.1.0, X-CUBE-FREERTOS_V1.3.0, X-CUBE-GNSS1_V6.0.0, X-CUBE-MEMS1_V11.2.0, X-CUBE-NFC4_V3.0.0, X-CUBE-NFC7_V1.0.1, X-CUBE-SFXS2LP1_V4.0.0, X-CUBE-SUBG2_V5.0.0, X-CUBE-TOF1_V3.4.3]
2025-05-30 17:12:41,424 [INFO] DbBoardsSqlite:226 - include board P-NUCLEO-WB55-NUCLEO as a kit item of type 'Nucleo-64'
2025-05-30 17:12:41,425 [INFO] DbBoardsSqlite:226 - include board P-NUCLEO-WB55-USBDONGLE as a kit item of type 'Nucleo USB Dongle'
2025-05-30 17:12:41,426 [INFO] DbBoardsSqlite:226 - include board STEVAL-IDP005V1 as a kit item of type 'Evaluation Board'
2025-05-30 17:12:41,426 [INFO] DbBoardsSqlite:226 - include board STEVAL-IDP005V2 as a kit item of type 'Evaluation Board'
2025-05-30 17:12:41,543 [INFO] ApiDb:240 - Found 483 in-development CPN: [B-G473E-ZEST1S, B-WB1M-WPAN1, B-WL5M-SUBG1, NUCLEO-C031C6, NUCLEO-H503RB, NUCLEO-H533RE, NUCLEO-H563ZI, NUCLEO-H7S3L8, NUCLEO-U031R8, NUCLEO-U083RC, NUCLEO-U545RE-Q, NUCLEO-U5A5ZJ-Q, NUCLEO-WBA52CG, NUCLEO-WBA55CG, STEVAL-PROTEUS1, STEVAL-SMARTAG2, STEVAL-STWINBX1, STM320518-EVAL, STM32C0116-DK, STM32C011D6Y3TR, STM32C011D6Y6TR, STM32C011F4P3, STM32C011F4P6, STM32C011F4U3, STM32C011F4U6TR, STM32C011F6P3, STM32C011F6P6, STM32C011F6U3, STM32C011F6U6TR, STM32C011J4M3, STM32C011J4M6, STM32C011J6M3, STM32C011J6M6, STM32C0316-DK, STM32C031C4T3, STM32C031C4T6, STM32C031C4U3, STM32C031C4U6, STM32C031C6T3, STM32C031C6T6, STM32C031C6U3, STM32C031C6U6, STM32C031F4P3, STM32C031F4P6, STM32C031F6P3, STM32C031F6P6, STM32C031G4U3, STM32C031G4U6, STM32C031G6U3, STM32C031G6U6, STM32C031K4T3, STM32C031K4T6, STM32C031K4U3, STM32C031K4U6, STM32C031K6T3, STM32C031K6T6, STM32C031K6U3, STM32C031K6U6, STM32G071K8TXN, STM32G071K8UXN, STM32G081GBU6N, STM32G081KBT6N, STM32G081KBUXN, STM32G0B1CCT6N, STM32G0B1KCT6, STM32G0B1NEY6TR, STM32G0B1RCT6N, STM32G0C1CCT6, STM32G0C1CCT6N, STM32G0C1CCU6N, STM32G0C1CET6N, STM32G0C1CEU6N, STM32G0C1KCT6, STM32G0C1NEY6TR, STM32G0C1RCI6N, STM32G0C1RCT6N, STM32G0C1REI6N, STM32G0C1RET6N, STM32G0C1VCI6, STM32G0C1VEI6, STM32G471CCT6, STM32G471CCU6, STM32G471CET3, STM32G471CET6, STM32G471CEU3, STM32G471CEU6, STM32G471MCT6, STM32G471MET3, STM32G471MET6, STM32G471MEY6TR, STM32G471QCT6, STM32G471QET3, STM32G471RCT6, STM32G471RET3, STM32G471RET6, STM32G471VCH6, STM32G471VCI6, STM32G471VCT6, STM32G471VEH3, STM32G471VEH6, STM32G471VEI3, STM32G471VEI6, STM32G471VET3, STM32G471VET6, STM32G474CCT6, STM32H503CBT6, STM32H503CBU6, STM32H503EBY6TR, STM32H503KBU6, STM32H503RBT6, STM32H523CCT6, STM32H523CCU6, STM32H523CET6, STM32H523CEU6, STM32H523HEY6TR, STM32H523RCT6, STM32H523RET6, STM32H523VCI6, STM32H523VCT6, STM32H523VEI6, STM32H523VET6, STM32H523ZCJ6, STM32H523ZCT6, STM32H523ZEJ6, STM32H523ZET6, STM32H533CET6, STM32H533CEU6, STM32H533HEY6TR, STM32H533RET6, STM32H533VEI6, STM32H533VET6, STM32H533ZEJ6, STM32H533ZET6, STM32H562AGI6, STM32H562AII6, STM32H562IGK6, STM32H562IGT6, STM32H562IIK6, STM32H562IIT6, STM32H562RGT6, STM32H562RGV6, STM32H562RIT6, STM32H562RIV6, STM32H562VGT6, STM32H562VIT6, STM32H562ZGT6, STM32H562ZIT6, STM32H563AGI6, STM32H563AII3Q, STM32H563AII6, STM32H563IGK6, STM32H563IGT6, STM32H563IIK3Q, STM32H563IIK6, STM32H563IIT3Q, STM32H563IIT6, STM32H563MIY3QTR, STM32H563RGT6, STM32H563RGV6, STM32H563RIT6, STM32H563RIV6, STM32H563VGT6, STM32H563VIT3Q, STM32H563VIT6, STM32H563ZGT6, STM32H563ZIT3Q, STM32H563ZIT6, STM32H573AII3Q, STM32H573AII6, STM32H573I-DK, STM32H573IIK3Q, STM32H573IIK6, STM32H573IIT3Q, STM32H573IIT6, STM32H573MIY3QTR, STM32H573RIT6, STM32H573RIV6, STM32H573VIT3Q, STM32H573VIT6, STM32H573ZIT3Q, STM32H573ZIT6, STM32H7R3A8I6, STM32H7R3I8K6, STM32H7R3I8T6, STM32H7R3L8H6, STM32H7R3L8H6H, STM32H7R3R8V6, STM32H7R3V8H6, STM32H7R3V8T6, STM32H7R3V8Y6, STM32H7R3Z8J6, STM32H7R3Z8T6, STM32H7R7A8I6, STM32H7R7I8K6, STM32H7R7I8T6, STM32H7R7L8H6, STM32H7R7L8H6H, STM32H7R7Z8J6, STM32H7S3A8I6, STM32H7S3I8K6, STM32H7S3I8T6, STM32H7S3L8H6, STM32H7S3L8H6H, STM32H7S3R8V6, STM32H7S3V8H6, STM32H7S3V8T6, STM32H7S3V8Y6, STM32H7S3Z8J6, STM32H7S3Z8T6, STM32H7S78-DK, STM32H7S7A8I6, STM32H7S7I8K6, STM32H7S7I8T6, STM32H7S7L8H6, STM32H7S7L8H6H, STM32H7S7Z8J6, STM32L4R5QGI6STR, STM32MP131AAE3, STM32MP131AAF3, STM32MP131AAG3, STM32MP131CAE3, STM32MP131CAF3, STM32MP131CAG3, STM32MP131DAE7, STM32MP131DAF7, STM32MP131DAG7, STM32MP131FAE7, STM32MP131FAF7, STM32MP131FAG7, STM32MP133AAE3, STM32MP133AAF3, STM32MP133AAG3, STM32MP133CAE3, STM32MP133CAF3, STM32MP133CAG3, STM32MP133DAE7, STM32MP133DAF7, STM32MP133DAG7, STM32MP133FAE7, STM32MP133FAF7, STM32MP133FAG7, STM32MP135AAE3, STM32MP135AAF3, STM32MP135AAG3, STM32MP135CAE3, STM32MP135CAF3, STM32MP135CAG3, STM32MP135DAE7, STM32MP135DAF7, STM32MP135DAG7, STM32MP135F-DK, STM32MP135FAE7, STM32MP135FAF7, STM32MP135FAF7T, STM32MP135FAF7U, STM32MP135FAG7, STM32U031C6T6, STM32U031C6U6, STM32U031C8T6, STM32U031C8U6, STM32U031F4P6, STM32U031F6P6, STM32U031F8P6, STM32U031G6Y6TR, STM32U031G8Y6TR, STM32U031K4U6, STM32U031K6U6, STM32U031K8U6, STM32U031R6I6, STM32U031R6T6, STM32U031R8I6, STM32U031R8T6, STM32U073C8T6, STM32U073C8U6, STM32U073CBT6, STM32U073CBU6, STM32U073CCT6, STM32U073CCU6, STM32U073H8Y6TR, STM32U073HBY6TR, STM32U073HCY6TR, STM32U073K8U6, STM32U073KBU6, STM32U073KCU6, STM32U073M8I6, STM32U073M8T6, STM32U073MBI6, STM32U073MBT6, STM32U073MCI6, STM32U073MCT6, STM32U073R8I6, STM32U073R8T6, STM32U073RBI6, STM32U073RBT6, STM32U073RCI6, STM32U073RCT6, STM32U083C-DK, STM32U083CCT6, STM32U083CCU6, STM32U083HCY6TR, STM32U083KCU6, STM32U083MCI6, STM32U083MCT6, STM32U083RCI6, STM32U083RCT6, STM32U535CBT6, STM32U535CBT6Q, STM32U535CBU6, STM32U535CBU6Q, STM32U535CCT6, STM32U535CCT6Q, STM32U535CCU6, STM32U535CCU6Q, STM32U535CET6, STM32U535CET6Q, STM32U535CEU6, STM32U535CEU6Q, STM32U535JEY6QTR, STM32U535NCY6QTR, STM32U535NEY6QTR, STM32U535RBI6, STM32U535RBI6Q, STM32U535RBT6, STM32U535RBT6Q, STM32U535RCI6, STM32U535RCI6Q, STM32U535RCT6, STM32U535RCT6Q, STM32U535REI6, STM32U535REI6Q, STM32U535RET6, STM32U535RET6Q, STM32U535VCI6, STM32U535VCI6Q, STM32U535VCT6, STM32U535VCT6Q, STM32U535VEI6, STM32U535VEI6Q, STM32U535VET6, STM32U535VET6Q, STM32U545CET6, STM32U545CET6Q, STM32U545CEU6, STM32U545CEU6Q, STM32U545JEY6QTR, STM32U545NEY6QTR, STM32U545REI6, STM32U545REI6Q, STM32U545RET6, STM32U545RET6Q, STM32U545VEI6, STM32U545VEI6Q, STM32U545VET6, STM32U545VET6Q, STM32U595AIH6, STM32U595AIH6Q, STM32U595AJH6, STM32U595AJH6Q, STM32U595QII6, STM32U595QII6Q, STM32U595QJI6, STM32U595QJI6Q, STM32U595RIT6, STM32U595RIT6Q, STM32U595RJT6, STM32U595RJT6Q, STM32U595VIT6, STM32U595VIT6Q, STM32U595VJT6, STM32U595VJT6Q, STM32U595ZIT6, STM32U595ZIT6Q, STM32U595ZIY6QTR, STM32U595ZJT6, STM32U595ZJT6Q, STM32U595ZJY6QTR, STM32U599BJY6QTR, STM32U599NIH6Q, STM32U599NJH6Q, STM32U599VIT6Q, STM32U599VJT6, STM32U599VJT6Q, STM32U599ZIT6Q, STM32U599ZIY6QTR, STM32U599ZJT6Q, STM32U599ZJY6QTR, STM32U5A5AJH6, STM32U5A5AJH6Q, STM32U5A5QII3Q , STM32U5A5QJI6, STM32U5A5QJI6Q, STM32U5A5RJT6, STM32U5A5RJT6Q, STM32U5A5VJT6, STM32U5A5VJT6Q, STM32U5A5ZJT6, STM32U5A5ZJT6Q, STM32U5A5ZJY6QTR, STM32U5A9BJY6QTR, STM32U5A9J-DK, STM32U5A9NJH6Q, STM32U5A9VJT6Q, STM32U5A9ZJT6Q, STM32U5A9ZJY6QTR, STM32U5F7VIT6, STM32U5F7VIT6Q, STM32U5F7VJT6, STM32U5F7VJT6Q, STM32U5F9BJY6QTR, STM32U5F9NJH6Q, STM32U5F9VIT6Q, STM32U5F9VJT6Q, STM32U5F9ZIJ6QTR, STM32U5F9ZIT6Q, STM32U5F9ZJJ6QTR, STM32U5F9ZJT6Q, STM32U5G7VJT6, STM32U5G7VJT6Q, STM32U5G9BJY6QTR, STM32U5G9J-DK1, STM32U5G9J-DK2, STM32U5G9NJH6Q, STM32U5G9VJT6Q, STM32U5G9ZJJ6QTR, STM32U5G9ZJT6Q, STM32WB1MMCH6, STM32WBA50KEU6, STM32WBA50KEU6TR, STM32WBA50KGU6, STM32WBA50KGU6TR, STM32WBA52CEU6, STM32WBA52CEU6TR, STM32WBA52CEU7, STM32WBA52CEU7TR, STM32WBA52CGU6, STM32WBA52CGU6TR, STM32WBA52CGU6U, STM32WBA52CGU7, STM32WBA52CGU7TR, STM32WBA52KEU6, STM32WBA52KEU6TR, STM32WBA52KGU6, STM32WBA52KGU6TR, STM32WBA54CEU6, STM32WBA54CEU6TR, STM32WBA54CEU7, STM32WBA54CEU7TR, STM32WBA54CGU6, STM32WBA54CGU6TR, STM32WBA54CGU7, STM32WBA54CGU7TR, STM32WBA54KEU6, STM32WBA54KEU6TR, STM32WBA54KEU7, STM32WBA54KEU7TR, STM32WBA54KGU6, STM32WBA54KGU6TR, STM32WBA54KGU7, STM32WBA54KGU7TR, STM32WBA55CEU6, STM32WBA55CEU6TR, STM32WBA55CEU7, STM32WBA55CEU7TR, STM32WBA55CGU6, STM32WBA55CGU6TR, STM32WBA55CGU6U, STM32WBA55CGU7, STM32WBA55CGU7TR, STM32WBA55G-DK1, STM32WBA55HEF6, STM32WBA55HEF7, STM32WBA55HGF6, STM32WBA55HGF7, STM32WBA55UEI6, STM32WBA55UEI6TR, STM32WBA55UEI7, STM32WBA55UEI7TR, STM32WBA55UGI6, STM32WBA55UGI6TR, STM32WBA55UGI7, STM32WBA55UGI7TR, STM32WL5MOCH6, STM32WL5MOCH6TR]
2025-05-30 17:12:41,547 [INFO] ApiDb:668 - CubeFinder database Data Model version=2.1
2025-05-30 17:12:41,547 [INFO] ApiDb:669 - CubeFinder database Configuration version=3.0.39
2025-05-30 17:12:41,547 [INFO] ApiDb:670 - CubeFinder database generation date=2025-04-23 (1745419778)
2025-05-30 17:12:41,547 [INFO] ApiDb:671 - CubeFinder database FW Pack versions=[FP-ATR-ASTRA1_V2.0.0, FP-SNS-FLIGHT1_V5.1.0, FP-SNS-MOTENV1_V5.0.0, FP-SNS-MOTENVWB1_V1.4.0, FP-SNS-SMARTAG2_V1.2.0, FP-SNS-STBOX1_V2.0.0, STM32Cube_FW_C0_V1.4.0, STM32Cube_FW_F4_V1.28.1, STM32Cube_FW_F7_V1.17.2, STM32Cube_FW_G0_V1.6.2, STM32Cube_FW_G4_V1.6.1, STM32Cube_FW_H5_V1.5.0, STM32Cube_FW_H7RS_V1.2.0, STM32Cube_FW_H7_V1.12.1, STM32Cube_FW_L0_V1.12.2, STM32Cube_FW_L4_V1.18.1, STM32Cube_FW_L5_V1.5.1, STM32Cube_FW_N6_V1.1.1, STM32Cube_FW_U0_V1.2.0, STM32Cube_FW_U3_V1.1.0, STM32Cube_FW_U5_V1.7.0, STM32Cube_FW_WB0_V1.2.0, STM32Cube_FW_WBA_V1.6.0, STM32Cube_FW_WB_V1.22.0, STM32Cube_FW_WL3_V1.1.0, STM32Cube_FW_WL_V1.3.1, X-CUBE-ALGOBUILD_V1.4.0, X-CUBE-ALS_V1.0.2, X-CUBE-AZRTOS-F4_V1.1.0, X-CUBE-AZRTOS-F7_V1.1.0, X-CUBE-AZRTOS-G0_V1.1.0, X-CUBE-AZRTOS-G4_V2.0.0, X-CUBE-AZRTOS-H7RS_V1.1.0, X-CUBE-AZRTOS-H7_V3.3.0, X-CUBE-AZRTOS-L4_V2.0.0, X-CUBE-AZRTOS-L5_V2.0.0, X-CUBE-AZRTOS-WB_V2.0.0, X-CUBE-AZRTOS-WL_V2.0.0, X-CUBE-BLE1_V7.1.0, X-CUBE-BLE2_V3.3.0, X-CUBE-BLEMGR_V4.0.0, X-CUBE-EEPRMA1_V5.1.0, X-CUBE-FREERTOS_V1.3.0, X-CUBE-GNSS1_V6.0.0, X-CUBE-MEMS1_V11.2.0, X-CUBE-NFC4_V3.0.0, X-CUBE-NFC7_V1.0.1, X-CUBE-SFXS2LP1_V4.0.0, X-CUBE-SUBG2_V5.0.0, X-CUBE-TOF1_V3.4.3]
2025-05-30 17:12:43,372 [INFO] ApiDb:240 - Found 483 in-development CPN: [B-G473E-ZEST1S, B-WB1M-WPAN1, B-WL5M-SUBG1, NUCLEO-C031C6, NUCLEO-H503RB, NUCLEO-H533RE, NUCLEO-H563ZI, NUCLEO-H7S3L8, NUCLEO-U031R8, NUCLEO-U083RC, NUCLEO-U545RE-Q, NUCLEO-U5A5ZJ-Q, NUCLEO-WBA52CG, NUCLEO-WBA55CG, STEVAL-PROTEUS1, STEVAL-SMARTAG2, STEVAL-STWINBX1, STM320518-EVAL, STM32C0116-DK, STM32C011D6Y3TR, STM32C011D6Y6TR, STM32C011F4P3, STM32C011F4P6, STM32C011F4U3, STM32C011F4U6TR, STM32C011F6P3, STM32C011F6P6, STM32C011F6U3, STM32C011F6U6TR, STM32C011J4M3, STM32C011J4M6, STM32C011J6M3, STM32C011J6M6, STM32C0316-DK, STM32C031C4T3, STM32C031C4T6, STM32C031C4U3, STM32C031C4U6, STM32C031C6T3, STM32C031C6T6, STM32C031C6U3, STM32C031C6U6, STM32C031F4P3, STM32C031F4P6, STM32C031F6P3, STM32C031F6P6, STM32C031G4U3, STM32C031G4U6, STM32C031G6U3, STM32C031G6U6, STM32C031K4T3, STM32C031K4T6, STM32C031K4U3, STM32C031K4U6, STM32C031K6T3, STM32C031K6T6, STM32C031K6U3, STM32C031K6U6, STM32G071K8TXN, STM32G071K8UXN, STM32G081GBU6N, STM32G081KBT6N, STM32G081KBUXN, STM32G0B1CCT6N, STM32G0B1KCT6, STM32G0B1NEY6TR, STM32G0B1RCT6N, STM32G0C1CCT6, STM32G0C1CCT6N, STM32G0C1CCU6N, STM32G0C1CET6N, STM32G0C1CEU6N, STM32G0C1KCT6, STM32G0C1NEY6TR, STM32G0C1RCI6N, STM32G0C1RCT6N, STM32G0C1REI6N, STM32G0C1RET6N, STM32G0C1VCI6, STM32G0C1VEI6, STM32G471CCT6, STM32G471CCU6, STM32G471CET3, STM32G471CET6, STM32G471CEU3, STM32G471CEU6, STM32G471MCT6, STM32G471MET3, STM32G471MET6, STM32G471MEY6TR, STM32G471QCT6, STM32G471QET3, STM32G471RCT6, STM32G471RET3, STM32G471RET6, STM32G471VCH6, STM32G471VCI6, STM32G471VCT6, STM32G471VEH3, STM32G471VEH6, STM32G471VEI3, STM32G471VEI6, STM32G471VET3, STM32G471VET6, STM32G474CCT6, STM32H503CBT6, STM32H503CBU6, STM32H503EBY6TR, STM32H503KBU6, STM32H503RBT6, STM32H523CCT6, STM32H523CCU6, STM32H523CET6, STM32H523CEU6, STM32H523HEY6TR, STM32H523RCT6, STM32H523RET6, STM32H523VCI6, STM32H523VCT6, STM32H523VEI6, STM32H523VET6, STM32H523ZCJ6, STM32H523ZCT6, STM32H523ZEJ6, STM32H523ZET6, STM32H533CET6, STM32H533CEU6, STM32H533HEY6TR, STM32H533RET6, STM32H533VEI6, STM32H533VET6, STM32H533ZEJ6, STM32H533ZET6, STM32H562AGI6, STM32H562AII6, STM32H562IGK6, STM32H562IGT6, STM32H562IIK6, STM32H562IIT6, STM32H562RGT6, STM32H562RGV6, STM32H562RIT6, STM32H562RIV6, STM32H562VGT6, STM32H562VIT6, STM32H562ZGT6, STM32H562ZIT6, STM32H563AGI6, STM32H563AII3Q, STM32H563AII6, STM32H563IGK6, STM32H563IGT6, STM32H563IIK3Q, STM32H563IIK6, STM32H563IIT3Q, STM32H563IIT6, STM32H563MIY3QTR, STM32H563RGT6, STM32H563RGV6, STM32H563RIT6, STM32H563RIV6, STM32H563VGT6, STM32H563VIT3Q, STM32H563VIT6, STM32H563ZGT6, STM32H563ZIT3Q, STM32H563ZIT6, STM32H573AII3Q, STM32H573AII6, STM32H573I-DK, STM32H573IIK3Q, STM32H573IIK6, STM32H573IIT3Q, STM32H573IIT6, STM32H573MIY3QTR, STM32H573RIT6, STM32H573RIV6, STM32H573VIT3Q, STM32H573VIT6, STM32H573ZIT3Q, STM32H573ZIT6, STM32H7R3A8I6, STM32H7R3I8K6, STM32H7R3I8T6, STM32H7R3L8H6, STM32H7R3L8H6H, STM32H7R3R8V6, STM32H7R3V8H6, STM32H7R3V8T6, STM32H7R3V8Y6, STM32H7R3Z8J6, STM32H7R3Z8T6, STM32H7R7A8I6, STM32H7R7I8K6, STM32H7R7I8T6, STM32H7R7L8H6, STM32H7R7L8H6H, STM32H7R7Z8J6, STM32H7S3A8I6, STM32H7S3I8K6, STM32H7S3I8T6, STM32H7S3L8H6, STM32H7S3L8H6H, STM32H7S3R8V6, STM32H7S3V8H6, STM32H7S3V8T6, STM32H7S3V8Y6, STM32H7S3Z8J6, STM32H7S3Z8T6, STM32H7S78-DK, STM32H7S7A8I6, STM32H7S7I8K6, STM32H7S7I8T6, STM32H7S7L8H6, STM32H7S7L8H6H, STM32H7S7Z8J6, STM32L4R5QGI6STR, STM32MP131AAE3, STM32MP131AAF3, STM32MP131AAG3, STM32MP131CAE3, STM32MP131CAF3, STM32MP131CAG3, STM32MP131DAE7, STM32MP131DAF7, STM32MP131DAG7, STM32MP131FAE7, STM32MP131FAF7, STM32MP131FAG7, STM32MP133AAE3, STM32MP133AAF3, STM32MP133AAG3, STM32MP133CAE3, STM32MP133CAF3, STM32MP133CAG3, STM32MP133DAE7, STM32MP133DAF7, STM32MP133DAG7, STM32MP133FAE7, STM32MP133FAF7, STM32MP133FAG7, STM32MP135AAE3, STM32MP135AAF3, STM32MP135AAG3, STM32MP135CAE3, STM32MP135CAF3, STM32MP135CAG3, STM32MP135DAE7, STM32MP135DAF7, STM32MP135DAG7, STM32MP135F-DK, STM32MP135FAE7, STM32MP135FAF7, STM32MP135FAF7T, STM32MP135FAF7U, STM32MP135FAG7, STM32U031C6T6, STM32U031C6U6, STM32U031C8T6, STM32U031C8U6, STM32U031F4P6, STM32U031F6P6, STM32U031F8P6, STM32U031G6Y6TR, STM32U031G8Y6TR, STM32U031K4U6, STM32U031K6U6, STM32U031K8U6, STM32U031R6I6, STM32U031R6T6, STM32U031R8I6, STM32U031R8T6, STM32U073C8T6, STM32U073C8U6, STM32U073CBT6, STM32U073CBU6, STM32U073CCT6, STM32U073CCU6, STM32U073H8Y6TR, STM32U073HBY6TR, STM32U073HCY6TR, STM32U073K8U6, STM32U073KBU6, STM32U073KCU6, STM32U073M8I6, STM32U073M8T6, STM32U073MBI6, STM32U073MBT6, STM32U073MCI6, STM32U073MCT6, STM32U073R8I6, STM32U073R8T6, STM32U073RBI6, STM32U073RBT6, STM32U073RCI6, STM32U073RCT6, STM32U083C-DK, STM32U083CCT6, STM32U083CCU6, STM32U083HCY6TR, STM32U083KCU6, STM32U083MCI6, STM32U083MCT6, STM32U083RCI6, STM32U083RCT6, STM32U535CBT6, STM32U535CBT6Q, STM32U535CBU6, STM32U535CBU6Q, STM32U535CCT6, STM32U535CCT6Q, STM32U535CCU6, STM32U535CCU6Q, STM32U535CET6, STM32U535CET6Q, STM32U535CEU6, STM32U535CEU6Q, STM32U535JEY6QTR, STM32U535NCY6QTR, STM32U535NEY6QTR, STM32U535RBI6, STM32U535RBI6Q, STM32U535RBT6, STM32U535RBT6Q, STM32U535RCI6, STM32U535RCI6Q, STM32U535RCT6, STM32U535RCT6Q, STM32U535REI6, STM32U535REI6Q, STM32U535RET6, STM32U535RET6Q, STM32U535VCI6, STM32U535VCI6Q, STM32U535VCT6, STM32U535VCT6Q, STM32U535VEI6, STM32U535VEI6Q, STM32U535VET6, STM32U535VET6Q, STM32U545CET6, STM32U545CET6Q, STM32U545CEU6, STM32U545CEU6Q, STM32U545JEY6QTR, STM32U545NEY6QTR, STM32U545REI6, STM32U545REI6Q, STM32U545RET6, STM32U545RET6Q, STM32U545VEI6, STM32U545VEI6Q, STM32U545VET6, STM32U545VET6Q, STM32U595AIH6, STM32U595AIH6Q, STM32U595AJH6, STM32U595AJH6Q, STM32U595QII6, STM32U595QII6Q, STM32U595QJI6, STM32U595QJI6Q, STM32U595RIT6, STM32U595RIT6Q, STM32U595RJT6, STM32U595RJT6Q, STM32U595VIT6, STM32U595VIT6Q, STM32U595VJT6, STM32U595VJT6Q, STM32U595ZIT6, STM32U595ZIT6Q, STM32U595ZIY6QTR, STM32U595ZJT6, STM32U595ZJT6Q, STM32U595ZJY6QTR, STM32U599BJY6QTR, STM32U599NIH6Q, STM32U599NJH6Q, STM32U599VIT6Q, STM32U599VJT6, STM32U599VJT6Q, STM32U599ZIT6Q, STM32U599ZIY6QTR, STM32U599ZJT6Q, STM32U599ZJY6QTR, STM32U5A5AJH6, STM32U5A5AJH6Q, STM32U5A5QII3Q , STM32U5A5QJI6, STM32U5A5QJI6Q, STM32U5A5RJT6, STM32U5A5RJT6Q, STM32U5A5VJT6, STM32U5A5VJT6Q, STM32U5A5ZJT6, STM32U5A5ZJT6Q, STM32U5A5ZJY6QTR, STM32U5A9BJY6QTR, STM32U5A9J-DK, STM32U5A9NJH6Q, STM32U5A9VJT6Q, STM32U5A9ZJT6Q, STM32U5A9ZJY6QTR, STM32U5F7VIT6, STM32U5F7VIT6Q, STM32U5F7VJT6, STM32U5F7VJT6Q, STM32U5F9BJY6QTR, STM32U5F9NJH6Q, STM32U5F9VIT6Q, STM32U5F9VJT6Q, STM32U5F9ZIJ6QTR, STM32U5F9ZIT6Q, STM32U5F9ZJJ6QTR, STM32U5F9ZJT6Q, STM32U5G7VJT6, STM32U5G7VJT6Q, STM32U5G9BJY6QTR, STM32U5G9J-DK1, STM32U5G9J-DK2, STM32U5G9NJH6Q, STM32U5G9VJT6Q, STM32U5G9ZJJ6QTR, STM32U5G9ZJT6Q, STM32WB1MMCH6, STM32WBA50KEU6, STM32WBA50KEU6TR, STM32WBA50KGU6, STM32WBA50KGU6TR, STM32WBA52CEU6, STM32WBA52CEU6TR, STM32WBA52CEU7, STM32WBA52CEU7TR, STM32WBA52CGU6, STM32WBA52CGU6TR, STM32WBA52CGU6U, STM32WBA52CGU7, STM32WBA52CGU7TR, STM32WBA52KEU6, STM32WBA52KEU6TR, STM32WBA52KGU6, STM32WBA52KGU6TR, STM32WBA54CEU6, STM32WBA54CEU6TR, STM32WBA54CEU7, STM32WBA54CEU7TR, STM32WBA54CGU6, STM32WBA54CGU6TR, STM32WBA54CGU7, STM32WBA54CGU7TR, STM32WBA54KEU6, STM32WBA54KEU6TR, STM32WBA54KEU7, STM32WBA54KEU7TR, STM32WBA54KGU6, STM32WBA54KGU6TR, STM32WBA54KGU7, STM32WBA54KGU7TR, STM32WBA55CEU6, STM32WBA55CEU6TR, STM32WBA55CEU7, STM32WBA55CEU7TR, STM32WBA55CGU6, STM32WBA55CGU6TR, STM32WBA55CGU6U, STM32WBA55CGU7, STM32WBA55CGU7TR, STM32WBA55G-DK1, STM32WBA55HEF6, STM32WBA55HEF7, STM32WBA55HGF6, STM32WBA55HGF7, STM32WBA55UEI6, STM32WBA55UEI6TR, STM32WBA55UEI7, STM32WBA55UEI7TR, STM32WBA55UGI6, STM32WBA55UGI6TR, STM32WBA55UGI7, STM32WBA55UGI7TR, STM32WL5MOCH6, STM32WL5MOCH6TR]
2025-05-30 17:12:43,378 [INFO] DbMcus:218 - Found 4657 MCUs, 4657 are supported
2025-05-30 17:12:43,380 [INFO] ApiDb:423 - Load user favorites file /Users/seungjunyoon/.stm32cubeide/favorites.mcus.txt: 1 item(s)
2025-05-30 17:12:43,381 [INFO] ApiDb:427 - User favorites MCUs=[STM32F103C8T6]
2025-05-30 17:12:43,381 [INFO] DbMcus:224 - Set 1 / 1 favorites MCUs
2025-05-30 17:12:43,820 [INFO] BoardInfo:889 - No configuration file found for board NUCLEO-C051C8
2025-05-30 17:12:43,821 [INFO] DbBoards:161 - Board is not supported: NUCLEO-C051C8
2025-05-30 17:12:43,823 [INFO] BoardInfo:889 - No configuration file found for board NUCLEO-C071RB
2025-05-30 17:12:43,823 [INFO] DbBoards:161 - Board is not supported: NUCLEO-C071RB
2025-05-30 17:12:43,824 [INFO] BoardInfo:889 - No configuration file found for board NUCLEO-C092RC
2025-05-30 17:12:43,826 [INFO] DbBoards:161 - Board is not supported: NUCLEO-C092RC
2025-05-30 17:12:43,915 [INFO] BoardInfo:889 - No configuration file found for board NUCLEO-N657X0-Q
2025-05-30 17:12:43,916 [INFO] DbBoards:161 - Board is not supported: NUCLEO-N657X0-Q
2025-05-30 17:12:43,920 [INFO] BoardInfo:889 - No configuration file found for board NUCLEO-U385RG-Q
2025-05-30 17:12:43,920 [INFO] DbBoards:161 - Board is not supported: NUCLEO-U385RG-Q
2025-05-30 17:12:43,925 [INFO] BoardInfo:889 - No configuration file found for board NUCLEO-WB05KZ
2025-05-30 17:12:43,925 [INFO] DbBoards:161 - Board is not supported: NUCLEO-WB05KZ
2025-05-30 17:12:43,926 [INFO] BoardInfo:889 - No configuration file found for board NUCLEO-WB07CC
2025-05-30 17:12:43,926 [INFO] DbBoards:161 - Board is not supported: NUCLEO-WB07CC
2025-05-30 17:12:43,927 [INFO] BoardInfo:889 - No configuration file found for board NUCLEO-WB09KE
2025-05-30 17:12:43,928 [INFO] DbBoards:161 - Board is not supported: NUCLEO-WB09KE
2025-05-30 17:12:43,934 [INFO] BoardInfo:889 - No configuration file found for board NUCLEO-WBA65RI
2025-05-30 17:12:43,934 [INFO] DbBoards:161 - Board is not supported: NUCLEO-WBA65RI
2025-05-30 17:12:43,935 [INFO] BoardInfo:889 - No configuration file found for board NUCLEO-WL33CC1
2025-05-30 17:12:43,935 [INFO] DbBoards:161 - Board is not supported: NUCLEO-WL33CC1
2025-05-30 17:12:43,937 [INFO] BoardInfo:889 - No configuration file found for board NUCLEO-WL33CC2
2025-05-30 17:12:43,937 [INFO] DbBoards:161 - Board is not supported: NUCLEO-WL33CC2
2025-05-30 17:12:43,944 [INFO] BoardInfo:889 - No configuration file found for board P-NUCLEO-WB55
2025-05-30 17:12:43,944 [INFO] DbBoards:161 - Kit is not supported: P-NUCLEO-WB55
2025-05-30 17:12:43,963 [INFO] BoardInfo:889 - No configuration file found for board STEVAL-BFA001V1B
2025-05-30 17:12:43,964 [INFO] DbBoards:161 - Kit is not supported: STEVAL-BFA001V1B
2025-05-30 17:12:43,965 [INFO] BoardInfo:889 - No configuration file found for board STEVAL-BFA001V2B
2025-05-30 17:12:43,965 [INFO] DbBoards:161 - Kit is not supported: STEVAL-BFA001V2B
2025-05-30 17:12:44,105 [INFO] BoardInfo:889 - No configuration file found for board STM32MP257F-DK
2025-05-30 17:12:44,105 [INFO] DbBoards:161 - Board is not supported: STM32MP257F-DK
2025-05-30 17:12:44,108 [INFO] BoardInfo:889 - No configuration file found for board STM32MP257F-EV1
2025-05-30 17:12:44,109 [INFO] DbBoards:161 - Board is not supported: STM32MP257F-EV1
2025-05-30 17:12:44,111 [INFO] BoardInfo:889 - No configuration file found for board STM32N6570-DK
2025-05-30 17:12:44,112 [INFO] DbBoards:161 - Board is not supported: STM32N6570-DK
2025-05-30 17:12:44,127 [INFO] BoardInfo:889 - No configuration file found for board STM32WBA65I-DK1
2025-05-30 17:12:44,128 [INFO] DbBoards:161 - Board is not supported: STM32WBA65I-DK1
2025-05-30 17:12:44,128 [INFO] DbBoards:168 - Found 210 boards, 192 are supported
2025-05-30 17:12:44,129 [INFO] DbBoards:169 - Found 210 boards, 8 of them is supported for  Bsp
2025-05-30 17:12:44,131 [INFO] ApiDb:414 - User favorites file not found: /Users/seungjunyoon/.stm32cubeide/favorites.boards.txt
2025-05-30 17:12:44,131 [INFO] DbBoards:198 - Set 0 / 0 favorites Boards
2025-05-30 17:12:44,224 [INFO] UtilMem:75 - End LoadConfig() Used Memory: 568917880 Bytes (807403520)
2025-05-30 17:12:44,606 [WARN] ThirdParty:833 - waiting for thirdparty lock release [change project]
2025-05-30 17:12:44,611 [INFO] ThirdParty:835 - entering critical section [change project]
2025-05-30 17:12:44,611 [INFO] ThirdParty:1030 - CMSIS Pack Vendor :STMicroelectronics USBPD 4.1
2025-05-30 17:12:44,612 [INFO] ThirdParty:1030 - CMSIS Pack Vendor :STMicroelectronics X-CUBE-AZRTOS-H7 3.3.0
2025-05-30 17:12:44,612 [INFO] ThirdParty:1030 - CMSIS Pack Vendor :STMicroelectronics X-CUBE-NFC9 1.0.0
2025-05-30 17:12:44,612 [INFO] ThirdParty:1030 - CMSIS Pack Vendor :STMicroelectronics USB_HOST 2.0.0
2025-05-30 17:12:44,612 [INFO] ThirdParty:1030 - CMSIS Pack Vendor :STMicroelectronics FP-SNS-MOTENVWB1 1.4.0
2025-05-30 17:12:44,612 [INFO] ThirdParty:1030 - CMSIS Pack Vendor :STMicroelectronics X-CUBE-AZRTOS-F4 1.1.0
2025-05-30 17:12:44,612 [INFO] ThirdParty:1030 - CMSIS Pack Vendor :STMicroelectronics LIBJPEG 8.0.0
2025-05-30 17:12:44,612 [INFO] ThirdParty:1030 - CMSIS Pack Vendor :STMicroelectronics FP-ATR-ASTRA1 2.0.2
2025-05-30 17:12:44,612 [INFO] ThirdParty:1030 - CMSIS Pack Vendor :STMicroelectronics X-CUBE-BLE1 7.1.0
2025-05-30 17:12:44,612 [INFO] ThirdParty:1030 - CMSIS Pack Vendor :STMicroelectronics X-CUBE-SMBUS 2.1.0
2025-05-30 17:12:44,612 [INFO] ThirdParty:1030 - CMSIS Pack Vendor :wolfSSL I-CUBE-wolfMQTT 1.19.2
2025-05-30 17:12:44,612 [INFO] ThirdParty:1030 - CMSIS Pack Vendor :STMicroelectronics USB_DEVICE 3.0.0
2025-05-30 17:12:44,612 [INFO] ThirdParty:1030 - CMSIS Pack Vendor :STMicroelectronics X-CUBE-ISPU 2.1.0
2025-05-30 17:12:44,612 [INFO] ThirdParty:1030 - CMSIS Pack Vendor :STMicroelectronics X-CUBE-AZRTOS-WB 2.0.0
2025-05-30 17:12:44,612 [INFO] ThirdParty:1030 - CMSIS Pack Vendor :STMicroelectronics X-CUBE-GNSS1 7.0.1
2025-05-30 17:12:44,612 [INFO] ThirdParty:1030 - CMSIS Pack Vendor :STMicroelectronics X-CUBE-AZRTOS-F7 1.1.0
2025-05-30 17:12:44,612 [INFO] ThirdParty:1030 - CMSIS Pack Vendor :STMicroelectronics X-CUBE-AZRTOS-L5 2.0.0
2025-05-30 17:12:44,612 [INFO] ThirdParty:1030 - CMSIS Pack Vendor :STMicroelectronics X-CUBE-TOUCHGFX 4.25.0
2025-05-30 17:12:44,612 [INFO] ThirdParty:1030 - CMSIS Pack Vendor :STMicroelectronics USB_DEVICE 2.0.0
2025-05-30 17:12:44,612 [INFO] ThirdParty:1030 - CMSIS Pack Vendor :STMicroelectronics X-CUBE-NFC6 3.1.0
2025-05-30 17:12:44,612 [INFO] ThirdParty:1030 - CMSIS Pack Vendor :STMicroelectronics FP-SNS-STBOX1 2.0.0
2025-05-30 17:12:44,613 [INFO] ThirdParty:1030 - CMSIS Pack Vendor :STMicroelectronics X-CUBE-MEMS1 11.2.0
2025-05-30 17:12:44,613 [INFO] ThirdParty:1030 - CMSIS Pack Vendor :STMicroelectronics FreeRTOS 0.0.1
2025-05-30 17:12:44,613 [INFO] ThirdParty:1030 - CMSIS Pack Vendor :STMicroelectronics X-CUBE-AZRTOS-G0 1.1.0
2025-05-30 17:12:44,613 [INFO] ThirdParty:1030 - CMSIS Pack Vendor :STMicroelectronics X-CUBE-SAFEA1 1.2.2
2025-05-30 17:12:44,613 [INFO] ThirdParty:1030 - CMSIS Pack Vendor :STMicroelectronics X-CUBE-NFC4 3.0.0
2025-05-30 17:12:44,613 [INFO] ThirdParty:1030 - CMSIS Pack Vendor :STMicroelectronics X-CUBE-SUBG2 5.0.0
2025-05-30 17:12:44,613 [INFO] ThirdParty:1030 - CMSIS Pack Vendor :STMicroelectronics X-CUBE-AZRTOS-H7RS 1.1.0
2025-05-30 17:12:44,613 [INFO] ThirdParty:1030 - CMSIS Pack Vendor :STMicroelectronics STM32_WPAN 1.0.0
2025-05-30 17:12:44,613 [INFO] ThirdParty:1030 - CMSIS Pack Vendor :EmbeddedOffice I-CUBE-FS-RTOS 1.0.1
2025-05-30 17:12:44,613 [INFO] ThirdParty:1030 - CMSIS Pack Vendor :STMicroelectronics lwIP 2.0.3
2025-05-30 17:12:44,613 [INFO] ThirdParty:1030 - CMSIS Pack Vendor :Cesanta I-CUBE-Mongoose 7.13.0
2025-05-30 17:12:44,613 [INFO] ThirdParty:1030 - CMSIS Pack Vendor :STMicroelectronics USB_HOST 1.0.0
2025-05-30 17:12:44,613 [INFO] ThirdParty:1030 - CMSIS Pack Vendor :Infineon AIROC-Wi-Fi-Bluetooth-STM32 1.7.0
2025-05-30 17:12:44,613 [INFO] ThirdParty:1030 - CMSIS Pack Vendor :STMicroelectronics X-CUBE-AZRTOS-G4 2.0.0
2025-05-30 17:12:44,613 [INFO] ThirdParty:1030 - CMSIS Pack Vendor :STMicroelectronics X-CUBE-WB05N 2.0.0
2025-05-30 17:12:44,613 [INFO] ThirdParty:1030 - CMSIS Pack Vendor :STMicroelectronics PDM2PCM 3.1.0
2025-05-30 17:12:44,613 [INFO] ThirdParty:1030 - CMSIS Pack Vendor :STMicroelectronics PDM2PCM 3.3.0
2025-05-30 17:12:44,613 [INFO] ThirdParty:1030 - CMSIS Pack Vendor :wolfSSL I-CUBE-wolfTPM 3.8.0
2025-05-30 17:12:44,613 [INFO] ThirdParty:1030 - CMSIS Pack Vendor :STMicroelectronics X-CUBE-DISPLAY 3.0.0
2025-05-30 17:12:44,613 [INFO] ThirdParty:1030 - CMSIS Pack Vendor :wolfSSL I-CUBE-wolfSSH 1.4.20
2025-05-30 17:12:44,613 [INFO] ThirdParty:1030 - CMSIS Pack Vendor :STMicroelectronics X-CUBE-NFC7 2.0.0
2025-05-30 17:12:44,613 [INFO] ThirdParty:1030 - CMSIS Pack Vendor :RealThread X-CUBE-RT-Thread_Nano 4.1.1
2025-05-30 17:12:44,613 [INFO] ThirdParty:1030 - CMSIS Pack Vendor :STMicroelectronics FP-ATR-SIGFOX1 3.2.0
2025-05-30 17:12:44,613 [INFO] ThirdParty:1030 - CMSIS Pack Vendor :STMicroelectronics X-CUBE-NFC10 1.0.0
2025-05-30 17:12:44,614 [INFO] ThirdParty:1030 - CMSIS Pack Vendor :STMicroelectronics X-CUBE-BLEMGR 4.0.0
2025-05-30 17:12:44,614 [INFO] ThirdParty:1030 - CMSIS Pack Vendor :STMicroelectronics X-CUBE-EEPRMA1 5.1.0
2025-05-30 17:12:44,615 [INFO] ThirdParty:1030 - CMSIS Pack Vendor :STMicroelectronics X-CUBE-FREERTOS 1.3.1
2025-05-30 17:12:44,615 [INFO] ThirdParty:1030 - CMSIS Pack Vendor :STMicroelectronics HAL Drivers 0.0.0
2025-05-30 17:12:44,615 [INFO] ThirdParty:1030 - CMSIS Pack Vendor :STMicroelectronics MBEDTLS 2.16.2
2025-05-30 17:12:44,615 [INFO] ThirdParty:1030 - CMSIS Pack Vendor :STMicroelectronics X-CUBE-ALS 1.0.2
2025-05-30 17:12:44,615 [INFO] ThirdParty:1030 - CMSIS Pack Vendor :emotas I-CUBE-CANOPEN 1.3.0
2025-05-30 17:12:44,615 [INFO] ThirdParty:1030 - CMSIS Pack Vendor :STMicroelectronics X-CUBE-FREERTOS 1.3.0
2025-05-30 17:12:44,615 [INFO] ThirdParty:1030 - CMSIS Pack Vendor :STMicroelectronics MBEDTLS 2.14.1
2025-05-30 17:12:44,615 [INFO] ThirdParty:1030 - CMSIS Pack Vendor :wolfSSL I-CUBE-wolfSSL 5.7.6
2025-05-30 17:12:44,615 [INFO] ThirdParty:1030 - CMSIS Pack Vendor :ITTIA_DB I-CUBE-ITTIADB 8.9.0
2025-05-30 17:12:44,615 [INFO] ThirdParty:1030 - CMSIS Pack Vendor :portGmbH I-Cube-SoM-uGOAL 1.1.0
2025-05-30 17:12:44,615 [INFO] ThirdParty:1030 - CMSIS Pack Vendor :quantropi X-CUBE-qispace-sdk-base 2.0.0
2025-05-30 17:12:44,615 [INFO] ThirdParty:1030 - CMSIS Pack Vendor :STMicroelectronics X-CUBE-AI 10.0.0
2025-05-30 17:12:44,615 [INFO] ThirdParty:1030 - CMSIS Pack Vendor :STMicroelectronics ThreadX 1.0.0
2025-05-30 17:12:44,615 [INFO] ThirdParty:1030 - CMSIS Pack Vendor :STMicroelectronics FP-SNS-SMARTAG2 1.2.0
2025-05-30 17:12:44,615 [INFO] ThirdParty:1030 - CMSIS Pack Vendor :STMicroelectronics X-CUBE-AZRTOS-WL 2.0.0
2025-05-30 17:12:44,615 [INFO] ThirdParty:1030 - CMSIS Pack Vendor :SEGGER I-CUBE-embOS 1.3.1
2025-05-30 17:12:44,617 [INFO] ThirdParty:1030 - CMSIS Pack Vendor :STMicroelectronics X-CUBE-ALGOBUILD 1.4.0
2025-05-30 17:12:44,618 [INFO] ThirdParty:1030 - CMSIS Pack Vendor :STMicroelectronics X-CUBE-DPower 1.3.0
2025-05-30 17:12:44,619 [INFO] ThirdParty:1030 - CMSIS Pack Vendor :STMicroelectronics FP-SNS-MOTENV1 5.0.0
2025-05-30 17:12:44,619 [INFO] ThirdParty:1030 - CMSIS Pack Vendor :STMicroelectronics USB_DEVICE 1.0.0
2025-05-30 17:12:44,619 [INFO] ThirdParty:1030 - CMSIS Pack Vendor :STMicroelectronics X-CUBE-AZRTOS-L4 2.0.0
2025-05-30 17:12:44,619 [INFO] ThirdParty:1030 - CMSIS Pack Vendor :STMicroelectronics ThreadX 0.0.2
2025-05-30 17:12:44,619 [INFO] ThirdParty:1030 - CMSIS Pack Vendor :WES I-CUBE-Cesium 1.3.0
2025-05-30 17:12:44,619 [INFO] ThirdParty:1030 - CMSIS Pack Vendor :STMicroelectronics lwIP 2.1.2
2025-05-30 17:12:44,619 [INFO] ThirdParty:1030 - CMSIS Pack Vendor :STMicroelectronics X-CUBE-SFXS2LP1 4.0.0
2025-05-30 17:12:44,619 [INFO] ThirdParty:1030 - CMSIS Pack Vendor :STMicroelectronics X-CUBE-BLE2 3.3.0
2025-05-30 17:12:44,619 [INFO] ThirdParty:1030 - CMSIS Pack Vendor :STMicroelectronics PDM2PCM 3.2.0
2025-05-30 17:12:44,622 [INFO] ThirdParty:841 - exiting critical section [change project]
2025-05-30 17:12:46,346 [INFO] PinOutPanel:1561 - setPackage(No Configuration,No Configuration)
2025-05-30 17:12:46,361 [INFO] PinOutPanel:1561 - setPackage(STM32F103C8Tx,LQFP48)
2025-05-30 17:12:47,533 [INFO] UtilMem:75 - Before build in PCC Used Memory: 765106720 Bytes (948961280)
2025-05-30 17:12:48,794 [INFO] UtilMem:75 - After build in PCC Used Memory: 752975232 Bytes (948961280)
2025-05-30 17:12:48,854 [INFO] IPUIPlugin:80 - create IPUIPlugin
2025-05-30 17:12:48,854 [INFO] IPUIPlugin:80 - create IPUIPlugin
2025-05-30 17:12:48,857 [INFO] IPUIPlugin:80 - create IPUIPlugin
2025-05-30 17:12:48,858 [INFO] IPUIPlugin:80 - create IPUIPlugin
2025-05-30 17:12:48,858 [INFO] IPUIPlugin:80 - create IPUIPlugin
2025-05-30 17:12:48,858 [INFO] IPUIPlugin:80 - create IPUIPlugin
2025-05-30 17:12:48,858 [INFO] IPUIPlugin:80 - create IPUIPlugin
2025-05-30 17:12:48,859 [INFO] IPUIPlugin:80 - create IPUIPlugin
2025-05-30 17:12:48,859 [INFO] IPUIPlugin:80 - create IPUIPlugin
2025-05-30 17:12:48,861 [INFO] IPUIPlugin:80 - create IPUIPlugin
2025-05-30 17:12:48,861 [INFO] IPUIPlugin:80 - create IPUIPlugin
2025-05-30 17:12:48,861 [INFO] IPUIPlugin:80 - create IPUIPlugin
2025-05-30 17:12:48,862 [INFO] IPUIPlugin:80 - create IPUIPlugin
2025-05-30 17:12:48,862 [INFO] IPUIPlugin:80 - create IPUIPlugin
2025-05-30 17:12:48,862 [INFO] IPUIPlugin:80 - create IPUIPlugin
2025-05-30 17:12:48,862 [INFO] IPUIPlugin:80 - create IPUIPlugin
2025-05-30 17:12:48,862 [INFO] IPUIPlugin:80 - create IPUIPlugin
2025-05-30 17:12:48,862 [INFO] IPUIPlugin:80 - create IPUIPlugin
2025-05-30 17:12:48,869 [INFO] IPUIPlugin:80 - create IPUIPlugin
2025-05-30 17:12:48,869 [INFO] IPUIPlugin:80 - create IPUIPlugin
2025-05-30 17:12:48,870 [INFO] IPUIPlugin:80 - create IPUIPlugin
2025-05-30 17:12:48,870 [INFO] IPUIPlugin:80 - create IPUIPlugin
2025-05-30 17:12:48,870 [INFO] IPUIPlugin:80 - create IPUIPlugin
2025-05-30 17:12:48,870 [INFO] IPUIPlugin:80 - create IPUIPlugin
2025-05-30 17:12:48,870 [INFO] IPUIPlugin:80 - create IPUIPlugin
2025-05-30 17:12:48,871 [INFO] IPUIPlugin:80 - create IPUIPlugin
2025-05-30 17:12:48,871 [INFO] IPUIPlugin:80 - create IPUIPlugin
2025-05-30 17:12:49,318 [INFO] CADModel:165 - CPN selected for project levelSTM32F103C8T6
2025-05-30 17:12:49,320 [INFO] CADModel:114 - Register for checkConnection events
2025-05-30 17:12:49,379 [INFO] OpenFileManager:343 - Restore cursor
2025-05-30 17:13:23,435 [INFO] Gpio:277 - dependency for GPIO [RCC, SYS, USART1]
2025-05-30 17:13:47,042 [INFO] Pin:2311 - value.trim() ㅇ
2025-05-30 17:13:47,047 [INFO] Pin:2312 - Pin value PB5
2025-05-30 17:14:12,860 [INFO] UtilMem:75 - End SaveConfig() Used Memory: 954818136 Bytes (1073741824)
2025-05-30 17:14:14,704 [INFO] UtilMem:75 - End SaveConfig() Used Memory: 657263776 Bytes (1073741824)
2025-05-30 17:14:21,103 [INFO] UtilMem:75 - End SaveConfig() Used Memory: 771034208 Bytes (1073741824)
2025-05-30 17:14:21,870 [INFO] BlockDiagram:2759 - set Specific Code input for plugin: NVIC
2025-05-30 17:14:21,871 [INFO] BlockDiagram:2759 - set Specific Code input for plugin: USART
2025-05-30 17:14:21,871 [INFO] BlockDiagram:2759 - set Specific Code input for plugin: TIM1_8F1
2025-05-30 17:14:21,871 [INFO] BlockDiagram:2759 - set Specific Code input for plugin: SYS
2025-05-30 17:14:21,873 [INFO] BlockDiagram:2759 - set Specific Code input for plugin: GPIO
2025-05-30 17:14:21,873 [INFO] BlockDiagram:2759 - set Specific Code input for plugin: RCC
2025-05-30 17:14:21,875 [INFO] CodeGenerator:807 - code generatio: config db path: /Applications/STM32CubeIDE.app/Contents/Eclipse/plugins/com.st.stm32cube.common.mx_6.11.1.202404110753//db/
2025-05-30 17:14:22,362 [INFO] CodeEngine:255 - oldGeneratedFile, /Users/seungjunyoon/STM32CubeIDE/workspace_1.15.1/first/first/MXTmpFiles/license.tmp_save
2025-05-30 17:14:23,093 [INFO] CodeEngine:279 - Generated code: /Users/seungjunyoon/STM32CubeIDE/workspace_1.15.1/first/first/MXTmpFiles/license.tmp
2025-05-30 17:14:23,279 [INFO] CodeEngine:255 - oldGeneratedFile, /Users/seungjunyoon/STM32CubeIDE/workspace_1.15.1/first/first/MXTmpFiles/gpio.tmp_save
2025-05-30 17:14:23,650 [INFO] CodeEngine:279 - Generated code: /Users/seungjunyoon/STM32CubeIDE/workspace_1.15.1/first/first/MXTmpFiles/gpio.tmp
2025-05-30 17:14:24,115 [INFO] CodeEngine:255 - oldGeneratedFile, /Users/seungjunyoon/STM32CubeIDE/workspace_1.15.1/first/first/Core/Src/stm32f1xx_it.c_save
2025-05-30 17:14:24,437 [INFO] CodeEngine:279 - Generated code: /Users/seungjunyoon/STM32CubeIDE/workspace_1.15.1/first/first/Core/Src/stm32f1xx_it.c
2025-05-30 17:14:24,440 [INFO] CodeEngine:255 - oldGeneratedFile, /Users/seungjunyoon/STM32CubeIDE/workspace_1.15.1/first/first/Core/Inc/stm32f1xx_it.h_save
2025-05-30 17:14:24,525 [INFO] CodeEngine:279 - Generated code: /Users/seungjunyoon/STM32CubeIDE/workspace_1.15.1/first/first/Core/Inc/stm32f1xx_it.h
2025-05-30 17:14:24,534 [INFO] CodeEngine:255 - oldGeneratedFile, /Users/seungjunyoon/STM32CubeIDE/workspace_1.15.1/first/first/Core/Src/stm32f1xx_hal_msp.c_save
2025-05-30 17:14:24,747 [INFO] CodeEngine:279 - Generated code: /Users/seungjunyoon/STM32CubeIDE/workspace_1.15.1/first/first/Core/Src/stm32f1xx_hal_msp.c
2025-05-30 17:14:24,755 [INFO] CodeEngine:255 - oldGeneratedFile, /Users/seungjunyoon/STM32CubeIDE/workspace_1.15.1/first/first/MXTmpFiles/system.tmp_save
2025-05-30 17:14:24,878 [INFO] CodeEngine:279 - Generated code: /Users/seungjunyoon/STM32CubeIDE/workspace_1.15.1/first/first/MXTmpFiles/system.tmp
2025-05-30 17:14:24,904 [INFO] CodeEngine:311 - oldGeneratedFile, /Users/seungjunyoon/STM32CubeIDE/workspace_1.15.1/first/first/Core/Inc/stm32f1xx_hal_conf.h_save
2025-05-30 17:14:25,024 [INFO] CodeEngine:335 - Generated code: /Users/seungjunyoon/STM32CubeIDE/workspace_1.15.1/first/first/Core/Inc/stm32f1xx_hal_conf.h
2025-05-30 17:14:25,123 [WARN] IPConfigManager:3513 - IP not found : TIM
2025-05-30 17:14:25,125 [WARN] CodeGenerator:3951 - IP not found : null
2025-05-30 17:14:25,129 [INFO] CodeEngine:255 - oldGeneratedFile, /Users/seungjunyoon/STM32CubeIDE/workspace_1.15.1/first/first/Core/Inc/main.h_save
2025-05-30 17:14:25,302 [INFO] CodeEngine:279 - Generated code: /Users/seungjunyoon/STM32CubeIDE/workspace_1.15.1/first/first/Core/Inc/main.h
2025-05-30 17:14:25,305 [INFO] CodeEngine:255 - oldGeneratedFile, /Users/seungjunyoon/STM32CubeIDE/workspace_1.15.1/first/first/Core/Src/main.c_save
2025-05-30 17:14:25,577 [INFO] CodeEngine:279 - Generated code: /Users/seungjunyoon/STM32CubeIDE/workspace_1.15.1/first/first/Core/Src/main.c
2025-05-30 17:14:25,967 [INFO] ProjectBuilder:3163 - Time for Copy HAL[1] : 73mS.
2025-05-30 17:14:25,980 [INFO] ProjectBuilder:4736 - Project Generator version: 4.3.0-B58
2025-05-30 17:14:26,161 [INFO] ConfigFileManager:1503 - The Die is : DIE410
2025-05-30 17:14:26,180 [INFO] ApiDbMcu:508 - Load IP Config File for FATFS
2025-05-30 17:14:26,189 [INFO] ApiDbMcu:508 - Load IP Config File for FREERTOS
2025-05-30 17:14:26,197 [INFO] ApiDbMcu:508 - Load IP Config File for USB_DEVICE
2025-05-30 17:14:26,904 [INFO] LogOutputStream:77 - [STDOUT_REDIRECT] 
2025-05-30 17:14:30,364 [INFO] ProjectBuilder:5002 - Time for Generating toolchain IDE Files: 4371mS.
2025-05-30 17:14:30,373 [INFO] ProjectBuilder:3034 - Time for Copy CMSIS : 4mS.
2025-05-30 17:14:30,377 [INFO] ProjectBuilder:3034 - Time for Copy CMSIS : 0mS.
2025-05-30 17:27:52,847 [ERROR] LogOutputStream:75 - [STDERR_REDIRECT] 
